2025-11-09 14:12:41 [restartedMain] INFO  c.W.CoolSpidersApplication - Starting CoolSpidersApplication using Java 24.0.1 with PID 95334 (/Users/kuba/Library/Mobile Documents/com~apple~CloudDocs/Documents/Dokumenty – MacBook Air (Kuba)/repo/WMS-spider-wholesale-system/target/classes started by kuba in /Users/kuba/Library/Mobile Documents/com~apple~CloudDocs/Documents/Dokumenty – MacBook Air (Kuba)/repo/WMS-spider-wholesale-system)
2025-11-09 14:12:41 [restartedMain] INFO  c.W.CoolSpidersApplication - No active profile set, falling back to 1 default profile: "default"
2025-11-09 14:12:41 [restartedMain] INFO  o.s.b.d.e.DevToolsPropertyDefaultsPostProcessor - Devtools property defaults active! Set 'spring.devtools.add-properties' to 'false' to disable
2025-11-09 14:12:41 [restartedMain] INFO  o.s.b.d.e.DevToolsPropertyDefaultsPostProcessor - For additional web related logging consider setting the 'logging.level.web' property to 'DEBUG'
2025-11-09 14:12:42 [restartedMain] INFO  o.s.d.r.c.RepositoryConfigurationDelegate - Bootstrapping Spring Data JPA repositories in DEFAULT mode.
2025-11-09 14:12:42 [restartedMain] INFO  o.s.d.r.c.RepositoryConfigurationDelegate - Finished Spring Data repository scanning in 23 ms. Found 3 JPA repository interfaces.
2025-11-09 14:12:42 [restartedMain] INFO  o.s.b.w.e.tomcat.TomcatWebServer - Tomcat initialized with port 8080 (http)
2025-11-09 14:12:42 [restartedMain] INFO  o.a.coyote.http11.Http11NioProtocol - Initializing ProtocolHandler ["http-nio-8080"]
2025-11-09 14:12:42 [restartedMain] INFO  o.a.catalina.core.StandardService - Starting service [Tomcat]
2025-11-09 14:12:42 [restartedMain] INFO  o.a.catalina.core.StandardEngine - Starting Servlet engine: [Apache Tomcat/10.1.43]
2025-11-09 14:12:42 [restartedMain] INFO  o.a.c.c.C.[Tomcat].[localhost].[/] - Initializing Spring embedded WebApplicationContext
2025-11-09 14:12:42 [restartedMain] INFO  o.s.b.w.s.c.ServletWebServerApplicationContext - Root WebApplicationContext: initialization completed in 1023 ms
2025-11-09 14:12:43 [restartedMain] INFO  o.s.o.j.p.SpringPersistenceUnitInfo - No LoadTimeWeaver setup: ignoring JPA class transformer
2025-11-09 14:12:43 [restartedMain] INFO  com.zaxxer.hikari.HikariDataSource - HikariPool-1 - Starting...
2025-11-09 14:12:43 [restartedMain] INFO  com.zaxxer.hikari.pool.HikariPool - HikariPool-1 - Added connection com.mysql.cj.jdbc.ConnectionImpl@6a0f1736
2025-11-09 14:12:43 [restartedMain] INFO  com.zaxxer.hikari.HikariDataSource - HikariPool-1 - Start completed.
2025-11-09 14:12:44 [restartedMain] INFO  o.s.o.j.LocalContainerEntityManagerFactoryBean - Initialized JPA EntityManagerFactory for persistence unit 'default'
2025-11-09 14:12:44 [restartedMain] INFO  o.s.d.j.r.query.QueryEnhancerFactory - Hibernate is in classpath; If applicable, HQL parser will be used.
2025-11-09 14:12:45 [restartedMain] WARN  o.s.b.a.o.j.JpaBaseConfiguration$JpaWebConfiguration - spring.jpa.open-in-view is enabled by default. Therefore, database queries may be performed during view rendering. Explicitly configure spring.jpa.open-in-view to disable this warning
2025-11-09 14:12:45 [restartedMain] INFO  o.s.b.a.w.s.WelcomePageHandlerMapping - Adding welcome page: class path resource [static/index.html]
2025-11-09 14:12:45 [restartedMain] DEBUG o.s.w.s.m.m.a.RequestMappingHandlerMapping - 18 mappings in 'requestMappingHandlerMapping'
2025-11-09 14:12:45 [restartedMain] DEBUG o.s.w.s.h.SimpleUrlHandlerMapping - Patterns [/webjars/**, /**] in 'resourceHandlerMapping'
2025-11-09 14:12:45 [restartedMain] DEBUG o.s.w.s.m.m.a.RequestMappingHandlerAdapter - ControllerAdvice beans: 0 @ModelAttribute, 0 @InitBinder, 1 RequestBodyAdvice, 1 ResponseBodyAdvice
2025-11-09 14:12:45 [restartedMain] WARN  o.s.b.a.t.ThymeleafAutoConfiguration$DefaultTemplateResolverConfiguration - Cannot find template location: classpath:/templates/ (please add some templates, check your Thymeleaf configuration, or set spring.thymeleaf.check-template-location=false)
2025-11-09 14:12:45 [restartedMain] DEBUG o.s.w.s.m.m.a.ExceptionHandlerExceptionResolver - ControllerAdvice beans: 1 @ExceptionHandler, 1 ResponseBodyAdvice
2025-11-09 14:12:45 [restartedMain] INFO  o.s.b.d.a.OptionalLiveReloadServer - LiveReload server is running on port 35729
2025-11-09 14:12:45 [restartedMain] INFO  o.a.coyote.http11.Http11NioProtocol - Starting ProtocolHandler ["http-nio-8080"]
2025-11-09 14:12:45 [restartedMain] INFO  o.s.b.w.e.tomcat.TomcatWebServer - Tomcat started on port 8080 (http) with context path '/'
2025-11-09 14:12:45 [restartedMain] INFO  c.W.CoolSpidersApplication - Started CoolSpidersApplication in 3.802 seconds (process running for 5.82)
2025-11-09 14:12:48 [File Watcher] INFO  o.s.b.d.a.LocalDevToolsAutoConfiguration$RestartingClassPathChangeChangedEventListener - Restarting due to 38 class path changes (0 additions, 38 deletions, 0 modifications)
2025-11-09 14:12:48 [Thread-5] INFO  o.s.b.w.e.tomcat.GracefulShutdown - Commencing graceful shutdown. Waiting for active requests to complete
2025-11-09 14:12:48 [tomcat-shutdown] INFO  o.a.coyote.http11.Http11NioProtocol - Pausing ProtocolHandler ["http-nio-8080"]
2025-11-09 14:12:48 [tomcat-shutdown] INFO  o.s.b.w.e.tomcat.GracefulShutdown - Graceful shutdown complete
2025-11-09 14:12:48 [Thread-5] INFO  o.a.coyote.http11.Http11NioProtocol - Stopping ProtocolHandler ["http-nio-8080"]
2025-11-09 14:12:48 [Thread-5] INFO  o.s.o.j.LocalContainerEntityManagerFactoryBean - Closing JPA EntityManagerFactory for persistence unit 'default'
2025-11-09 14:12:48 [Thread-5] INFO  com.zaxxer.hikari.HikariDataSource - HikariPool-1 - Shutdown initiated...
2025-11-09 14:12:48 [Thread-5] INFO  com.zaxxer.hikari.HikariDataSource - HikariPool-1 - Shutdown completed.
2025-11-09 14:12:52 [restartedMain] INFO  c.W.CoolSpidersApplication - Starting CoolSpidersApplication using Java 24.0.1 with PID 95334 (/Users/kuba/Library/Mobile Documents/com~apple~CloudDocs/Documents/Dokumenty – MacBook Air (Kuba)/repo/WMS-spider-wholesale-system/target/classes started by kuba in /Users/kuba/Library/Mobile Documents/com~apple~CloudDocs/Documents/Dokumenty – MacBook Air (Kuba)/repo/WMS-spider-wholesale-system)
2025-11-09 14:12:52 [restartedMain] INFO  c.W.CoolSpidersApplication - No active profile set, falling back to 1 default profile: "default"
2025-11-09 14:12:52 [restartedMain] INFO  o.s.d.r.c.RepositoryConfigurationDelegate - Bootstrapping Spring Data JPA repositories in DEFAULT mode.
2025-11-09 14:12:52 [restartedMain] INFO  o.s.d.r.c.RepositoryConfigurationDelegate - Finished Spring Data repository scanning in 10 ms. Found 3 JPA repository interfaces.
2025-11-09 14:12:52 [restartedMain] INFO  o.s.b.w.e.tomcat.TomcatWebServer - Tomcat initialized with port 8080 (http)
2025-11-09 14:12:52 [restartedMain] INFO  o.a.catalina.core.StandardService - Starting service [Tomcat]
2025-11-09 14:12:52 [restartedMain] INFO  o.a.catalina.core.StandardEngine - Starting Servlet engine: [Apache Tomcat/10.1.43]
2025-11-09 14:12:52 [restartedMain] INFO  o.a.c.c.C.[Tomcat-1].[localhost].[/] - Initializing Spring embedded WebApplicationContext
2025-11-09 14:12:52 [restartedMain] INFO  o.s.b.w.s.c.ServletWebServerApplicationContext - Root WebApplicationContext: initialization completed in 222 ms
2025-11-09 14:12:52 [restartedMain] INFO  o.s.o.j.p.SpringPersistenceUnitInfo - No LoadTimeWeaver setup: ignoring JPA class transformer
2025-11-09 14:12:52 [restartedMain] INFO  com.zaxxer.hikari.HikariDataSource - HikariPool-2 - Starting...
2025-11-09 14:12:52 [restartedMain] INFO  com.zaxxer.hikari.pool.HikariPool - HikariPool-2 - Added connection com.mysql.cj.jdbc.ConnectionImpl@158cc551
2025-11-09 14:12:52 [restartedMain] INFO  com.zaxxer.hikari.HikariDataSource - HikariPool-2 - Start completed.
2025-11-09 14:12:52 [restartedMain] INFO  o.s.o.j.LocalContainerEntityManagerFactoryBean - Initialized JPA EntityManagerFactory for persistence unit 'default'
2025-11-09 14:12:52 [restartedMain] WARN  o.s.b.a.o.j.JpaBaseConfiguration$JpaWebConfiguration - spring.jpa.open-in-view is enabled by default. Therefore, database queries may be performed during view rendering. Explicitly configure spring.jpa.open-in-view to disable this warning
2025-11-09 14:12:52 [restartedMain] INFO  o.s.b.a.w.s.WelcomePageHandlerMapping - Adding welcome page: class path resource [static/index.html]
2025-11-09 14:12:52 [restartedMain] DEBUG o.s.w.s.m.m.a.RequestMappingHandlerMapping - 18 mappings in 'requestMappingHandlerMapping'
2025-11-09 14:12:52 [restartedMain] DEBUG o.s.w.s.h.SimpleUrlHandlerMapping - Patterns [/webjars/**, /**] in 'resourceHandlerMapping'
2025-11-09 14:12:52 [restartedMain] DEBUG o.s.w.s.m.m.a.RequestMappingHandlerAdapter - ControllerAdvice beans: 0 @ModelAttribute, 0 @InitBinder, 1 RequestBodyAdvice, 1 ResponseBodyAdvice
2025-11-09 14:12:52 [restartedMain] WARN  o.s.b.a.t.ThymeleafAutoConfiguration$DefaultTemplateResolverConfiguration - Cannot find template location: classpath:/templates/ (please add some templates, check your Thymeleaf configuration, or set spring.thymeleaf.check-template-location=false)
2025-11-09 14:12:52 [restartedMain] DEBUG o.s.w.s.m.m.a.ExceptionHandlerExceptionResolver - ControllerAdvice beans: 1 @ExceptionHandler, 1 ResponseBodyAdvice
2025-11-09 14:12:52 [restartedMain] INFO  o.s.b.d.a.OptionalLiveReloadServer - LiveReload server is running on port 35729
2025-11-09 14:12:52 [restartedMain] INFO  o.s.b.w.e.tomcat.TomcatWebServer - Tomcat started on port 8080 (http) with context path '/'
2025-11-09 14:12:52 [restartedMain] INFO  c.W.CoolSpidersApplication - Started CoolSpidersApplication in 0.832 seconds (process running for 13.26)
2025-11-09 14:12:52 [restartedMain] INFO  o.s.b.d.a.ConditionEvaluationDeltaLoggingListener - Condition evaluation unchanged
2025-11-09 14:12:53 [http-nio-8080-exec-1] INFO  o.a.c.c.C.[Tomcat-1].[localhost].[/] - Initializing Spring DispatcherServlet 'dispatcherServlet'
2025-11-09 14:12:53 [http-nio-8080-exec-1] INFO  o.s.web.servlet.DispatcherServlet - Initializing Servlet 'dispatcherServlet'
2025-11-09 14:12:53 [http-nio-8080-exec-1] DEBUG o.s.web.servlet.DispatcherServlet - Detected StandardServletMultipartResolver
2025-11-09 14:12:53 [http-nio-8080-exec-1] DEBUG o.s.web.servlet.DispatcherServlet - Detected AcceptHeaderLocaleResolver
2025-11-09 14:12:53 [http-nio-8080-exec-1] DEBUG o.s.web.servlet.DispatcherServlet - Detected FixedThemeResolver
2025-11-09 14:12:53 [http-nio-8080-exec-1] DEBUG o.s.web.servlet.DispatcherServlet - Detected org.springframework.web.servlet.view.DefaultRequestToViewNameTranslator@3c661fbe
2025-11-09 14:12:53 [http-nio-8080-exec-1] DEBUG o.s.web.servlet.DispatcherServlet - Detected org.springframework.web.servlet.support.SessionFlashMapManager@3c5f6e30
2025-11-09 14:12:53 [http-nio-8080-exec-1] DEBUG o.s.web.servlet.DispatcherServlet - enableLoggingRequestDetails='false': request parameters and headers will be masked to prevent unsafe logging of potentially sensitive data
2025-11-09 14:12:53 [http-nio-8080-exec-1] INFO  o.s.web.servlet.DispatcherServlet - Completed initialization in 4 ms
2025-11-09 14:12:53 [http-nio-8080-exec-1] DEBUG o.s.web.servlet.DispatcherServlet - GET "/index.html", parameters={}
2025-11-09 14:12:53 [http-nio-8080-exec-1] DEBUG o.s.w.s.h.SimpleUrlHandlerMapping - Mapped to ResourceHttpRequestHandler [classpath [META-INF/resources/], classpath [resources/], classpath [static/], classpath [public/], ServletContext [/]]
2025-11-09 14:12:53 [http-nio-8080-exec-1] DEBUG o.s.web.servlet.DispatcherServlet - Completed 200 OK
2025-11-09 14:12:54 [http-nio-8080-exec-3] DEBUG o.s.web.servlet.DispatcherServlet - GET "/favicon.ico", parameters={}
2025-11-09 14:12:54 [http-nio-8080-exec-2] DEBUG o.s.web.servlet.DispatcherServlet - GET "/api/customers?page=0&size=10&sortBy=lastName", parameters={masked}
2025-11-09 14:12:54 [http-nio-8080-exec-3] DEBUG o.s.w.s.h.SimpleUrlHandlerMapping - Mapped to ResourceHttpRequestHandler [classpath [META-INF/resources/], classpath [resources/], classpath [static/], classpath [public/], ServletContext [/]]
2025-11-09 14:12:54 [http-nio-8080-exec-2] DEBUG o.s.w.s.m.m.a.RequestMappingHandlerMapping - Mapped to com.WMS_spiders_wholesale_system.controller.CustomerController#getAllCustomers(int, int, String)
2025-11-09 14:12:54 [http-nio-8080-exec-3] DEBUG o.s.w.s.r.ResourceHttpRequestHandler - Resource not found
2025-11-09 14:12:54 [http-nio-8080-exec-3] DEBUG o.s.w.s.m.s.DefaultHandlerExceptionResolver - Resolved [org.springframework.web.servlet.resource.NoResourceFoundException: No static resource favicon.ico.]
2025-11-09 14:12:54 [http-nio-8080-exec-3] DEBUG o.s.web.servlet.DispatcherServlet - Completed 404 NOT_FOUND
2025-11-09 14:12:54 [http-nio-8080-exec-3] DEBUG o.s.web.servlet.DispatcherServlet - "ERROR" dispatch for GET "/error", parameters={}
2025-11-09 14:12:54 [http-nio-8080-exec-3] DEBUG o.s.w.s.m.m.a.RequestMappingHandlerMapping - Mapped to org.springframework.boot.autoconfigure.web.servlet.error.BasicErrorController#error(HttpServletRequest)
2025-11-09 14:12:54 [http-nio-8080-exec-3] DEBUG o.s.w.s.m.m.a.HttpEntityMethodProcessor - Using 'application/json;q=0.8', given [image/avif, image/webp, image/apng, image/svg+xml, image/*, */*;q=0.8] and supported [application/json, application/*+json]
2025-11-09 14:12:54 [http-nio-8080-exec-3] DEBUG o.s.w.s.m.m.a.HttpEntityMethodProcessor - Writing [{timestamp=Sun Nov 09 14:12:54 CET 2025, status=404, error=Not Found, trace=org.springframework.web. (truncated)...]
2025-11-09 14:12:54 [http-nio-8080-exec-3] DEBUG o.s.web.servlet.DispatcherServlet - Exiting from "ERROR" dispatch, status 404
2025-11-09 14:12:54 [http-nio-8080-exec-2] DEBUG org.hibernate.SQL - select c1_0.id,c1_0.address,c1_0.email,c1_0.first_name,c1_0.last_name,c1_0.parcel_locker,c1_0.telephone from customers c1_0 order by c1_0.last_name limit ?,?
2025-11-09 14:12:54 [http-nio-8080-exec-2] TRACE org.hibernate.orm.jdbc.bind - binding parameter (1:INTEGER) <- [0]
2025-11-09 14:12:54 [http-nio-8080-exec-2] TRACE org.hibernate.orm.jdbc.bind - binding parameter (2:INTEGER) <- [10]
2025-11-09 14:12:54 [http-nio-8080-exec-2] WARN  o.s.d.w.c.SpringDataJacksonConfiguration$PageModule$WarningLoggingModifier - Serializing PageImpl instances as-is is not supported, meaning that there is no guarantee about the stability of the resulting JSON structure!
	For a stable JSON structure, please use Spring Data's PagedModel (globally via @EnableSpringDataWebSupport(pageSerializationMode = VIA_DTO))
	or Spring HATEOAS and Spring Data's PagedResourcesAssembler as documented in https://docs.spring.io/spring-data/commons/reference/repositories/core-extensions.html#core.web.pageables.

2025-11-09 14:12:54 [http-nio-8080-exec-2] DEBUG o.s.w.s.m.m.a.HttpEntityMethodProcessor - Using 'application/json', given [*/*] and supported [application/json, application/*+json]
2025-11-09 14:12:54 [http-nio-8080-exec-2] DEBUG o.s.w.s.m.m.a.HttpEntityMethodProcessor - Writing [Page 1 of 1 containing com.WMS_spiders_wholesale_system.dto.CustomerDTO instances]
2025-11-09 14:12:54 [http-nio-8080-exec-2] DEBUG o.s.web.servlet.DispatcherServlet - Completed 200 OK
2025-11-09 14:12:58 [http-nio-8080-exec-4] DEBUG o.s.web.servlet.DispatcherServlet - GET "/api/spiders?size=1000&sortBy=typeName", parameters={masked}
2025-11-09 14:12:58 [http-nio-8080-exec-4] DEBUG o.s.w.s.m.m.a.RequestMappingHandlerMapping - Mapped to com.WMS_spiders_wholesale_system.controller.SpiderController#getAllSpiders(int, int, String)
2025-11-09 14:12:58 [http-nio-8080-exec-4] DEBUG org.hibernate.SQL - select s1_0.id,s1_0.gender,s1_0.is_cites,s1_0.order_id,s1_0.price,s1_0.quantity,s1_0.size,s1_0.species_name,s1_0.type_name from spiders s1_0 order by s1_0.type_name limit ?,?
2025-11-09 14:12:58 [http-nio-8080-exec-4] TRACE org.hibernate.orm.jdbc.bind - binding parameter (1:INTEGER) <- [0]
2025-11-09 14:12:58 [http-nio-8080-exec-4] TRACE org.hibernate.orm.jdbc.bind - binding parameter (2:INTEGER) <- [1000]
2025-11-09 14:12:58 [http-nio-8080-exec-4] DEBUG o.s.w.s.m.m.a.HttpEntityMethodProcessor - Using 'application/json', given [*/*] and supported [application/json, application/*+json]
2025-11-09 14:12:58 [http-nio-8080-exec-4] DEBUG o.s.w.s.m.m.a.HttpEntityMethodProcessor - Writing [Page 1 of 1 containing com.WMS_spiders_wholesale_system.dto.SpiderDTO instances]
2025-11-09 14:12:58 [http-nio-8080-exec-4] DEBUG o.s.web.servlet.DispatcherServlet - Completed 200 OK
2025-11-09 14:13:27 [http-nio-8080-exec-7] DEBUG o.s.web.servlet.DispatcherServlet - POST "/api/spiders", parameters={}
2025-11-09 14:13:27 [http-nio-8080-exec-7] DEBUG o.s.w.s.m.m.a.RequestMappingHandlerMapping - Mapped to com.WMS_spiders_wholesale_system.controller.SpiderController#addSpider(SpiderDTO)
2025-11-09 14:13:27 [http-nio-8080-exec-7] DEBUG o.s.web.method.HandlerMethod - Could not resolve parameter [0] in public org.springframework.http.ResponseEntity<com.WMS_spiders_wholesale_system.dto.SpiderDTO> com.WMS_spiders_wholesale_system.controller.SpiderController.addSpider(com.WMS_spiders_wholesale_system.dto.SpiderDTO): JSON parse error: Cannot deserialize value of type `com.WMS_spiders_wholesale_system.entity.SpiderGender` from String "FEMALE": not one of the values accepted for Enum class: [SAMICA, NS, SAMIEC]
2025-11-09 14:13:27 [http-nio-8080-exec-7] WARN  o.s.w.s.m.s.DefaultHandlerExceptionResolver - Resolved [org.springframework.http.converter.HttpMessageNotReadableException: JSON parse error: Cannot deserialize value of type `com.WMS_spiders_wholesale_system.entity.SpiderGender` from String "FEMALE": not one of the values accepted for Enum class: [SAMICA, NS, SAMIEC]]
2025-11-09 14:13:27 [http-nio-8080-exec-7] DEBUG o.s.web.servlet.DispatcherServlet - Completed 400 BAD_REQUEST
2025-11-09 14:13:27 [http-nio-8080-exec-7] DEBUG o.s.web.servlet.DispatcherServlet - "ERROR" dispatch for POST "/error", parameters={}
2025-11-09 14:13:27 [http-nio-8080-exec-7] DEBUG o.s.w.s.m.m.a.RequestMappingHandlerMapping - Mapped to org.springframework.boot.autoconfigure.web.servlet.error.BasicErrorController#error(HttpServletRequest)
2025-11-09 14:13:27 [http-nio-8080-exec-7] DEBUG o.s.w.s.m.m.a.HttpEntityMethodProcessor - Using 'application/json', given [*/*] and supported [application/json, application/*+json]
2025-11-09 14:13:27 [http-nio-8080-exec-7] DEBUG o.s.w.s.m.m.a.HttpEntityMethodProcessor - Writing [{timestamp=Sun Nov 09 14:13:27 CET 2025, status=400, error=Bad Request, trace=org.springframework.ht (truncated)...]
2025-11-09 14:13:27 [http-nio-8080-exec-7] DEBUG o.s.web.servlet.DispatcherServlet - Exiting from "ERROR" dispatch, status 400
2025-11-09 14:13:34 [http-nio-8080-exec-8] DEBUG o.s.web.servlet.DispatcherServlet - POST "/api/spiders", parameters={}
2025-11-09 14:13:34 [http-nio-8080-exec-8] DEBUG o.s.w.s.m.m.a.RequestMappingHandlerMapping - Mapped to com.WMS_spiders_wholesale_system.controller.SpiderController#addSpider(SpiderDTO)
2025-11-09 14:13:34 [http-nio-8080-exec-8] DEBUG o.s.web.method.HandlerMethod - Could not resolve parameter [0] in public org.springframework.http.ResponseEntity<com.WMS_spiders_wholesale_system.dto.SpiderDTO> com.WMS_spiders_wholesale_system.controller.SpiderController.addSpider(com.WMS_spiders_wholesale_system.dto.SpiderDTO): JSON parse error: Cannot deserialize value of type `com.WMS_spiders_wholesale_system.entity.SpiderGender` from String "FEMALE": not one of the values accepted for Enum class: [SAMICA, NS, SAMIEC]
2025-11-09 14:13:34 [http-nio-8080-exec-8] WARN  o.s.w.s.m.s.DefaultHandlerExceptionResolver - Resolved [org.springframework.http.converter.HttpMessageNotReadableException: JSON parse error: Cannot deserialize value of type `com.WMS_spiders_wholesale_system.entity.SpiderGender` from String "FEMALE": not one of the values accepted for Enum class: [SAMICA, NS, SAMIEC]]
2025-11-09 14:13:34 [http-nio-8080-exec-8] DEBUG o.s.web.servlet.DispatcherServlet - Completed 400 BAD_REQUEST
2025-11-09 14:13:34 [http-nio-8080-exec-8] DEBUG o.s.web.servlet.DispatcherServlet - "ERROR" dispatch for POST "/error", parameters={}
2025-11-09 14:13:34 [http-nio-8080-exec-8] DEBUG o.s.w.s.m.m.a.RequestMappingHandlerMapping - Mapped to org.springframework.boot.autoconfigure.web.servlet.error.BasicErrorController#error(HttpServletRequest)
2025-11-09 14:13:34 [http-nio-8080-exec-8] DEBUG o.s.w.s.m.m.a.HttpEntityMethodProcessor - Using 'application/json', given [*/*] and supported [application/json, application/*+json]
2025-11-09 14:13:34 [http-nio-8080-exec-8] DEBUG o.s.w.s.m.m.a.HttpEntityMethodProcessor - Writing [{timestamp=Sun Nov 09 14:13:34 CET 2025, status=400, error=Bad Request, trace=org.springframework.ht (truncated)...]
2025-11-09 14:13:34 [http-nio-8080-exec-8] DEBUG o.s.web.servlet.DispatcherServlet - Exiting from "ERROR" dispatch, status 400
2025-11-09 14:14:02 [SpringApplicationShutdownHook] INFO  o.s.b.w.e.tomcat.GracefulShutdown - Commencing graceful shutdown. Waiting for active requests to complete
2025-11-09 14:14:02 [tomcat-shutdown] INFO  o.s.b.w.e.tomcat.GracefulShutdown - Graceful shutdown complete
2025-11-09 14:14:02 [SpringApplicationShutdownHook] INFO  o.s.o.j.LocalContainerEntityManagerFactoryBean - Closing JPA EntityManagerFactory for persistence unit 'default'
2025-11-09 14:14:02 [SpringApplicationShutdownHook] INFO  com.zaxxer.hikari.HikariDataSource - HikariPool-2 - Shutdown initiated...
2025-11-09 14:14:02 [SpringApplicationShutdownHook] INFO  com.zaxxer.hikari.HikariDataSource - HikariPool-2 - Shutdown completed.
2025-11-09 14:14:06 [restartedMain] INFO  c.W.CoolSpidersApplication - Starting CoolSpidersApplication using Java 24.0.1 with PID 95417 (/Users/kuba/Library/Mobile Documents/com~apple~CloudDocs/Documents/Dokumenty – MacBook Air (Kuba)/repo/WMS-spider-wholesale-system/target/classes started by kuba in /Users/kuba/Library/Mobile Documents/com~apple~CloudDocs/Documents/Dokumenty – MacBook Air (Kuba)/repo/WMS-spider-wholesale-system)
2025-11-09 14:14:06 [restartedMain] INFO  c.W.CoolSpidersApplication - No active profile set, falling back to 1 default profile: "default"
2025-11-09 14:14:06 [restartedMain] INFO  o.s.b.d.e.DevToolsPropertyDefaultsPostProcessor - Devtools property defaults active! Set 'spring.devtools.add-properties' to 'false' to disable
2025-11-09 14:14:06 [restartedMain] INFO  o.s.b.d.e.DevToolsPropertyDefaultsPostProcessor - For additional web related logging consider setting the 'logging.level.web' property to 'DEBUG'
2025-11-09 14:14:07 [restartedMain] INFO  o.s.d.r.c.RepositoryConfigurationDelegate - Bootstrapping Spring Data JPA repositories in DEFAULT mode.
2025-11-09 14:14:07 [restartedMain] INFO  o.s.d.r.c.RepositoryConfigurationDelegate - Finished Spring Data repository scanning in 25 ms. Found 3 JPA repository interfaces.
2025-11-09 14:14:07 [restartedMain] INFO  o.s.b.w.e.tomcat.TomcatWebServer - Tomcat initialized with port 8080 (http)
2025-11-09 14:14:07 [restartedMain] INFO  o.a.coyote.http11.Http11NioProtocol - Initializing ProtocolHandler ["http-nio-8080"]
2025-11-09 14:14:07 [restartedMain] INFO  o.a.catalina.core.StandardService - Starting service [Tomcat]
2025-11-09 14:14:07 [restartedMain] INFO  o.a.catalina.core.StandardEngine - Starting Servlet engine: [Apache Tomcat/10.1.43]
2025-11-09 14:14:07 [restartedMain] INFO  o.a.c.c.C.[Tomcat].[localhost].[/] - Initializing Spring embedded WebApplicationContext
2025-11-09 14:14:07 [restartedMain] INFO  o.s.b.w.s.c.ServletWebServerApplicationContext - Root WebApplicationContext: initialization completed in 632 ms
2025-11-09 14:14:07 [restartedMain] INFO  o.s.o.j.p.SpringPersistenceUnitInfo - No LoadTimeWeaver setup: ignoring JPA class transformer
2025-11-09 14:14:07 [restartedMain] INFO  com.zaxxer.hikari.HikariDataSource - HikariPool-1 - Starting...
2025-11-09 14:14:07 [restartedMain] INFO  com.zaxxer.hikari.pool.HikariPool - HikariPool-1 - Added connection com.mysql.cj.jdbc.ConnectionImpl@55ea10d0
2025-11-09 14:14:07 [restartedMain] INFO  com.zaxxer.hikari.HikariDataSource - HikariPool-1 - Start completed.
2025-11-09 14:14:08 [restartedMain] INFO  o.s.o.j.LocalContainerEntityManagerFactoryBean - Initialized JPA EntityManagerFactory for persistence unit 'default'
2025-11-09 14:14:08 [restartedMain] INFO  o.s.d.j.r.query.QueryEnhancerFactory - Hibernate is in classpath; If applicable, HQL parser will be used.
2025-11-09 14:14:09 [restartedMain] WARN  o.s.b.a.o.j.JpaBaseConfiguration$JpaWebConfiguration - spring.jpa.open-in-view is enabled by default. Therefore, database queries may be performed during view rendering. Explicitly configure spring.jpa.open-in-view to disable this warning
2025-11-09 14:14:09 [restartedMain] INFO  o.s.b.a.w.s.WelcomePageHandlerMapping - Adding welcome page: class path resource [static/index.html]
2025-11-09 14:14:09 [restartedMain] DEBUG o.s.w.s.m.m.a.RequestMappingHandlerMapping - 18 mappings in 'requestMappingHandlerMapping'
2025-11-09 14:14:09 [restartedMain] DEBUG o.s.w.s.h.SimpleUrlHandlerMapping - Patterns [/webjars/**, /**] in 'resourceHandlerMapping'
2025-11-09 14:14:09 [restartedMain] DEBUG o.s.w.s.m.m.a.RequestMappingHandlerAdapter - ControllerAdvice beans: 0 @ModelAttribute, 0 @InitBinder, 1 RequestBodyAdvice, 1 ResponseBodyAdvice
2025-11-09 14:14:09 [restartedMain] WARN  o.s.b.a.t.ThymeleafAutoConfiguration$DefaultTemplateResolverConfiguration - Cannot find template location: classpath:/templates/ (please add some templates, check your Thymeleaf configuration, or set spring.thymeleaf.check-template-location=false)
2025-11-09 14:14:09 [restartedMain] DEBUG o.s.w.s.m.m.a.ExceptionHandlerExceptionResolver - ControllerAdvice beans: 1 @ExceptionHandler, 1 ResponseBodyAdvice
2025-11-09 14:14:09 [restartedMain] INFO  o.s.b.d.a.OptionalLiveReloadServer - LiveReload server is running on port 35729
2025-11-09 14:14:09 [restartedMain] INFO  o.a.coyote.http11.Http11NioProtocol - Starting ProtocolHandler ["http-nio-8080"]
2025-11-09 14:14:09 [restartedMain] INFO  o.s.b.w.e.tomcat.TomcatWebServer - Tomcat started on port 8080 (http) with context path '/'
2025-11-09 14:14:09 [restartedMain] INFO  c.W.CoolSpidersApplication - Started CoolSpidersApplication in 2.874 seconds (process running for 3.43)
2025-11-09 14:14:17 [http-nio-8080-exec-1] INFO  o.a.c.c.C.[Tomcat].[localhost].[/] - Initializing Spring DispatcherServlet 'dispatcherServlet'
2025-11-09 14:14:17 [http-nio-8080-exec-1] INFO  o.s.web.servlet.DispatcherServlet - Initializing Servlet 'dispatcherServlet'
2025-11-09 14:14:17 [http-nio-8080-exec-1] DEBUG o.s.web.servlet.DispatcherServlet - Detected StandardServletMultipartResolver
2025-11-09 14:14:17 [http-nio-8080-exec-1] DEBUG o.s.web.servlet.DispatcherServlet - Detected AcceptHeaderLocaleResolver
2025-11-09 14:14:17 [http-nio-8080-exec-1] DEBUG o.s.web.servlet.DispatcherServlet - Detected FixedThemeResolver
2025-11-09 14:14:17 [http-nio-8080-exec-1] DEBUG o.s.web.servlet.DispatcherServlet - Detected org.springframework.web.servlet.view.DefaultRequestToViewNameTranslator@20316688
2025-11-09 14:14:17 [http-nio-8080-exec-1] DEBUG o.s.web.servlet.DispatcherServlet - Detected org.springframework.web.servlet.support.SessionFlashMapManager@79744e66
2025-11-09 14:14:17 [http-nio-8080-exec-1] DEBUG o.s.web.servlet.DispatcherServlet - enableLoggingRequestDetails='false': request parameters and headers will be masked to prevent unsafe logging of potentially sensitive data
2025-11-09 14:14:17 [http-nio-8080-exec-1] INFO  o.s.web.servlet.DispatcherServlet - Completed initialization in 4 ms
2025-11-09 14:14:17 [http-nio-8080-exec-1] DEBUG o.s.web.servlet.DispatcherServlet - GET "/index.html", parameters={}
2025-11-09 14:14:17 [http-nio-8080-exec-1] DEBUG o.s.w.s.h.SimpleUrlHandlerMapping - Mapped to ResourceHttpRequestHandler [classpath [META-INF/resources/], classpath [resources/], classpath [static/], classpath [public/], ServletContext [/]]
2025-11-09 14:14:17 [http-nio-8080-exec-1] DEBUG o.s.web.servlet.DispatcherServlet - Completed 200 OK
2025-11-09 14:14:17 [http-nio-8080-exec-2] DEBUG o.s.web.servlet.DispatcherServlet - GET "/api/customers?page=0&size=10&sortBy=lastName", parameters={masked}
2025-11-09 14:14:17 [http-nio-8080-exec-2] DEBUG o.s.w.s.m.m.a.RequestMappingHandlerMapping - Mapped to com.WMS_spiders_wholesale_system.controller.CustomerController#getAllCustomers(int, int, String)
2025-11-09 14:14:17 [http-nio-8080-exec-2] DEBUG org.hibernate.SQL - select c1_0.id,c1_0.address,c1_0.email,c1_0.first_name,c1_0.last_name,c1_0.parcel_locker,c1_0.telephone from customers c1_0 order by c1_0.last_name limit ?,?
2025-11-09 14:14:17 [http-nio-8080-exec-2] TRACE org.hibernate.orm.jdbc.bind - binding parameter (1:INTEGER) <- [0]
2025-11-09 14:14:17 [http-nio-8080-exec-2] TRACE org.hibernate.orm.jdbc.bind - binding parameter (2:INTEGER) <- [10]
2025-11-09 14:14:17 [http-nio-8080-exec-2] WARN  o.s.d.w.c.SpringDataJacksonConfiguration$PageModule$WarningLoggingModifier - Serializing PageImpl instances as-is is not supported, meaning that there is no guarantee about the stability of the resulting JSON structure!
	For a stable JSON structure, please use Spring Data's PagedModel (globally via @EnableSpringDataWebSupport(pageSerializationMode = VIA_DTO))
	or Spring HATEOAS and Spring Data's PagedResourcesAssembler as documented in https://docs.spring.io/spring-data/commons/reference/repositories/core-extensions.html#core.web.pageables.

2025-11-09 14:14:17 [http-nio-8080-exec-2] DEBUG o.s.w.s.m.m.a.HttpEntityMethodProcessor - Using 'application/json', given [*/*] and supported [application/json, application/*+json]
2025-11-09 14:14:17 [http-nio-8080-exec-2] DEBUG o.s.w.s.m.m.a.HttpEntityMethodProcessor - Writing [Page 1 of 1 containing com.WMS_spiders_wholesale_system.dto.CustomerDTO instances]
2025-11-09 14:14:17 [http-nio-8080-exec-2] DEBUG o.s.web.servlet.DispatcherServlet - Completed 200 OK
2025-11-09 14:14:20 [http-nio-8080-exec-5] DEBUG o.s.web.servlet.DispatcherServlet - GET "/api/spiders?size=1000&sortBy=typeName", parameters={masked}
2025-11-09 14:14:20 [http-nio-8080-exec-5] DEBUG o.s.w.s.m.m.a.RequestMappingHandlerMapping - Mapped to com.WMS_spiders_wholesale_system.controller.SpiderController#getAllSpiders(int, int, String)
2025-11-09 14:14:20 [http-nio-8080-exec-5] DEBUG org.hibernate.SQL - select s1_0.id,s1_0.gender,s1_0.is_cites,s1_0.order_id,s1_0.price,s1_0.quantity,s1_0.size,s1_0.species_name,s1_0.type_name from spiders s1_0 order by s1_0.type_name limit ?,?
2025-11-09 14:14:20 [http-nio-8080-exec-5] TRACE org.hibernate.orm.jdbc.bind - binding parameter (1:INTEGER) <- [0]
2025-11-09 14:14:20 [http-nio-8080-exec-5] TRACE org.hibernate.orm.jdbc.bind - binding parameter (2:INTEGER) <- [1000]
2025-11-09 14:14:20 [http-nio-8080-exec-5] DEBUG o.s.w.s.m.m.a.HttpEntityMethodProcessor - Using 'application/json', given [*/*] and supported [application/json, application/*+json]
2025-11-09 14:14:20 [http-nio-8080-exec-5] DEBUG o.s.w.s.m.m.a.HttpEntityMethodProcessor - Writing [Page 1 of 1 containing com.WMS_spiders_wholesale_system.dto.SpiderDTO instances]
2025-11-09 14:14:20 [http-nio-8080-exec-5] DEBUG o.s.web.servlet.DispatcherServlet - Completed 200 OK
2025-11-09 14:14:41 [http-nio-8080-exec-7] DEBUG o.s.web.servlet.DispatcherServlet - POST "/api/spiders", parameters={}
2025-11-09 14:14:41 [http-nio-8080-exec-7] DEBUG o.s.w.s.m.m.a.RequestMappingHandlerMapping - Mapped to com.WMS_spiders_wholesale_system.controller.SpiderController#addSpider(SpiderDTO)
2025-11-09 14:14:41 [http-nio-8080-exec-7] DEBUG o.s.w.s.m.m.a.RequestResponseBodyMethodProcessor - Read "application/json;charset=UTF-8" to [com.WMS_spiders_wholesale_system.dto.SpiderDTO@643aaa94]
2025-11-09 14:14:41 [http-nio-8080-exec-7] DEBUG org.hibernate.SQL - insert into spiders (gender,is_cites,order_id,price,quantity,size,species_name,type_name,id) values (?,?,?,?,?,?,?,?,?)
2025-11-09 14:14:41 [http-nio-8080-exec-7] TRACE org.hibernate.orm.jdbc.bind - binding parameter (1:TINYINT) <- [FEMALE]
2025-11-09 14:14:41 [http-nio-8080-exec-7] TRACE org.hibernate.orm.jdbc.bind - binding parameter (2:BOOLEAN) <- [false]
2025-11-09 14:14:41 [http-nio-8080-exec-7] TRACE org.hibernate.orm.jdbc.bind - binding parameter (3:VARCHAR) <- [null]
2025-11-09 14:14:41 [http-nio-8080-exec-7] TRACE org.hibernate.orm.jdbc.bind - binding parameter (4:DOUBLE) <- [230.0]
2025-11-09 14:14:41 [http-nio-8080-exec-7] TRACE org.hibernate.orm.jdbc.bind - binding parameter (5:INTEGER) <- [4]
2025-11-09 14:14:41 [http-nio-8080-exec-7] TRACE org.hibernate.orm.jdbc.bind - binding parameter (6:VARCHAR) <- [5DC]
2025-11-09 14:14:41 [http-nio-8080-exec-7] TRACE org.hibernate.orm.jdbc.bind - binding parameter (7:VARCHAR) <- [sp. machalla]
2025-11-09 14:14:41 [http-nio-8080-exec-7] TRACE org.hibernate.orm.jdbc.bind - binding parameter (8:VARCHAR) <- [Pamphobeteus]
2025-11-09 14:14:41 [http-nio-8080-exec-7] TRACE org.hibernate.orm.jdbc.bind - binding parameter (9:VARCHAR) <- [d27e6c78-870f-4005-bac7-983c664569a8]
2025-11-09 14:14:41 [http-nio-8080-exec-7] DEBUG o.s.w.s.m.m.a.HttpEntityMethodProcessor - Using 'application/json', given [*/*] and supported [application/json, application/*+json]
2025-11-09 14:14:41 [http-nio-8080-exec-7] DEBUG o.s.w.s.m.m.a.HttpEntityMethodProcessor - Writing [com.WMS_spiders_wholesale_system.dto.SpiderDTO@2f405cc4]
2025-11-09 14:14:41 [http-nio-8080-exec-7] DEBUG o.s.web.servlet.DispatcherServlet - Completed 201 CREATED
2025-11-09 14:14:41 [http-nio-8080-exec-8] DEBUG o.s.web.servlet.DispatcherServlet - GET "/api/spiders?size=1000&sortBy=typeName", parameters={masked}
2025-11-09 14:14:41 [http-nio-8080-exec-8] DEBUG o.s.w.s.m.m.a.RequestMappingHandlerMapping - Mapped to com.WMS_spiders_wholesale_system.controller.SpiderController#getAllSpiders(int, int, String)
2025-11-09 14:14:41 [http-nio-8080-exec-8] DEBUG org.hibernate.SQL - select s1_0.id,s1_0.gender,s1_0.is_cites,s1_0.order_id,s1_0.price,s1_0.quantity,s1_0.size,s1_0.species_name,s1_0.type_name from spiders s1_0 order by s1_0.type_name limit ?,?
2025-11-09 14:14:41 [http-nio-8080-exec-8] TRACE org.hibernate.orm.jdbc.bind - binding parameter (1:INTEGER) <- [0]
2025-11-09 14:14:41 [http-nio-8080-exec-8] TRACE org.hibernate.orm.jdbc.bind - binding parameter (2:INTEGER) <- [1000]
2025-11-09 14:14:41 [http-nio-8080-exec-8] DEBUG o.s.w.s.m.m.a.HttpEntityMethodProcessor - Using 'application/json', given [*/*] and supported [application/json, application/*+json]
2025-11-09 14:14:41 [http-nio-8080-exec-8] DEBUG o.s.w.s.m.m.a.HttpEntityMethodProcessor - Writing [Page 1 of 1 containing com.WMS_spiders_wholesale_system.dto.SpiderDTO instances]
2025-11-09 14:14:41 [http-nio-8080-exec-8] DEBUG o.s.web.servlet.DispatcherServlet - Completed 200 OK
2025-11-09 14:15:18 [http-nio-8080-exec-10] DEBUG o.s.web.servlet.DispatcherServlet - POST "/api/spiders", parameters={}
2025-11-09 14:15:18 [http-nio-8080-exec-10] DEBUG o.s.w.s.m.m.a.RequestMappingHandlerMapping - Mapped to com.WMS_spiders_wholesale_system.controller.SpiderController#addSpider(SpiderDTO)
2025-11-09 14:15:18 [http-nio-8080-exec-10] DEBUG o.s.w.s.m.m.a.RequestResponseBodyMethodProcessor - Read "application/json;charset=UTF-8" to [com.WMS_spiders_wholesale_system.dto.SpiderDTO@5df3177f]
2025-11-09 14:15:18 [http-nio-8080-exec-10] DEBUG org.hibernate.SQL - insert into spiders (gender,is_cites,order_id,price,quantity,size,species_name,type_name,id) values (?,?,?,?,?,?,?,?,?)
2025-11-09 14:15:18 [http-nio-8080-exec-10] TRACE org.hibernate.orm.jdbc.bind - binding parameter (1:TINYINT) <- [MALE]
2025-11-09 14:15:18 [http-nio-8080-exec-10] TRACE org.hibernate.orm.jdbc.bind - binding parameter (2:BOOLEAN) <- [false]
2025-11-09 14:15:18 [http-nio-8080-exec-10] TRACE org.hibernate.orm.jdbc.bind - binding parameter (3:VARCHAR) <- [null]
2025-11-09 14:15:18 [http-nio-8080-exec-10] TRACE org.hibernate.orm.jdbc.bind - binding parameter (4:DOUBLE) <- [100.0]
2025-11-09 14:15:18 [http-nio-8080-exec-10] TRACE org.hibernate.orm.jdbc.bind - binding parameter (5:INTEGER) <- [2]
2025-11-09 14:15:18 [http-nio-8080-exec-10] TRACE org.hibernate.orm.jdbc.bind - binding parameter (6:VARCHAR) <- [5DC]
2025-11-09 14:15:18 [http-nio-8080-exec-10] TRACE org.hibernate.orm.jdbc.bind - binding parameter (7:VARCHAR) <- [sp. machalla]
2025-11-09 14:15:18 [http-nio-8080-exec-10] TRACE org.hibernate.orm.jdbc.bind - binding parameter (8:VARCHAR) <- [Pamphobeteus]
2025-11-09 14:15:18 [http-nio-8080-exec-10] TRACE org.hibernate.orm.jdbc.bind - binding parameter (9:VARCHAR) <- [ce9f0e22-a906-4801-b82d-049e9d95115b]
2025-11-09 14:15:18 [http-nio-8080-exec-10] DEBUG o.s.w.s.m.m.a.HttpEntityMethodProcessor - Using 'application/json', given [*/*] and supported [application/json, application/*+json]
2025-11-09 14:15:18 [http-nio-8080-exec-10] DEBUG o.s.w.s.m.m.a.HttpEntityMethodProcessor - Writing [com.WMS_spiders_wholesale_system.dto.SpiderDTO@57045d5b]
2025-11-09 14:15:18 [http-nio-8080-exec-10] DEBUG o.s.web.servlet.DispatcherServlet - Completed 201 CREATED
2025-11-09 14:15:18 [http-nio-8080-exec-1] DEBUG o.s.web.servlet.DispatcherServlet - GET "/api/spiders?size=1000&sortBy=typeName", parameters={masked}
2025-11-09 14:15:18 [http-nio-8080-exec-1] DEBUG o.s.w.s.m.m.a.RequestMappingHandlerMapping - Mapped to com.WMS_spiders_wholesale_system.controller.SpiderController#getAllSpiders(int, int, String)
2025-11-09 14:15:18 [http-nio-8080-exec-1] DEBUG org.hibernate.SQL - select s1_0.id,s1_0.gender,s1_0.is_cites,s1_0.order_id,s1_0.price,s1_0.quantity,s1_0.size,s1_0.species_name,s1_0.type_name from spiders s1_0 order by s1_0.type_name limit ?,?
2025-11-09 14:15:18 [http-nio-8080-exec-1] TRACE org.hibernate.orm.jdbc.bind - binding parameter (1:INTEGER) <- [0]
2025-11-09 14:15:18 [http-nio-8080-exec-1] TRACE org.hibernate.orm.jdbc.bind - binding parameter (2:INTEGER) <- [1000]
2025-11-09 14:15:18 [http-nio-8080-exec-1] DEBUG o.s.w.s.m.m.a.HttpEntityMethodProcessor - Using 'application/json', given [*/*] and supported [application/json, application/*+json]
2025-11-09 14:15:18 [http-nio-8080-exec-1] DEBUG o.s.w.s.m.m.a.HttpEntityMethodProcessor - Writing [Page 1 of 1 containing com.WMS_spiders_wholesale_system.dto.SpiderDTO instances]
2025-11-09 14:15:18 [http-nio-8080-exec-1] DEBUG o.s.web.servlet.DispatcherServlet - Completed 200 OK
2025-11-09 15:19:51 [http-nio-8080-exec-3] DEBUG o.s.web.servlet.DispatcherServlet - PUT "/api/spiders/d27e6c78-870f-4005-bac7-983c664569a8", parameters={}
2025-11-09 15:19:51 [http-nio-8080-exec-3] DEBUG o.s.w.s.m.m.a.RequestMappingHandlerMapping - Mapped to com.WMS_spiders_wholesale_system.controller.SpiderController#updateSpider(UUID, SpiderDTO)
2025-11-09 15:19:51 [http-nio-8080-exec-3] DEBUG o.s.w.s.m.m.a.RequestResponseBodyMethodProcessor - Read "application/json;charset=UTF-8" to [com.WMS_spiders_wholesale_system.dto.SpiderDTO@72958cf9]
2025-11-09 15:19:51 [http-nio-8080-exec-3] DEBUG org.hibernate.SQL - select count(*) from spiders s1_0 where s1_0.id=?
2025-11-09 15:19:51 [http-nio-8080-exec-3] TRACE org.hibernate.orm.jdbc.bind - binding parameter (1:VARCHAR) <- [d27e6c78-870f-4005-bac7-983c664569a8]
2025-11-09 15:19:51 [http-nio-8080-exec-3] DEBUG org.hibernate.SQL - select s1_0.id,s1_0.gender,s1_0.is_cites,o1_0.id,o1_0.courier_company,o1_0.customer_id,o1_0.date,o1_0.price,o1_0.self_collection,o1_0.shipment_number,o1_0.status,os1_0.order_id,os1_0.id,os1_0.quantity,os1_0.spider_id,s1_0.price,s1_0.quantity,s1_0.size,s1_0.species_name,s1_0.type_name from spiders s1_0 left join orders o1_0 on o1_0.id=s1_0.order_id left join ordered_spiders os1_0 on o1_0.id=os1_0.order_id where s1_0.id=?
2025-11-09 15:19:51 [http-nio-8080-exec-3] TRACE org.hibernate.orm.jdbc.bind - binding parameter (1:VARCHAR) <- [d27e6c78-870f-4005-bac7-983c664569a8]
2025-11-09 15:19:51 [http-nio-8080-exec-3] DEBUG org.hibernate.SQL - update spiders set gender=?,is_cites=?,order_id=?,price=?,quantity=?,size=?,species_name=?,type_name=? where id=?
2025-11-09 15:19:51 [http-nio-8080-exec-3] TRACE org.hibernate.orm.jdbc.bind - binding parameter (1:TINYINT) <- [FEMALE]
2025-11-09 15:19:51 [http-nio-8080-exec-3] TRACE org.hibernate.orm.jdbc.bind - binding parameter (2:BOOLEAN) <- [false]
2025-11-09 15:19:51 [http-nio-8080-exec-3] TRACE org.hibernate.orm.jdbc.bind - binding parameter (3:VARCHAR) <- [null]
2025-11-09 15:19:51 [http-nio-8080-exec-3] TRACE org.hibernate.orm.jdbc.bind - binding parameter (4:DOUBLE) <- [230.0]
2025-11-09 15:19:51 [http-nio-8080-exec-3] TRACE org.hibernate.orm.jdbc.bind - binding parameter (5:INTEGER) <- [3]
2025-11-09 15:19:51 [http-nio-8080-exec-3] TRACE org.hibernate.orm.jdbc.bind - binding parameter (6:VARCHAR) <- [5DC]
2025-11-09 15:19:51 [http-nio-8080-exec-3] TRACE org.hibernate.orm.jdbc.bind - binding parameter (7:VARCHAR) <- [sp. machalla]
2025-11-09 15:19:51 [http-nio-8080-exec-3] TRACE org.hibernate.orm.jdbc.bind - binding parameter (8:VARCHAR) <- [Pamphobeteus]
2025-11-09 15:19:51 [http-nio-8080-exec-3] TRACE org.hibernate.orm.jdbc.bind - binding parameter (9:VARCHAR) <- [d27e6c78-870f-4005-bac7-983c664569a8]
2025-11-09 15:19:51 [http-nio-8080-exec-3] DEBUG o.s.w.s.m.m.a.HttpEntityMethodProcessor - Using 'application/json', given [*/*] and supported [application/json, application/*+json]
2025-11-09 15:19:51 [http-nio-8080-exec-3] DEBUG o.s.w.s.m.m.a.HttpEntityMethodProcessor - Writing [com.WMS_spiders_wholesale_system.dto.SpiderDTO@187e79a0]
2025-11-09 15:19:51 [http-nio-8080-exec-3] DEBUG o.s.web.servlet.DispatcherServlet - Completed 200 OK
2025-11-09 15:19:51 [http-nio-8080-exec-4] DEBUG o.s.web.servlet.DispatcherServlet - GET "/api/spiders?size=1000&sortBy=typeName", parameters={masked}
2025-11-09 15:19:51 [http-nio-8080-exec-4] DEBUG o.s.w.s.m.m.a.RequestMappingHandlerMapping - Mapped to com.WMS_spiders_wholesale_system.controller.SpiderController#getAllSpiders(int, int, String)
2025-11-09 15:19:51 [http-nio-8080-exec-4] DEBUG org.hibernate.SQL - select s1_0.id,s1_0.gender,s1_0.is_cites,s1_0.order_id,s1_0.price,s1_0.quantity,s1_0.size,s1_0.species_name,s1_0.type_name from spiders s1_0 order by s1_0.type_name limit ?,?
2025-11-09 15:19:51 [http-nio-8080-exec-4] TRACE org.hibernate.orm.jdbc.bind - binding parameter (1:INTEGER) <- [0]
2025-11-09 15:19:51 [http-nio-8080-exec-4] TRACE org.hibernate.orm.jdbc.bind - binding parameter (2:INTEGER) <- [1000]
2025-11-09 15:19:51 [http-nio-8080-exec-4] DEBUG o.s.w.s.m.m.a.HttpEntityMethodProcessor - Using 'application/json', given [*/*] and supported [application/json, application/*+json]
2025-11-09 15:19:51 [http-nio-8080-exec-4] DEBUG o.s.w.s.m.m.a.HttpEntityMethodProcessor - Writing [Page 1 of 1 containing com.WMS_spiders_wholesale_system.dto.SpiderDTO instances]
2025-11-09 15:19:51 [http-nio-8080-exec-4] DEBUG o.s.web.servlet.DispatcherServlet - Completed 200 OK
2025-11-09 15:19:54 [http-nio-8080-exec-5] DEBUG o.s.web.servlet.DispatcherServlet - GET "/api/orders?size=1000", parameters={masked}
2025-11-09 15:19:54 [http-nio-8080-exec-5] DEBUG o.s.w.s.m.m.a.RequestMappingHandlerMapping - Mapped to com.WMS_spiders_wholesale_system.controller.OrderController#getAllOrders(int, int, String, String)
2025-11-09 15:19:54 [http-nio-8080-exec-5] DEBUG org.hibernate.SQL - select o1_0.id,o1_0.courier_company,c1_0.id,c1_0.address,c1_0.email,c1_0.first_name,c1_0.last_name,c1_0.parcel_locker,c1_0.telephone,o1_0.date,os1_0.order_id,os1_0.id,os1_0.quantity,os1_0.spider_id,o1_0.price,o1_0.self_collection,o1_0.shipment_number,o1_0.status from orders o1_0 left join customers c1_0 on c1_0.id=o1_0.customer_id left join ordered_spiders os1_0 on o1_0.id=os1_0.order_id order by o1_0.date desc
2025-11-09 15:19:54 [http-nio-8080-exec-5] DEBUG org.hibernate.SQL - select s1_0.id,s1_0.gender,s1_0.is_cites,o1_0.id,o1_0.courier_company,o1_0.customer_id,o1_0.date,o1_0.price,o1_0.self_collection,o1_0.shipment_number,o1_0.status,s1_0.price,s1_0.quantity,s1_0.size,s1_0.species_name,s1_0.type_name from spiders s1_0 left join orders o1_0 on o1_0.id=s1_0.order_id where s1_0.id=?
2025-11-09 15:19:54 [http-nio-8080-exec-5] TRACE org.hibernate.orm.jdbc.bind - binding parameter (1:VARCHAR) <- [26b59160-730e-4c8f-9dc4-f70d5548d1cb]
2025-11-09 15:19:54 [http-nio-8080-exec-5] DEBUG org.hibernate.SQL - select s1_0.id,s1_0.gender,s1_0.is_cites,o1_0.id,o1_0.courier_company,o1_0.customer_id,o1_0.date,o1_0.price,o1_0.self_collection,o1_0.shipment_number,o1_0.status,s1_0.price,s1_0.quantity,s1_0.size,s1_0.species_name,s1_0.type_name from spiders s1_0 left join orders o1_0 on o1_0.id=s1_0.order_id where s1_0.id=?
2025-11-09 15:19:54 [http-nio-8080-exec-5] TRACE org.hibernate.orm.jdbc.bind - binding parameter (1:VARCHAR) <- [1be47209-644e-4c77-ad21-ebaaac7a0b1a]
2025-11-09 15:19:54 [http-nio-8080-exec-5] DEBUG org.hibernate.SQL - select s1_0.id,s1_0.gender,s1_0.is_cites,o1_0.id,o1_0.courier_company,o1_0.customer_id,o1_0.date,o1_0.price,o1_0.self_collection,o1_0.shipment_number,o1_0.status,s1_0.price,s1_0.quantity,s1_0.size,s1_0.species_name,s1_0.type_name from spiders s1_0 left join orders o1_0 on o1_0.id=s1_0.order_id where s1_0.id=?
2025-11-09 15:19:54 [http-nio-8080-exec-5] TRACE org.hibernate.orm.jdbc.bind - binding parameter (1:VARCHAR) <- [6e0ab419-40be-4ba0-9476-8f93adc93515]
2025-11-09 15:19:54 [http-nio-8080-exec-5] DEBUG org.hibernate.SQL - select s1_0.id,s1_0.gender,s1_0.is_cites,o1_0.id,o1_0.courier_company,o1_0.customer_id,o1_0.date,o1_0.price,o1_0.self_collection,o1_0.shipment_number,o1_0.status,s1_0.price,s1_0.quantity,s1_0.size,s1_0.species_name,s1_0.type_name from spiders s1_0 left join orders o1_0 on o1_0.id=s1_0.order_id where s1_0.id=?
2025-11-09 15:19:54 [http-nio-8080-exec-5] TRACE org.hibernate.orm.jdbc.bind - binding parameter (1:VARCHAR) <- [e824a860-23eb-423d-ac8c-956329b1590d]
2025-11-09 15:19:54 [http-nio-8080-exec-5] DEBUG org.hibernate.SQL - select s1_0.id,s1_0.gender,s1_0.is_cites,o1_0.id,o1_0.courier_company,o1_0.customer_id,o1_0.date,o1_0.price,o1_0.self_collection,o1_0.shipment_number,o1_0.status,s1_0.price,s1_0.quantity,s1_0.size,s1_0.species_name,s1_0.type_name from spiders s1_0 left join orders o1_0 on o1_0.id=s1_0.order_id where s1_0.id=?
2025-11-09 15:19:54 [http-nio-8080-exec-5] TRACE org.hibernate.orm.jdbc.bind - binding parameter (1:VARCHAR) <- [0a29df47-6372-403c-a55f-6be46a64d83c]
2025-11-09 15:19:54 [http-nio-8080-exec-5] DEBUG org.hibernate.SQL - select s1_0.id,s1_0.gender,s1_0.is_cites,o1_0.id,o1_0.courier_company,o1_0.customer_id,o1_0.date,o1_0.price,o1_0.self_collection,o1_0.shipment_number,o1_0.status,s1_0.price,s1_0.quantity,s1_0.size,s1_0.species_name,s1_0.type_name from spiders s1_0 left join orders o1_0 on o1_0.id=s1_0.order_id where s1_0.id=?
2025-11-09 15:19:54 [http-nio-8080-exec-5] TRACE org.hibernate.orm.jdbc.bind - binding parameter (1:VARCHAR) <- [7d2670e4-f537-4b73-81e2-649301cb2c48]
2025-11-09 15:19:54 [http-nio-8080-exec-5] DEBUG org.hibernate.SQL - select s1_0.id,s1_0.gender,s1_0.is_cites,o1_0.id,o1_0.courier_company,o1_0.customer_id,o1_0.date,o1_0.price,o1_0.self_collection,o1_0.shipment_number,o1_0.status,s1_0.price,s1_0.quantity,s1_0.size,s1_0.species_name,s1_0.type_name from spiders s1_0 left join orders o1_0 on o1_0.id=s1_0.order_id where s1_0.id=?
2025-11-09 15:19:54 [http-nio-8080-exec-5] TRACE org.hibernate.orm.jdbc.bind - binding parameter (1:VARCHAR) <- [c77e1e3d-ca26-4927-98bf-847756cddfe2]
2025-11-09 15:19:54 [http-nio-8080-exec-5] DEBUG o.s.w.s.m.m.a.HttpEntityMethodProcessor - Using 'application/json', given [*/*] and supported [application/json, application/*+json]
2025-11-09 15:19:54 [http-nio-8080-exec-5] DEBUG o.s.w.s.m.m.a.HttpEntityMethodProcessor - Writing [Page 1 of 1 containing com.WMS_spiders_wholesale_system.dto.OrderDTO instances]
2025-11-09 15:19:54 [http-nio-8080-exec-5] DEBUG o.s.web.servlet.DispatcherServlet - Completed 200 OK
2025-11-09 15:19:56 [http-nio-8080-exec-7] DEBUG o.s.web.servlet.DispatcherServlet - GET "/api/spiders?size=100&sortBy=typeName", parameters={masked}
2025-11-09 15:19:56 [http-nio-8080-exec-6] DEBUG o.s.web.servlet.DispatcherServlet - GET "/api/customers?size=100", parameters={masked}
2025-11-09 15:19:56 [http-nio-8080-exec-6] DEBUG o.s.w.s.m.m.a.RequestMappingHandlerMapping - Mapped to com.WMS_spiders_wholesale_system.controller.CustomerController#getAllCustomers(int, int, String)
2025-11-09 15:19:56 [http-nio-8080-exec-7] DEBUG o.s.w.s.m.m.a.RequestMappingHandlerMapping - Mapped to com.WMS_spiders_wholesale_system.controller.SpiderController#getAllSpiders(int, int, String)
2025-11-09 15:19:56 [http-nio-8080-exec-6] DEBUG org.hibernate.SQL - select c1_0.id,c1_0.address,c1_0.email,c1_0.first_name,c1_0.last_name,c1_0.parcel_locker,c1_0.telephone from customers c1_0 order by c1_0.id limit ?,?
2025-11-09 15:19:56 [http-nio-8080-exec-6] TRACE org.hibernate.orm.jdbc.bind - binding parameter (1:INTEGER) <- [0]
2025-11-09 15:19:56 [http-nio-8080-exec-6] TRACE org.hibernate.orm.jdbc.bind - binding parameter (2:INTEGER) <- [100]
2025-11-09 15:19:56 [http-nio-8080-exec-7] DEBUG org.hibernate.SQL - select s1_0.id,s1_0.gender,s1_0.is_cites,s1_0.order_id,s1_0.price,s1_0.quantity,s1_0.size,s1_0.species_name,s1_0.type_name from spiders s1_0 order by s1_0.type_name limit ?,?
2025-11-09 15:19:56 [http-nio-8080-exec-7] TRACE org.hibernate.orm.jdbc.bind - binding parameter (1:INTEGER) <- [0]
2025-11-09 15:19:56 [http-nio-8080-exec-7] TRACE org.hibernate.orm.jdbc.bind - binding parameter (2:INTEGER) <- [100]
2025-11-09 15:19:56 [http-nio-8080-exec-6] DEBUG o.s.w.s.m.m.a.HttpEntityMethodProcessor - Using 'application/json', given [*/*] and supported [application/json, application/*+json]
2025-11-09 15:19:56 [http-nio-8080-exec-6] DEBUG o.s.w.s.m.m.a.HttpEntityMethodProcessor - Writing [Page 1 of 1 containing com.WMS_spiders_wholesale_system.dto.CustomerDTO instances]
2025-11-09 15:19:56 [http-nio-8080-exec-6] DEBUG o.s.web.servlet.DispatcherServlet - Completed 200 OK
2025-11-09 15:19:56 [http-nio-8080-exec-7] DEBUG o.s.w.s.m.m.a.HttpEntityMethodProcessor - Using 'application/json', given [*/*] and supported [application/json, application/*+json]
2025-11-09 15:19:56 [http-nio-8080-exec-7] DEBUG o.s.w.s.m.m.a.HttpEntityMethodProcessor - Writing [Page 1 of 1 containing com.WMS_spiders_wholesale_system.dto.SpiderDTO instances]
2025-11-09 15:19:56 [http-nio-8080-exec-7] DEBUG o.s.web.servlet.DispatcherServlet - Completed 200 OK
2025-11-09 15:20:06 [http-nio-8080-exec-8] DEBUG o.s.web.servlet.DispatcherServlet - GET "/api/customers?page=0&size=10&sortBy=lastName", parameters={masked}
2025-11-09 15:20:06 [http-nio-8080-exec-8] DEBUG o.s.w.s.m.m.a.RequestMappingHandlerMapping - Mapped to com.WMS_spiders_wholesale_system.controller.CustomerController#getAllCustomers(int, int, String)
2025-11-09 15:20:06 [http-nio-8080-exec-8] DEBUG org.hibernate.SQL - select c1_0.id,c1_0.address,c1_0.email,c1_0.first_name,c1_0.last_name,c1_0.parcel_locker,c1_0.telephone from customers c1_0 order by c1_0.last_name limit ?,?
2025-11-09 15:20:06 [http-nio-8080-exec-8] TRACE org.hibernate.orm.jdbc.bind - binding parameter (1:INTEGER) <- [0]
2025-11-09 15:20:06 [http-nio-8080-exec-8] TRACE org.hibernate.orm.jdbc.bind - binding parameter (2:INTEGER) <- [10]
2025-11-09 15:20:06 [http-nio-8080-exec-8] DEBUG o.s.w.s.m.m.a.HttpEntityMethodProcessor - Using 'application/json', given [*/*] and supported [application/json, application/*+json]
2025-11-09 15:20:06 [http-nio-8080-exec-8] DEBUG o.s.w.s.m.m.a.HttpEntityMethodProcessor - Writing [Page 1 of 1 containing com.WMS_spiders_wholesale_system.dto.CustomerDTO instances]
2025-11-09 15:20:06 [http-nio-8080-exec-8] DEBUG o.s.web.servlet.DispatcherServlet - Completed 200 OK
2025-11-09 15:20:48 [http-nio-8080-exec-9] DEBUG o.s.web.servlet.DispatcherServlet - POST "/api/customers", parameters={}
2025-11-09 15:20:48 [http-nio-8080-exec-9] DEBUG o.s.w.s.m.m.a.RequestMappingHandlerMapping - Mapped to com.WMS_spiders_wholesale_system.controller.CustomerController#addCustomer(CustomerDTO)
2025-11-09 15:20:48 [http-nio-8080-exec-9] DEBUG o.s.w.s.m.m.a.RequestResponseBodyMethodProcessor - Read "application/json;charset=UTF-8" to [com.WMS_spiders_wholesale_system.dto.CustomerDTO@308b531f]
2025-11-09 15:20:48 [http-nio-8080-exec-9] INFO  c.W.controller.CustomerController - Received customer DTO: com.WMS_spiders_wholesale_system.dto.CustomerDTO@308b531f
2025-11-09 15:20:48 [http-nio-8080-exec-9] INFO  c.W.service.CustomerService - Created new customer with ID: null
2025-11-09 15:20:48 [http-nio-8080-exec-9] DEBUG org.hibernate.SQL - insert into customers (address,email,first_name,last_name,parcel_locker,telephone,id) values (?,?,?,?,?,?,?)
2025-11-09 15:20:48 [http-nio-8080-exec-9] TRACE org.hibernate.orm.jdbc.bind - binding parameter (1:VARCHAR) <- []
2025-11-09 15:20:48 [http-nio-8080-exec-9] TRACE org.hibernate.orm.jdbc.bind - binding parameter (2:VARCHAR) <- []
2025-11-09 15:20:48 [http-nio-8080-exec-9] TRACE org.hibernate.orm.jdbc.bind - binding parameter (3:VARCHAR) <- [Kamil]
2025-11-09 15:20:48 [http-nio-8080-exec-9] TRACE org.hibernate.orm.jdbc.bind - binding parameter (4:VARCHAR) <- [Z Szombierek]
2025-11-09 15:20:48 [http-nio-8080-exec-9] TRACE org.hibernate.orm.jdbc.bind - binding parameter (5:VARCHAR) <- []
2025-11-09 15:20:48 [http-nio-8080-exec-9] TRACE org.hibernate.orm.jdbc.bind - binding parameter (6:VARCHAR) <- [690416435]
2025-11-09 15:20:48 [http-nio-8080-exec-9] TRACE org.hibernate.orm.jdbc.bind - binding parameter (7:VARCHAR) <- [ada0f00f-d1bf-4d7f-8181-f265cc5a5100]
2025-11-09 15:20:48 [http-nio-8080-exec-9] DEBUG o.s.w.s.m.m.a.HttpEntityMethodProcessor - Using 'application/json', given [*/*] and supported [application/json, application/*+json]
2025-11-09 15:20:48 [http-nio-8080-exec-9] DEBUG o.s.w.s.m.m.a.HttpEntityMethodProcessor - Writing [com.WMS_spiders_wholesale_system.dto.CustomerDTO@1f93adb4]
2025-11-09 15:20:48 [http-nio-8080-exec-9] DEBUG o.s.web.servlet.DispatcherServlet - Completed 201 CREATED
2025-11-09 15:20:48 [http-nio-8080-exec-10] DEBUG o.s.web.servlet.DispatcherServlet - GET "/api/customers?page=0&size=10&sortBy=lastName", parameters={masked}
2025-11-09 15:20:48 [http-nio-8080-exec-10] DEBUG o.s.w.s.m.m.a.RequestMappingHandlerMapping - Mapped to com.WMS_spiders_wholesale_system.controller.CustomerController#getAllCustomers(int, int, String)
2025-11-09 15:20:48 [http-nio-8080-exec-10] DEBUG org.hibernate.SQL - select c1_0.id,c1_0.address,c1_0.email,c1_0.first_name,c1_0.last_name,c1_0.parcel_locker,c1_0.telephone from customers c1_0 order by c1_0.last_name limit ?,?
2025-11-09 15:20:48 [http-nio-8080-exec-10] TRACE org.hibernate.orm.jdbc.bind - binding parameter (1:INTEGER) <- [0]
2025-11-09 15:20:48 [http-nio-8080-exec-10] TRACE org.hibernate.orm.jdbc.bind - binding parameter (2:INTEGER) <- [10]
2025-11-09 15:20:48 [http-nio-8080-exec-10] DEBUG o.s.w.s.m.m.a.HttpEntityMethodProcessor - Using 'application/json', given [*/*] and supported [application/json, application/*+json]
2025-11-09 15:20:48 [http-nio-8080-exec-10] DEBUG o.s.w.s.m.m.a.HttpEntityMethodProcessor - Writing [Page 1 of 1 containing com.WMS_spiders_wholesale_system.dto.CustomerDTO instances]
2025-11-09 15:20:48 [http-nio-8080-exec-10] DEBUG o.s.web.servlet.DispatcherServlet - Completed 200 OK
2025-11-09 15:20:50 [http-nio-8080-exec-1] DEBUG o.s.web.servlet.DispatcherServlet - GET "/api/orders?size=1000", parameters={masked}
2025-11-09 15:20:50 [http-nio-8080-exec-1] DEBUG o.s.w.s.m.m.a.RequestMappingHandlerMapping - Mapped to com.WMS_spiders_wholesale_system.controller.OrderController#getAllOrders(int, int, String, String)
2025-11-09 15:20:50 [http-nio-8080-exec-1] DEBUG org.hibernate.SQL - select o1_0.id,o1_0.courier_company,c1_0.id,c1_0.address,c1_0.email,c1_0.first_name,c1_0.last_name,c1_0.parcel_locker,c1_0.telephone,o1_0.date,os1_0.order_id,os1_0.id,os1_0.quantity,os1_0.spider_id,o1_0.price,o1_0.self_collection,o1_0.shipment_number,o1_0.status from orders o1_0 left join customers c1_0 on c1_0.id=o1_0.customer_id left join ordered_spiders os1_0 on o1_0.id=os1_0.order_id order by o1_0.date desc
2025-11-09 15:20:50 [http-nio-8080-exec-1] DEBUG org.hibernate.SQL - select s1_0.id,s1_0.gender,s1_0.is_cites,o1_0.id,o1_0.courier_company,o1_0.customer_id,o1_0.date,o1_0.price,o1_0.self_collection,o1_0.shipment_number,o1_0.status,s1_0.price,s1_0.quantity,s1_0.size,s1_0.species_name,s1_0.type_name from spiders s1_0 left join orders o1_0 on o1_0.id=s1_0.order_id where s1_0.id=?
2025-11-09 15:20:50 [http-nio-8080-exec-1] TRACE org.hibernate.orm.jdbc.bind - binding parameter (1:VARCHAR) <- [26b59160-730e-4c8f-9dc4-f70d5548d1cb]
2025-11-09 15:20:50 [http-nio-8080-exec-1] DEBUG org.hibernate.SQL - select s1_0.id,s1_0.gender,s1_0.is_cites,o1_0.id,o1_0.courier_company,o1_0.customer_id,o1_0.date,o1_0.price,o1_0.self_collection,o1_0.shipment_number,o1_0.status,s1_0.price,s1_0.quantity,s1_0.size,s1_0.species_name,s1_0.type_name from spiders s1_0 left join orders o1_0 on o1_0.id=s1_0.order_id where s1_0.id=?
2025-11-09 15:20:50 [http-nio-8080-exec-1] TRACE org.hibernate.orm.jdbc.bind - binding parameter (1:VARCHAR) <- [1be47209-644e-4c77-ad21-ebaaac7a0b1a]
2025-11-09 15:20:50 [http-nio-8080-exec-1] DEBUG org.hibernate.SQL - select s1_0.id,s1_0.gender,s1_0.is_cites,o1_0.id,o1_0.courier_company,o1_0.customer_id,o1_0.date,o1_0.price,o1_0.self_collection,o1_0.shipment_number,o1_0.status,s1_0.price,s1_0.quantity,s1_0.size,s1_0.species_name,s1_0.type_name from spiders s1_0 left join orders o1_0 on o1_0.id=s1_0.order_id where s1_0.id=?
2025-11-09 15:20:50 [http-nio-8080-exec-1] TRACE org.hibernate.orm.jdbc.bind - binding parameter (1:VARCHAR) <- [6e0ab419-40be-4ba0-9476-8f93adc93515]
2025-11-09 15:20:50 [http-nio-8080-exec-1] DEBUG org.hibernate.SQL - select s1_0.id,s1_0.gender,s1_0.is_cites,o1_0.id,o1_0.courier_company,o1_0.customer_id,o1_0.date,o1_0.price,o1_0.self_collection,o1_0.shipment_number,o1_0.status,s1_0.price,s1_0.quantity,s1_0.size,s1_0.species_name,s1_0.type_name from spiders s1_0 left join orders o1_0 on o1_0.id=s1_0.order_id where s1_0.id=?
2025-11-09 15:20:50 [http-nio-8080-exec-1] TRACE org.hibernate.orm.jdbc.bind - binding parameter (1:VARCHAR) <- [e824a860-23eb-423d-ac8c-956329b1590d]
2025-11-09 15:20:50 [http-nio-8080-exec-1] DEBUG org.hibernate.SQL - select s1_0.id,s1_0.gender,s1_0.is_cites,o1_0.id,o1_0.courier_company,o1_0.customer_id,o1_0.date,o1_0.price,o1_0.self_collection,o1_0.shipment_number,o1_0.status,s1_0.price,s1_0.quantity,s1_0.size,s1_0.species_name,s1_0.type_name from spiders s1_0 left join orders o1_0 on o1_0.id=s1_0.order_id where s1_0.id=?
2025-11-09 15:20:50 [http-nio-8080-exec-1] TRACE org.hibernate.orm.jdbc.bind - binding parameter (1:VARCHAR) <- [0a29df47-6372-403c-a55f-6be46a64d83c]
2025-11-09 15:20:50 [http-nio-8080-exec-1] DEBUG org.hibernate.SQL - select s1_0.id,s1_0.gender,s1_0.is_cites,o1_0.id,o1_0.courier_company,o1_0.customer_id,o1_0.date,o1_0.price,o1_0.self_collection,o1_0.shipment_number,o1_0.status,s1_0.price,s1_0.quantity,s1_0.size,s1_0.species_name,s1_0.type_name from spiders s1_0 left join orders o1_0 on o1_0.id=s1_0.order_id where s1_0.id=?
2025-11-09 15:20:50 [http-nio-8080-exec-1] TRACE org.hibernate.orm.jdbc.bind - binding parameter (1:VARCHAR) <- [7d2670e4-f537-4b73-81e2-649301cb2c48]
2025-11-09 15:20:50 [http-nio-8080-exec-1] DEBUG org.hibernate.SQL - select s1_0.id,s1_0.gender,s1_0.is_cites,o1_0.id,o1_0.courier_company,o1_0.customer_id,o1_0.date,o1_0.price,o1_0.self_collection,o1_0.shipment_number,o1_0.status,s1_0.price,s1_0.quantity,s1_0.size,s1_0.species_name,s1_0.type_name from spiders s1_0 left join orders o1_0 on o1_0.id=s1_0.order_id where s1_0.id=?
2025-11-09 15:20:50 [http-nio-8080-exec-1] TRACE org.hibernate.orm.jdbc.bind - binding parameter (1:VARCHAR) <- [c77e1e3d-ca26-4927-98bf-847756cddfe2]
2025-11-09 15:20:50 [http-nio-8080-exec-1] DEBUG o.s.w.s.m.m.a.HttpEntityMethodProcessor - Using 'application/json', given [*/*] and supported [application/json, application/*+json]
2025-11-09 15:20:50 [http-nio-8080-exec-1] DEBUG o.s.w.s.m.m.a.HttpEntityMethodProcessor - Writing [Page 1 of 1 containing com.WMS_spiders_wholesale_system.dto.OrderDTO instances]
2025-11-09 15:20:50 [http-nio-8080-exec-1] DEBUG o.s.web.servlet.DispatcherServlet - Completed 200 OK
2025-11-09 15:20:51 [http-nio-8080-exec-3] DEBUG o.s.web.servlet.DispatcherServlet - GET "/api/spiders?size=100&sortBy=typeName", parameters={masked}
2025-11-09 15:20:51 [http-nio-8080-exec-2] DEBUG o.s.web.servlet.DispatcherServlet - GET "/api/customers?size=100", parameters={masked}
2025-11-09 15:20:51 [http-nio-8080-exec-2] DEBUG o.s.w.s.m.m.a.RequestMappingHandlerMapping - Mapped to com.WMS_spiders_wholesale_system.controller.CustomerController#getAllCustomers(int, int, String)
2025-11-09 15:20:51 [http-nio-8080-exec-3] DEBUG o.s.w.s.m.m.a.RequestMappingHandlerMapping - Mapped to com.WMS_spiders_wholesale_system.controller.SpiderController#getAllSpiders(int, int, String)
2025-11-09 15:20:51 [http-nio-8080-exec-2] DEBUG org.hibernate.SQL - select c1_0.id,c1_0.address,c1_0.email,c1_0.first_name,c1_0.last_name,c1_0.parcel_locker,c1_0.telephone from customers c1_0 order by c1_0.id limit ?,?
2025-11-09 15:20:51 [http-nio-8080-exec-3] DEBUG org.hibernate.SQL - select s1_0.id,s1_0.gender,s1_0.is_cites,s1_0.order_id,s1_0.price,s1_0.quantity,s1_0.size,s1_0.species_name,s1_0.type_name from spiders s1_0 order by s1_0.type_name limit ?,?
2025-11-09 15:20:51 [http-nio-8080-exec-2] TRACE org.hibernate.orm.jdbc.bind - binding parameter (1:INTEGER) <- [0]
2025-11-09 15:20:51 [http-nio-8080-exec-2] TRACE org.hibernate.orm.jdbc.bind - binding parameter (2:INTEGER) <- [100]
2025-11-09 15:20:51 [http-nio-8080-exec-3] TRACE org.hibernate.orm.jdbc.bind - binding parameter (1:INTEGER) <- [0]
2025-11-09 15:20:51 [http-nio-8080-exec-3] TRACE org.hibernate.orm.jdbc.bind - binding parameter (2:INTEGER) <- [100]
2025-11-09 15:20:51 [http-nio-8080-exec-2] DEBUG o.s.w.s.m.m.a.HttpEntityMethodProcessor - Using 'application/json', given [*/*] and supported [application/json, application/*+json]
2025-11-09 15:20:51 [http-nio-8080-exec-3] DEBUG o.s.w.s.m.m.a.HttpEntityMethodProcessor - Using 'application/json', given [*/*] and supported [application/json, application/*+json]
2025-11-09 15:20:51 [http-nio-8080-exec-3] DEBUG o.s.w.s.m.m.a.HttpEntityMethodProcessor - Writing [Page 1 of 1 containing com.WMS_spiders_wholesale_system.dto.SpiderDTO instances]
2025-11-09 15:20:51 [http-nio-8080-exec-2] DEBUG o.s.w.s.m.m.a.HttpEntityMethodProcessor - Writing [Page 1 of 1 containing com.WMS_spiders_wholesale_system.dto.CustomerDTO instances]
2025-11-09 15:20:51 [http-nio-8080-exec-2] DEBUG o.s.web.servlet.DispatcherServlet - Completed 200 OK
2025-11-09 15:20:51 [http-nio-8080-exec-3] DEBUG o.s.web.servlet.DispatcherServlet - Completed 200 OK
2025-11-09 15:21:29 [http-nio-8080-exec-4] DEBUG o.s.web.servlet.DispatcherServlet - POST "/api/orders", parameters={}
2025-11-09 15:21:29 [http-nio-8080-exec-4] DEBUG o.s.w.s.m.m.a.RequestMappingHandlerMapping - Mapped to com.WMS_spiders_wholesale_system.controller.OrderController#createOrder(OrderDTO)
2025-11-09 15:21:29 [http-nio-8080-exec-4] DEBUG o.s.w.s.m.m.a.RequestResponseBodyMethodProcessor - Read "application/json;charset=UTF-8" to [com.WMS_spiders_wholesale_system.dto.OrderDTO@28aae137]
2025-11-09 15:21:29 [http-nio-8080-exec-4] INFO  c.W.controller.OrderController - Received request to create a new order.
2025-11-09 15:21:29 [http-nio-8080-exec-4] DEBUG org.hibernate.SQL - select c1_0.id,c1_0.address,c1_0.email,c1_0.first_name,c1_0.last_name,c1_0.parcel_locker,c1_0.telephone from customers c1_0 where c1_0.id=?
2025-11-09 15:21:29 [http-nio-8080-exec-4] TRACE org.hibernate.orm.jdbc.bind - binding parameter (1:VARCHAR) <- [ada0f00f-d1bf-4d7f-8181-f265cc5a5100]
2025-11-09 15:21:29 [http-nio-8080-exec-4] DEBUG org.hibernate.SQL - select s1_0.id,s1_0.gender,s1_0.is_cites,o1_0.id,o1_0.courier_company,o1_0.customer_id,o1_0.date,o1_0.price,o1_0.self_collection,o1_0.shipment_number,o1_0.status,s1_0.price,s1_0.quantity,s1_0.size,s1_0.species_name,s1_0.type_name from spiders s1_0 left join orders o1_0 on o1_0.id=s1_0.order_id where s1_0.id=?
2025-11-09 15:21:29 [http-nio-8080-exec-4] TRACE org.hibernate.orm.jdbc.bind - binding parameter (1:VARCHAR) <- [d27e6c78-870f-4005-bac7-983c664569a8]
2025-11-09 15:21:29 [http-nio-8080-exec-4] DEBUG org.hibernate.SQL - select s1_0.id,s1_0.gender,s1_0.is_cites,o1_0.id,o1_0.courier_company,o1_0.customer_id,o1_0.date,o1_0.price,o1_0.self_collection,o1_0.shipment_number,o1_0.status,s1_0.price,s1_0.quantity,s1_0.size,s1_0.species_name,s1_0.type_name from spiders s1_0 left join orders o1_0 on o1_0.id=s1_0.order_id where s1_0.id=?
2025-11-09 15:21:29 [http-nio-8080-exec-4] TRACE org.hibernate.orm.jdbc.bind - binding parameter (1:VARCHAR) <- [0a29df47-6372-403c-a55f-6be46a64d83c]
2025-11-09 15:21:29 [http-nio-8080-exec-4] DEBUG org.hibernate.SQL - insert into orders (courier_company,customer_id,date,price,self_collection,shipment_number,status,id) values (?,?,?,?,?,?,?,?)
2025-11-09 15:21:29 [http-nio-8080-exec-4] TRACE org.hibernate.orm.jdbc.bind - binding parameter (1:ENUM) <- [DPD]
2025-11-09 15:21:29 [http-nio-8080-exec-4] TRACE org.hibernate.orm.jdbc.bind - binding parameter (2:VARCHAR) <- [ada0f00f-d1bf-4d7f-8181-f265cc5a5100]
2025-11-09 15:21:29 [http-nio-8080-exec-4] TRACE org.hibernate.orm.jdbc.bind - binding parameter (3:DATE) <- [2025-11-09]
2025-11-09 15:21:29 [http-nio-8080-exec-4] TRACE org.hibernate.orm.jdbc.bind - binding parameter (4:DOUBLE) <- [200.0]
2025-11-09 15:21:29 [http-nio-8080-exec-4] TRACE org.hibernate.orm.jdbc.bind - binding parameter (5:BOOLEAN) <- [true]
2025-11-09 15:21:29 [http-nio-8080-exec-4] TRACE org.hibernate.orm.jdbc.bind - binding parameter (6:VARCHAR) <- [Brak danych]
2025-11-09 15:21:29 [http-nio-8080-exec-4] TRACE org.hibernate.orm.jdbc.bind - binding parameter (7:ENUM) <- [NEW]
2025-11-09 15:21:29 [http-nio-8080-exec-4] TRACE org.hibernate.orm.jdbc.bind - binding parameter (8:VARCHAR) <- [156e0ad4-ce86-426d-a35b-ac4a2f35f4bc]
2025-11-09 15:21:29 [http-nio-8080-exec-4] DEBUG org.hibernate.SQL - insert into ordered_spiders (order_id,quantity,spider_id,id) values (?,?,?,?)
2025-11-09 15:21:29 [http-nio-8080-exec-4] TRACE org.hibernate.orm.jdbc.bind - binding parameter (1:VARCHAR) <- [156e0ad4-ce86-426d-a35b-ac4a2f35f4bc]
2025-11-09 15:21:29 [http-nio-8080-exec-4] TRACE org.hibernate.orm.jdbc.bind - binding parameter (2:INTEGER) <- [1]
2025-11-09 15:21:29 [http-nio-8080-exec-4] TRACE org.hibernate.orm.jdbc.bind - binding parameter (3:VARCHAR) <- [d27e6c78-870f-4005-bac7-983c664569a8]
2025-11-09 15:21:29 [http-nio-8080-exec-4] TRACE org.hibernate.orm.jdbc.bind - binding parameter (4:VARCHAR) <- [dc4c7736-737e-4d87-901c-2d00f0bd50ae]
2025-11-09 15:21:29 [http-nio-8080-exec-4] DEBUG org.hibernate.SQL - insert into ordered_spiders (order_id,quantity,spider_id,id) values (?,?,?,?)
2025-11-09 15:21:29 [http-nio-8080-exec-4] TRACE org.hibernate.orm.jdbc.bind - binding parameter (1:VARCHAR) <- [156e0ad4-ce86-426d-a35b-ac4a2f35f4bc]
2025-11-09 15:21:29 [http-nio-8080-exec-4] TRACE org.hibernate.orm.jdbc.bind - binding parameter (2:INTEGER) <- [1]
2025-11-09 15:21:29 [http-nio-8080-exec-4] TRACE org.hibernate.orm.jdbc.bind - binding parameter (3:VARCHAR) <- [0a29df47-6372-403c-a55f-6be46a64d83c]
2025-11-09 15:21:29 [http-nio-8080-exec-4] TRACE org.hibernate.orm.jdbc.bind - binding parameter (4:VARCHAR) <- [61d66629-36de-440f-842a-06d63c713e2c]
2025-11-09 15:21:29 [http-nio-8080-exec-4] DEBUG org.hibernate.SQL - update spiders set gender=?,is_cites=?,order_id=?,price=?,quantity=?,size=?,species_name=?,type_name=? where id=?
2025-11-09 15:21:29 [http-nio-8080-exec-4] TRACE org.hibernate.orm.jdbc.bind - binding parameter (1:TINYINT) <- [FEMALE]
2025-11-09 15:21:29 [http-nio-8080-exec-4] TRACE org.hibernate.orm.jdbc.bind - binding parameter (2:BOOLEAN) <- [false]
2025-11-09 15:21:29 [http-nio-8080-exec-4] TRACE org.hibernate.orm.jdbc.bind - binding parameter (3:VARCHAR) <- [null]
2025-11-09 15:21:29 [http-nio-8080-exec-4] TRACE org.hibernate.orm.jdbc.bind - binding parameter (4:DOUBLE) <- [230.0]
2025-11-09 15:21:29 [http-nio-8080-exec-4] TRACE org.hibernate.orm.jdbc.bind - binding parameter (5:INTEGER) <- [2]
2025-11-09 15:21:29 [http-nio-8080-exec-4] TRACE org.hibernate.orm.jdbc.bind - binding parameter (6:VARCHAR) <- [5DC]
2025-11-09 15:21:29 [http-nio-8080-exec-4] TRACE org.hibernate.orm.jdbc.bind - binding parameter (7:VARCHAR) <- [sp. machalla]
2025-11-09 15:21:29 [http-nio-8080-exec-4] TRACE org.hibernate.orm.jdbc.bind - binding parameter (8:VARCHAR) <- [Pamphobeteus]
2025-11-09 15:21:29 [http-nio-8080-exec-4] TRACE org.hibernate.orm.jdbc.bind - binding parameter (9:VARCHAR) <- [d27e6c78-870f-4005-bac7-983c664569a8]
2025-11-09 15:21:29 [http-nio-8080-exec-4] DEBUG org.hibernate.SQL - update spiders set gender=?,is_cites=?,order_id=?,price=?,quantity=?,size=?,species_name=?,type_name=? where id=?
2025-11-09 15:21:29 [http-nio-8080-exec-4] TRACE org.hibernate.orm.jdbc.bind - binding parameter (1:TINYINT) <- [null]
2025-11-09 15:21:29 [http-nio-8080-exec-4] TRACE org.hibernate.orm.jdbc.bind - binding parameter (2:BOOLEAN) <- [false]
2025-11-09 15:21:29 [http-nio-8080-exec-4] TRACE org.hibernate.orm.jdbc.bind - binding parameter (3:VARCHAR) <- [null]
2025-11-09 15:21:29 [http-nio-8080-exec-4] TRACE org.hibernate.orm.jdbc.bind - binding parameter (4:DOUBLE) <- [40.0]
2025-11-09 15:21:29 [http-nio-8080-exec-4] TRACE org.hibernate.orm.jdbc.bind - binding parameter (5:INTEGER) <- [19]
2025-11-09 15:21:29 [http-nio-8080-exec-4] TRACE org.hibernate.orm.jdbc.bind - binding parameter (6:VARCHAR) <- [L1]
2025-11-09 15:21:29 [http-nio-8080-exec-4] TRACE org.hibernate.orm.jdbc.bind - binding parameter (7:VARCHAR) <- [Metallica]
2025-11-09 15:21:29 [http-nio-8080-exec-4] TRACE org.hibernate.orm.jdbc.bind - binding parameter (8:VARCHAR) <- [Avicularia]
2025-11-09 15:21:29 [http-nio-8080-exec-4] TRACE org.hibernate.orm.jdbc.bind - binding parameter (9:VARCHAR) <- [0a29df47-6372-403c-a55f-6be46a64d83c]
2025-11-09 15:21:29 [http-nio-8080-exec-4] DEBUG o.s.w.s.m.m.a.HttpEntityMethodProcessor - Using 'application/json', given [*/*] and supported [application/json, application/*+json]
2025-11-09 15:21:29 [http-nio-8080-exec-4] DEBUG o.s.w.s.m.m.a.HttpEntityMethodProcessor - Writing [com.WMS_spiders_wholesale_system.dto.OrderDTO@20134c01]
2025-11-09 15:21:29 [http-nio-8080-exec-4] DEBUG o.s.web.servlet.DispatcherServlet - Completed 201 CREATED
2025-11-09 15:21:29 [http-nio-8080-exec-5] DEBUG o.s.web.servlet.DispatcherServlet - GET "/api/orders?size=1000", parameters={masked}
2025-11-09 15:21:29 [http-nio-8080-exec-5] DEBUG o.s.w.s.m.m.a.RequestMappingHandlerMapping - Mapped to com.WMS_spiders_wholesale_system.controller.OrderController#getAllOrders(int, int, String, String)
2025-11-09 15:21:29 [http-nio-8080-exec-5] DEBUG org.hibernate.SQL - select o1_0.id,o1_0.courier_company,c1_0.id,c1_0.address,c1_0.email,c1_0.first_name,c1_0.last_name,c1_0.parcel_locker,c1_0.telephone,o1_0.date,os1_0.order_id,os1_0.id,os1_0.quantity,os1_0.spider_id,o1_0.price,o1_0.self_collection,o1_0.shipment_number,o1_0.status from orders o1_0 left join customers c1_0 on c1_0.id=o1_0.customer_id left join ordered_spiders os1_0 on o1_0.id=os1_0.order_id order by o1_0.date desc
2025-11-09 15:21:29 [http-nio-8080-exec-5] DEBUG org.hibernate.SQL - select s1_0.id,s1_0.gender,s1_0.is_cites,o1_0.id,o1_0.courier_company,o1_0.customer_id,o1_0.date,o1_0.price,o1_0.self_collection,o1_0.shipment_number,o1_0.status,s1_0.price,s1_0.quantity,s1_0.size,s1_0.species_name,s1_0.type_name from spiders s1_0 left join orders o1_0 on o1_0.id=s1_0.order_id where s1_0.id=?
2025-11-09 15:21:29 [http-nio-8080-exec-5] TRACE org.hibernate.orm.jdbc.bind - binding parameter (1:VARCHAR) <- [0a29df47-6372-403c-a55f-6be46a64d83c]
2025-11-09 15:21:29 [http-nio-8080-exec-5] DEBUG org.hibernate.SQL - select s1_0.id,s1_0.gender,s1_0.is_cites,o1_0.id,o1_0.courier_company,o1_0.customer_id,o1_0.date,o1_0.price,o1_0.self_collection,o1_0.shipment_number,o1_0.status,s1_0.price,s1_0.quantity,s1_0.size,s1_0.species_name,s1_0.type_name from spiders s1_0 left join orders o1_0 on o1_0.id=s1_0.order_id where s1_0.id=?
2025-11-09 15:21:29 [http-nio-8080-exec-5] TRACE org.hibernate.orm.jdbc.bind - binding parameter (1:VARCHAR) <- [d27e6c78-870f-4005-bac7-983c664569a8]
2025-11-09 15:21:29 [http-nio-8080-exec-5] DEBUG org.hibernate.SQL - select s1_0.id,s1_0.gender,s1_0.is_cites,o1_0.id,o1_0.courier_company,o1_0.customer_id,o1_0.date,o1_0.price,o1_0.self_collection,o1_0.shipment_number,o1_0.status,s1_0.price,s1_0.quantity,s1_0.size,s1_0.species_name,s1_0.type_name from spiders s1_0 left join orders o1_0 on o1_0.id=s1_0.order_id where s1_0.id=?
2025-11-09 15:21:29 [http-nio-8080-exec-5] TRACE org.hibernate.orm.jdbc.bind - binding parameter (1:VARCHAR) <- [26b59160-730e-4c8f-9dc4-f70d5548d1cb]
2025-11-09 15:21:29 [http-nio-8080-exec-5] DEBUG org.hibernate.SQL - select s1_0.id,s1_0.gender,s1_0.is_cites,o1_0.id,o1_0.courier_company,o1_0.customer_id,o1_0.date,o1_0.price,o1_0.self_collection,o1_0.shipment_number,o1_0.status,s1_0.price,s1_0.quantity,s1_0.size,s1_0.species_name,s1_0.type_name from spiders s1_0 left join orders o1_0 on o1_0.id=s1_0.order_id where s1_0.id=?
2025-11-09 15:21:29 [http-nio-8080-exec-5] TRACE org.hibernate.orm.jdbc.bind - binding parameter (1:VARCHAR) <- [1be47209-644e-4c77-ad21-ebaaac7a0b1a]
2025-11-09 15:21:29 [http-nio-8080-exec-5] DEBUG org.hibernate.SQL - select s1_0.id,s1_0.gender,s1_0.is_cites,o1_0.id,o1_0.courier_company,o1_0.customer_id,o1_0.date,o1_0.price,o1_0.self_collection,o1_0.shipment_number,o1_0.status,s1_0.price,s1_0.quantity,s1_0.size,s1_0.species_name,s1_0.type_name from spiders s1_0 left join orders o1_0 on o1_0.id=s1_0.order_id where s1_0.id=?
2025-11-09 15:21:29 [http-nio-8080-exec-5] TRACE org.hibernate.orm.jdbc.bind - binding parameter (1:VARCHAR) <- [6e0ab419-40be-4ba0-9476-8f93adc93515]
2025-11-09 15:21:29 [http-nio-8080-exec-5] DEBUG org.hibernate.SQL - select s1_0.id,s1_0.gender,s1_0.is_cites,o1_0.id,o1_0.courier_company,o1_0.customer_id,o1_0.date,o1_0.price,o1_0.self_collection,o1_0.shipment_number,o1_0.status,s1_0.price,s1_0.quantity,s1_0.size,s1_0.species_name,s1_0.type_name from spiders s1_0 left join orders o1_0 on o1_0.id=s1_0.order_id where s1_0.id=?
2025-11-09 15:21:29 [http-nio-8080-exec-5] TRACE org.hibernate.orm.jdbc.bind - binding parameter (1:VARCHAR) <- [e824a860-23eb-423d-ac8c-956329b1590d]
2025-11-09 15:21:29 [http-nio-8080-exec-5] DEBUG org.hibernate.SQL - select s1_0.id,s1_0.gender,s1_0.is_cites,o1_0.id,o1_0.courier_company,o1_0.customer_id,o1_0.date,o1_0.price,o1_0.self_collection,o1_0.shipment_number,o1_0.status,s1_0.price,s1_0.quantity,s1_0.size,s1_0.species_name,s1_0.type_name from spiders s1_0 left join orders o1_0 on o1_0.id=s1_0.order_id where s1_0.id=?
2025-11-09 15:21:29 [http-nio-8080-exec-5] TRACE org.hibernate.orm.jdbc.bind - binding parameter (1:VARCHAR) <- [7d2670e4-f537-4b73-81e2-649301cb2c48]
2025-11-09 15:21:29 [http-nio-8080-exec-5] DEBUG org.hibernate.SQL - select s1_0.id,s1_0.gender,s1_0.is_cites,o1_0.id,o1_0.courier_company,o1_0.customer_id,o1_0.date,o1_0.price,o1_0.self_collection,o1_0.shipment_number,o1_0.status,s1_0.price,s1_0.quantity,s1_0.size,s1_0.species_name,s1_0.type_name from spiders s1_0 left join orders o1_0 on o1_0.id=s1_0.order_id where s1_0.id=?
2025-11-09 15:21:29 [http-nio-8080-exec-5] TRACE org.hibernate.orm.jdbc.bind - binding parameter (1:VARCHAR) <- [c77e1e3d-ca26-4927-98bf-847756cddfe2]
2025-11-09 15:21:29 [http-nio-8080-exec-5] DEBUG o.s.w.s.m.m.a.HttpEntityMethodProcessor - Using 'application/json', given [*/*] and supported [application/json, application/*+json]
2025-11-09 15:21:29 [http-nio-8080-exec-5] DEBUG o.s.w.s.m.m.a.HttpEntityMethodProcessor - Writing [Page 1 of 1 containing com.WMS_spiders_wholesale_system.dto.OrderDTO instances]
2025-11-09 15:21:29 [http-nio-8080-exec-5] DEBUG o.s.web.servlet.DispatcherServlet - Completed 200 OK
2025-11-09 16:02:56 [SpringApplicationShutdownHook] INFO  o.s.b.w.e.tomcat.GracefulShutdown - Commencing graceful shutdown. Waiting for active requests to complete
2025-11-09 16:02:56 [tomcat-shutdown] INFO  o.s.b.w.e.tomcat.GracefulShutdown - Graceful shutdown complete
2025-11-09 16:02:56 [SpringApplicationShutdownHook] INFO  o.s.o.j.LocalContainerEntityManagerFactoryBean - Closing JPA EntityManagerFactory for persistence unit 'default'
2025-11-09 16:02:56 [SpringApplicationShutdownHook] INFO  com.zaxxer.hikari.HikariDataSource - HikariPool-1 - Shutdown initiated...
2025-11-09 16:02:56 [SpringApplicationShutdownHook] INFO  com.zaxxer.hikari.HikariDataSource - HikariPool-1 - Shutdown completed.
