2025-10-04 19:33:30 [restartedMain] INFO  c.W.CoolSpidersApplication - Starting CoolSpidersApplication using Java 24.0.1 with PID 12080 (/Users/kuba/Library/Mobile Documents/com~apple~CloudDocs/Documents/Dokumenty – MacBook Air (Kuba)/repo/WMS-spider-wholesale-system/target/classes started by kuba in /Users/kuba/Library/Mobile Documents/com~apple~CloudDocs/Documents/Dokumenty – MacBook Air (Kuba)/repo/WMS-spider-wholesale-system)
2025-10-04 19:33:30 [restartedMain] INFO  c.W.CoolSpidersApplication - No active profile set, falling back to 1 default profile: "default"
2025-10-04 19:33:30 [restartedMain] INFO  o.s.b.d.e.DevToolsPropertyDefaultsPostProcessor - Devtools property defaults active! Set 'spring.devtools.add-properties' to 'false' to disable
2025-10-04 19:33:30 [restartedMain] INFO  o.s.b.d.e.DevToolsPropertyDefaultsPostProcessor - For additional web related logging consider setting the 'logging.level.web' property to 'DEBUG'
2025-10-04 19:33:30 [restartedMain] INFO  o.s.d.r.c.RepositoryConfigurationDelegate - Bootstrapping Spring Data JPA repositories in DEFAULT mode.
2025-10-04 19:33:30 [restartedMain] INFO  o.s.d.r.c.RepositoryConfigurationDelegate - Finished Spring Data repository scanning in 26 ms. Found 3 JPA repository interfaces.
2025-10-04 19:33:30 [restartedMain] INFO  o.s.b.w.e.tomcat.TomcatWebServer - Tomcat initialized with port 8080 (http)
2025-10-04 19:33:30 [restartedMain] INFO  o.a.coyote.http11.Http11NioProtocol - Initializing ProtocolHandler ["http-nio-8080"]
2025-10-04 19:33:30 [restartedMain] INFO  o.a.catalina.core.StandardService - Starting service [Tomcat]
2025-10-04 19:33:30 [restartedMain] INFO  o.a.catalina.core.StandardEngine - Starting Servlet engine: [Apache Tomcat/10.1.43]
2025-10-04 19:33:30 [restartedMain] INFO  o.a.c.c.C.[Tomcat].[localhost].[/] - Initializing Spring embedded WebApplicationContext
2025-10-04 19:33:30 [restartedMain] INFO  o.s.b.w.s.c.ServletWebServerApplicationContext - Root WebApplicationContext: initialization completed in 619 ms
2025-10-04 19:33:31 [restartedMain] INFO  o.s.o.j.p.SpringPersistenceUnitInfo - No LoadTimeWeaver setup: ignoring JPA class transformer
2025-10-04 19:33:31 [restartedMain] INFO  com.zaxxer.hikari.HikariDataSource - HikariPool-1 - Starting...
2025-10-04 19:33:31 [restartedMain] INFO  com.zaxxer.hikari.pool.HikariPool - HikariPool-1 - Added connection com.mysql.cj.jdbc.ConnectionImpl@2a5df7e0
2025-10-04 19:33:31 [restartedMain] INFO  com.zaxxer.hikari.HikariDataSource - HikariPool-1 - Start completed.
2025-10-04 19:33:32 [restartedMain] INFO  o.s.o.j.LocalContainerEntityManagerFactoryBean - Initialized JPA EntityManagerFactory for persistence unit 'default'
2025-10-04 19:33:32 [restartedMain] INFO  o.s.d.j.r.query.QueryEnhancerFactory - Hibernate is in classpath; If applicable, HQL parser will be used.
2025-10-04 19:33:33 [restartedMain] WARN  o.s.b.a.o.j.JpaBaseConfiguration$JpaWebConfiguration - spring.jpa.open-in-view is enabled by default. Therefore, database queries may be performed during view rendering. Explicitly configure spring.jpa.open-in-view to disable this warning
2025-10-04 19:33:33 [restartedMain] INFO  o.s.b.a.w.s.WelcomePageHandlerMapping - Adding welcome page: class path resource [static/index.html]
2025-10-04 19:33:33 [restartedMain] DEBUG o.s.w.s.m.m.a.RequestMappingHandlerMapping - 18 mappings in 'requestMappingHandlerMapping'
2025-10-04 19:33:33 [restartedMain] DEBUG o.s.w.s.h.SimpleUrlHandlerMapping - Patterns [/webjars/**, /**] in 'resourceHandlerMapping'
2025-10-04 19:33:33 [restartedMain] DEBUG o.s.w.s.m.m.a.RequestMappingHandlerAdapter - ControllerAdvice beans: 0 @ModelAttribute, 0 @InitBinder, 1 RequestBodyAdvice, 1 ResponseBodyAdvice
2025-10-04 19:33:33 [restartedMain] WARN  o.s.b.a.t.ThymeleafAutoConfiguration$DefaultTemplateResolverConfiguration - Cannot find template location: classpath:/templates/ (please add some templates, check your Thymeleaf configuration, or set spring.thymeleaf.check-template-location=false)
2025-10-04 19:33:33 [restartedMain] DEBUG o.s.w.s.m.m.a.ExceptionHandlerExceptionResolver - ControllerAdvice beans: 1 @ExceptionHandler, 1 ResponseBodyAdvice
2025-10-04 19:33:33 [restartedMain] INFO  o.s.b.d.a.OptionalLiveReloadServer - LiveReload server is running on port 35729
2025-10-04 19:33:33 [restartedMain] INFO  o.a.coyote.http11.Http11NioProtocol - Starting ProtocolHandler ["http-nio-8080"]
2025-10-04 19:33:33 [restartedMain] INFO  o.s.b.w.e.tomcat.TomcatWebServer - Tomcat started on port 8080 (http) with context path '/'
2025-10-04 19:33:33 [restartedMain] INFO  c.W.CoolSpidersApplication - Started CoolSpidersApplication in 3.588 seconds (process running for 4.585)
2025-10-04 19:33:42 [http-nio-8080-exec-1] INFO  o.a.c.c.C.[Tomcat].[localhost].[/] - Initializing Spring DispatcherServlet 'dispatcherServlet'
2025-10-04 19:33:42 [http-nio-8080-exec-1] INFO  o.s.web.servlet.DispatcherServlet - Initializing Servlet 'dispatcherServlet'
2025-10-04 19:33:42 [http-nio-8080-exec-1] DEBUG o.s.web.servlet.DispatcherServlet - Detected StandardServletMultipartResolver
2025-10-04 19:33:42 [http-nio-8080-exec-1] DEBUG o.s.web.servlet.DispatcherServlet - Detected AcceptHeaderLocaleResolver
2025-10-04 19:33:42 [http-nio-8080-exec-1] DEBUG o.s.web.servlet.DispatcherServlet - Detected FixedThemeResolver
2025-10-04 19:33:42 [http-nio-8080-exec-1] DEBUG o.s.web.servlet.DispatcherServlet - Detected org.springframework.web.servlet.view.DefaultRequestToViewNameTranslator@99b53c3
2025-10-04 19:33:42 [http-nio-8080-exec-1] DEBUG o.s.web.servlet.DispatcherServlet - Detected org.springframework.web.servlet.support.SessionFlashMapManager@72d4cf19
2025-10-04 19:33:42 [http-nio-8080-exec-1] DEBUG o.s.web.servlet.DispatcherServlet - enableLoggingRequestDetails='false': request parameters and headers will be masked to prevent unsafe logging of potentially sensitive data
2025-10-04 19:33:42 [http-nio-8080-exec-1] INFO  o.s.web.servlet.DispatcherServlet - Completed initialization in 5 ms
2025-10-04 19:33:42 [http-nio-8080-exec-1] DEBUG o.s.web.servlet.DispatcherServlet - GET "/index.html", parameters={}
2025-10-04 19:33:42 [http-nio-8080-exec-1] DEBUG o.s.w.s.h.SimpleUrlHandlerMapping - Mapped to ResourceHttpRequestHandler [classpath [META-INF/resources/], classpath [resources/], classpath [static/], classpath [public/], ServletContext [/]]
2025-10-04 19:33:42 [http-nio-8080-exec-1] DEBUG o.s.web.servlet.DispatcherServlet - Completed 200 OK
2025-10-04 19:33:43 [http-nio-8080-exec-2] DEBUG o.s.web.servlet.DispatcherServlet - GET "/api/customers?page=0&size=10&sortBy=lastName", parameters={masked}
2025-10-04 19:33:43 [http-nio-8080-exec-2] DEBUG o.s.w.s.m.m.a.RequestMappingHandlerMapping - Mapped to com.WMS_spiders_wholesale_system.controller.CustomerController#getAllCustomers(int, int, String)
2025-10-04 19:33:43 [http-nio-8080-exec-2] DEBUG org.hibernate.SQL - select c1_0.id,c1_0.address,c1_0.email,c1_0.first_name,c1_0.last_name,c1_0.parcel_locker,c1_0.telephone from customers c1_0 order by c1_0.last_name limit ?,?
2025-10-04 19:33:43 [http-nio-8080-exec-2] TRACE org.hibernate.orm.jdbc.bind - binding parameter (1:INTEGER) <- [0]
2025-10-04 19:33:43 [http-nio-8080-exec-2] TRACE org.hibernate.orm.jdbc.bind - binding parameter (2:INTEGER) <- [10]
2025-10-04 19:33:43 [http-nio-8080-exec-2] WARN  o.s.d.w.c.SpringDataJacksonConfiguration$PageModule$WarningLoggingModifier - Serializing PageImpl instances as-is is not supported, meaning that there is no guarantee about the stability of the resulting JSON structure!
	For a stable JSON structure, please use Spring Data's PagedModel (globally via @EnableSpringDataWebSupport(pageSerializationMode = VIA_DTO))
	or Spring HATEOAS and Spring Data's PagedResourcesAssembler as documented in https://docs.spring.io/spring-data/commons/reference/repositories/core-extensions.html#core.web.pageables.

2025-10-04 19:33:43 [http-nio-8080-exec-2] DEBUG o.s.w.s.m.m.a.HttpEntityMethodProcessor - Using 'application/json', given [*/*] and supported [application/json, application/*+json]
2025-10-04 19:33:43 [http-nio-8080-exec-2] DEBUG o.s.w.s.m.m.a.HttpEntityMethodProcessor - Writing [Page 1 of 1 containing com.WMS_spiders_wholesale_system.dto.CustomerDTO instances]
2025-10-04 19:33:43 [http-nio-8080-exec-2] DEBUG o.s.web.servlet.DispatcherServlet - Completed 200 OK
2025-10-04 19:33:44 [http-nio-8080-exec-3] DEBUG o.s.web.servlet.DispatcherServlet - GET "/favicon.ico", parameters={}
2025-10-04 19:33:44 [http-nio-8080-exec-3] DEBUG o.s.w.s.h.SimpleUrlHandlerMapping - Mapped to ResourceHttpRequestHandler [classpath [META-INF/resources/], classpath [resources/], classpath [static/], classpath [public/], ServletContext [/]]
2025-10-04 19:33:44 [http-nio-8080-exec-3] DEBUG o.s.w.s.r.ResourceHttpRequestHandler - Resource not found
2025-10-04 19:33:44 [http-nio-8080-exec-3] DEBUG o.s.w.s.m.s.DefaultHandlerExceptionResolver - Resolved [org.springframework.web.servlet.resource.NoResourceFoundException: No static resource favicon.ico.]
2025-10-04 19:33:44 [http-nio-8080-exec-3] DEBUG o.s.web.servlet.DispatcherServlet - Completed 404 NOT_FOUND
2025-10-04 19:33:44 [http-nio-8080-exec-3] DEBUG o.s.web.servlet.DispatcherServlet - "ERROR" dispatch for GET "/error", parameters={}
2025-10-04 19:33:44 [http-nio-8080-exec-3] DEBUG o.s.w.s.m.m.a.RequestMappingHandlerMapping - Mapped to org.springframework.boot.autoconfigure.web.servlet.error.BasicErrorController#error(HttpServletRequest)
2025-10-04 19:33:44 [http-nio-8080-exec-3] DEBUG o.s.w.s.m.m.a.HttpEntityMethodProcessor - Using 'application/json;q=0.8', given [image/avif, image/webp, image/apng, image/svg+xml, image/*, */*;q=0.8] and supported [application/json, application/*+json]
2025-10-04 19:33:44 [http-nio-8080-exec-3] DEBUG o.s.w.s.m.m.a.HttpEntityMethodProcessor - Writing [{timestamp=Sat Oct 04 19:33:44 CEST 2025, status=404, error=Not Found, trace=org.springframework.web (truncated)...]
2025-10-04 19:33:44 [http-nio-8080-exec-3] DEBUG o.s.web.servlet.DispatcherServlet - Exiting from "ERROR" dispatch, status 404
2025-10-04 19:33:56 [http-nio-8080-exec-4] DEBUG o.s.web.servlet.DispatcherServlet - GET "/api/spiders?size=1000&sortBy=typeName", parameters={masked}
2025-10-04 19:33:56 [http-nio-8080-exec-4] DEBUG o.s.w.s.m.m.a.RequestMappingHandlerMapping - Mapped to com.WMS_spiders_wholesale_system.controller.SpiderController#getAllSpiders(int, int, String)
2025-10-04 19:33:56 [http-nio-8080-exec-4] DEBUG org.hibernate.SQL - select s1_0.id,s1_0.gender,s1_0.is_cites,s1_0.order_id,s1_0.price,s1_0.quantity,s1_0.size,s1_0.species_name,s1_0.type_name from spiders s1_0 order by s1_0.type_name limit ?,?
2025-10-04 19:33:56 [http-nio-8080-exec-4] TRACE org.hibernate.orm.jdbc.bind - binding parameter (1:INTEGER) <- [0]
2025-10-04 19:33:56 [http-nio-8080-exec-4] TRACE org.hibernate.orm.jdbc.bind - binding parameter (2:INTEGER) <- [1000]
2025-10-04 19:33:57 [http-nio-8080-exec-4] DEBUG o.s.w.s.m.m.a.HttpEntityMethodProcessor - Using 'application/json', given [*/*] and supported [application/json, application/*+json]
2025-10-04 19:33:57 [http-nio-8080-exec-4] DEBUG o.s.w.s.m.m.a.HttpEntityMethodProcessor - Writing [Page 1 of 1 containing com.WMS_spiders_wholesale_system.dto.SpiderDTO instances]
2025-10-04 19:33:57 [http-nio-8080-exec-4] DEBUG o.s.web.servlet.DispatcherServlet - Completed 200 OK
2025-10-04 19:34:03 [http-nio-8080-exec-5] DEBUG o.s.web.servlet.DispatcherServlet - GET "/api/orders?size=1000", parameters={masked}
2025-10-04 19:34:03 [http-nio-8080-exec-5] DEBUG o.s.w.s.m.m.a.RequestMappingHandlerMapping - Mapped to com.WMS_spiders_wholesale_system.controller.OrderController#getAllOrders(int, int, String, String)
2025-10-04 19:34:03 [http-nio-8080-exec-5] DEBUG org.hibernate.SQL - select o1_0.id,o1_0.courier_company,c1_0.id,c1_0.address,c1_0.email,c1_0.first_name,c1_0.last_name,c1_0.parcel_locker,c1_0.telephone,o1_0.date,os1_0.order_id,os1_0.id,os1_0.quantity,os1_0.spider_id,o1_0.price,o1_0.self_collection,o1_0.shipment_number,o1_0.status from orders o1_0 left join customers c1_0 on c1_0.id=o1_0.customer_id left join ordered_spiders os1_0 on o1_0.id=os1_0.order_id order by o1_0.date desc
2025-10-04 19:34:03 [http-nio-8080-exec-5] DEBUG org.hibernate.SQL - select s1_0.id,s1_0.gender,s1_0.is_cites,o1_0.id,o1_0.courier_company,o1_0.customer_id,o1_0.date,o1_0.price,o1_0.self_collection,o1_0.shipment_number,o1_0.status,s1_0.price,s1_0.quantity,s1_0.size,s1_0.species_name,s1_0.type_name from spiders s1_0 left join orders o1_0 on o1_0.id=s1_0.order_id where s1_0.id=?
2025-10-04 19:34:03 [http-nio-8080-exec-5] TRACE org.hibernate.orm.jdbc.bind - binding parameter (1:VARCHAR) <- [1be47209-644e-4c77-ad21-ebaaac7a0b1a]
2025-10-04 19:34:03 [http-nio-8080-exec-5] DEBUG org.hibernate.SQL - select s1_0.id,s1_0.gender,s1_0.is_cites,o1_0.id,o1_0.courier_company,o1_0.customer_id,o1_0.date,o1_0.price,o1_0.self_collection,o1_0.shipment_number,o1_0.status,s1_0.price,s1_0.quantity,s1_0.size,s1_0.species_name,s1_0.type_name from spiders s1_0 left join orders o1_0 on o1_0.id=s1_0.order_id where s1_0.id=?
2025-10-04 19:34:03 [http-nio-8080-exec-5] TRACE org.hibernate.orm.jdbc.bind - binding parameter (1:VARCHAR) <- [6e0ab419-40be-4ba0-9476-8f93adc93515]
2025-10-04 19:34:03 [http-nio-8080-exec-5] DEBUG org.hibernate.SQL - select s1_0.id,s1_0.gender,s1_0.is_cites,o1_0.id,o1_0.courier_company,o1_0.customer_id,o1_0.date,o1_0.price,o1_0.self_collection,o1_0.shipment_number,o1_0.status,s1_0.price,s1_0.quantity,s1_0.size,s1_0.species_name,s1_0.type_name from spiders s1_0 left join orders o1_0 on o1_0.id=s1_0.order_id where s1_0.id=?
2025-10-04 19:34:03 [http-nio-8080-exec-5] TRACE org.hibernate.orm.jdbc.bind - binding parameter (1:VARCHAR) <- [e824a860-23eb-423d-ac8c-956329b1590d]
2025-10-04 19:34:03 [http-nio-8080-exec-5] DEBUG org.hibernate.SQL - select s1_0.id,s1_0.gender,s1_0.is_cites,o1_0.id,o1_0.courier_company,o1_0.customer_id,o1_0.date,o1_0.price,o1_0.self_collection,o1_0.shipment_number,o1_0.status,s1_0.price,s1_0.quantity,s1_0.size,s1_0.species_name,s1_0.type_name from spiders s1_0 left join orders o1_0 on o1_0.id=s1_0.order_id where s1_0.id=?
2025-10-04 19:34:03 [http-nio-8080-exec-5] TRACE org.hibernate.orm.jdbc.bind - binding parameter (1:VARCHAR) <- [0a29df47-6372-403c-a55f-6be46a64d83c]
2025-10-04 19:34:03 [http-nio-8080-exec-5] DEBUG org.hibernate.SQL - select s1_0.id,s1_0.gender,s1_0.is_cites,o1_0.id,o1_0.courier_company,o1_0.customer_id,o1_0.date,o1_0.price,o1_0.self_collection,o1_0.shipment_number,o1_0.status,s1_0.price,s1_0.quantity,s1_0.size,s1_0.species_name,s1_0.type_name from spiders s1_0 left join orders o1_0 on o1_0.id=s1_0.order_id where s1_0.id=?
2025-10-04 19:34:03 [http-nio-8080-exec-5] TRACE org.hibernate.orm.jdbc.bind - binding parameter (1:VARCHAR) <- [7d2670e4-f537-4b73-81e2-649301cb2c48]
2025-10-04 19:34:03 [http-nio-8080-exec-5] DEBUG org.hibernate.SQL - select s1_0.id,s1_0.gender,s1_0.is_cites,o1_0.id,o1_0.courier_company,o1_0.customer_id,o1_0.date,o1_0.price,o1_0.self_collection,o1_0.shipment_number,o1_0.status,s1_0.price,s1_0.quantity,s1_0.size,s1_0.species_name,s1_0.type_name from spiders s1_0 left join orders o1_0 on o1_0.id=s1_0.order_id where s1_0.id=?
2025-10-04 19:34:03 [http-nio-8080-exec-5] TRACE org.hibernate.orm.jdbc.bind - binding parameter (1:VARCHAR) <- [c77e1e3d-ca26-4927-98bf-847756cddfe2]
2025-10-04 19:34:03 [http-nio-8080-exec-5] DEBUG o.s.w.s.m.m.a.HttpEntityMethodProcessor - Using 'application/json', given [*/*] and supported [application/json, application/*+json]
2025-10-04 19:34:03 [http-nio-8080-exec-5] DEBUG o.s.w.s.m.m.a.HttpEntityMethodProcessor - Writing [Page 1 of 1 containing com.WMS_spiders_wholesale_system.dto.OrderDTO instances]
2025-10-04 19:34:03 [http-nio-8080-exec-5] DEBUG o.s.web.servlet.DispatcherServlet - Completed 200 OK
2025-10-04 19:34:09 [http-nio-8080-exec-6] DEBUG o.s.web.servlet.DispatcherServlet - GET "/api/customers?size=100", parameters={masked}
2025-10-04 19:34:09 [http-nio-8080-exec-7] DEBUG o.s.web.servlet.DispatcherServlet - GET "/api/spiders?size=100&sortBy=typeName", parameters={masked}
2025-10-04 19:34:09 [http-nio-8080-exec-6] DEBUG o.s.w.s.m.m.a.RequestMappingHandlerMapping - Mapped to com.WMS_spiders_wholesale_system.controller.CustomerController#getAllCustomers(int, int, String)
2025-10-04 19:34:09 [http-nio-8080-exec-7] DEBUG o.s.w.s.m.m.a.RequestMappingHandlerMapping - Mapped to com.WMS_spiders_wholesale_system.controller.SpiderController#getAllSpiders(int, int, String)
2025-10-04 19:34:09 [http-nio-8080-exec-7] DEBUG org.hibernate.SQL - select s1_0.id,s1_0.gender,s1_0.is_cites,s1_0.order_id,s1_0.price,s1_0.quantity,s1_0.size,s1_0.species_name,s1_0.type_name from spiders s1_0 order by s1_0.type_name limit ?,?
2025-10-04 19:34:09 [http-nio-8080-exec-6] DEBUG org.hibernate.SQL - select c1_0.id,c1_0.address,c1_0.email,c1_0.first_name,c1_0.last_name,c1_0.parcel_locker,c1_0.telephone from customers c1_0 order by c1_0.id limit ?,?
2025-10-04 19:34:09 [http-nio-8080-exec-6] TRACE org.hibernate.orm.jdbc.bind - binding parameter (1:INTEGER) <- [0]
2025-10-04 19:34:09 [http-nio-8080-exec-6] TRACE org.hibernate.orm.jdbc.bind - binding parameter (2:INTEGER) <- [100]
2025-10-04 19:34:09 [http-nio-8080-exec-7] TRACE org.hibernate.orm.jdbc.bind - binding parameter (1:INTEGER) <- [0]
2025-10-04 19:34:09 [http-nio-8080-exec-7] TRACE org.hibernate.orm.jdbc.bind - binding parameter (2:INTEGER) <- [100]
2025-10-04 19:34:09 [http-nio-8080-exec-6] DEBUG o.s.w.s.m.m.a.HttpEntityMethodProcessor - Using 'application/json', given [*/*] and supported [application/json, application/*+json]
2025-10-04 19:34:09 [http-nio-8080-exec-6] DEBUG o.s.w.s.m.m.a.HttpEntityMethodProcessor - Writing [Page 1 of 1 containing com.WMS_spiders_wholesale_system.dto.CustomerDTO instances]
2025-10-04 19:34:09 [http-nio-8080-exec-7] DEBUG o.s.w.s.m.m.a.HttpEntityMethodProcessor - Using 'application/json', given [*/*] and supported [application/json, application/*+json]
2025-10-04 19:34:09 [http-nio-8080-exec-7] DEBUG o.s.w.s.m.m.a.HttpEntityMethodProcessor - Writing [Page 1 of 1 containing com.WMS_spiders_wholesale_system.dto.SpiderDTO instances]
2025-10-04 19:34:09 [http-nio-8080-exec-6] DEBUG o.s.web.servlet.DispatcherServlet - Completed 200 OK
2025-10-04 19:34:09 [http-nio-8080-exec-7] DEBUG o.s.web.servlet.DispatcherServlet - Completed 200 OK
2025-10-04 19:34:58 [http-nio-8080-exec-8] DEBUG o.s.web.servlet.DispatcherServlet - POST "/api/orders", parameters={}
2025-10-04 19:34:58 [http-nio-8080-exec-8] DEBUG o.s.w.s.m.m.a.RequestMappingHandlerMapping - Mapped to com.WMS_spiders_wholesale_system.controller.OrderController#createOrder(OrderDTO)
2025-10-04 19:34:58 [http-nio-8080-exec-8] DEBUG o.s.w.s.m.m.a.RequestResponseBodyMethodProcessor - Read "application/json;charset=UTF-8" to [com.WMS_spiders_wholesale_system.dto.OrderDTO@30150375]
2025-10-04 19:34:58 [http-nio-8080-exec-8] INFO  c.W.controller.OrderController - Received request to create a new order.
2025-10-04 19:34:58 [http-nio-8080-exec-8] DEBUG org.hibernate.SQL - select c1_0.id,c1_0.address,c1_0.email,c1_0.first_name,c1_0.last_name,c1_0.parcel_locker,c1_0.telephone from customers c1_0 where c1_0.id=?
2025-10-04 19:34:58 [http-nio-8080-exec-8] TRACE org.hibernate.orm.jdbc.bind - binding parameter (1:VARCHAR) <- [c0c379fb-9802-4abb-ae49-97a9ae87160c]
2025-10-04 19:34:58 [http-nio-8080-exec-8] DEBUG org.hibernate.SQL - select s1_0.id,s1_0.gender,s1_0.is_cites,o1_0.id,o1_0.courier_company,o1_0.customer_id,o1_0.date,o1_0.price,o1_0.self_collection,o1_0.shipment_number,o1_0.status,s1_0.price,s1_0.quantity,s1_0.size,s1_0.species_name,s1_0.type_name from spiders s1_0 left join orders o1_0 on o1_0.id=s1_0.order_id where s1_0.id=?
2025-10-04 19:34:58 [http-nio-8080-exec-8] TRACE org.hibernate.orm.jdbc.bind - binding parameter (1:VARCHAR) <- [26b59160-730e-4c8f-9dc4-f70d5548d1cb]
2025-10-04 19:34:58 [http-nio-8080-exec-8] DEBUG org.hibernate.SQL - insert into orders (courier_company,customer_id,date,price,self_collection,shipment_number,status,id) values (?,?,?,?,?,?,?,?)
2025-10-04 19:34:58 [http-nio-8080-exec-8] TRACE org.hibernate.orm.jdbc.bind - binding parameter (1:ENUM) <- [DPD]
2025-10-04 19:34:58 [http-nio-8080-exec-8] TRACE org.hibernate.orm.jdbc.bind - binding parameter (2:VARCHAR) <- [c0c379fb-9802-4abb-ae49-97a9ae87160c]
2025-10-04 19:34:58 [http-nio-8080-exec-8] TRACE org.hibernate.orm.jdbc.bind - binding parameter (3:DATE) <- [2025-10-04]
2025-10-04 19:34:58 [http-nio-8080-exec-8] TRACE org.hibernate.orm.jdbc.bind - binding parameter (4:DOUBLE) <- [1050.0]
2025-10-04 19:34:58 [http-nio-8080-exec-8] TRACE org.hibernate.orm.jdbc.bind - binding parameter (5:BOOLEAN) <- [false]
2025-10-04 19:34:58 [http-nio-8080-exec-8] TRACE org.hibernate.orm.jdbc.bind - binding parameter (6:VARCHAR) <- []
2025-10-04 19:34:58 [http-nio-8080-exec-8] TRACE org.hibernate.orm.jdbc.bind - binding parameter (7:ENUM) <- [NEW]
2025-10-04 19:34:58 [http-nio-8080-exec-8] TRACE org.hibernate.orm.jdbc.bind - binding parameter (8:VARCHAR) <- [b63f460c-b43a-4c3e-9719-e0d441918173]
2025-10-04 19:34:58 [http-nio-8080-exec-8] DEBUG org.hibernate.SQL - insert into ordered_spiders (order_id,quantity,spider_id,id) values (?,?,?,?)
2025-10-04 19:34:58 [http-nio-8080-exec-8] TRACE org.hibernate.orm.jdbc.bind - binding parameter (1:VARCHAR) <- [b63f460c-b43a-4c3e-9719-e0d441918173]
2025-10-04 19:34:58 [http-nio-8080-exec-8] TRACE org.hibernate.orm.jdbc.bind - binding parameter (2:INTEGER) <- [7]
2025-10-04 19:34:58 [http-nio-8080-exec-8] TRACE org.hibernate.orm.jdbc.bind - binding parameter (3:VARCHAR) <- [26b59160-730e-4c8f-9dc4-f70d5548d1cb]
2025-10-04 19:34:58 [http-nio-8080-exec-8] TRACE org.hibernate.orm.jdbc.bind - binding parameter (4:VARCHAR) <- [1d1189b4-4f36-4607-bb9e-5f62fe858d9e]
2025-10-04 19:34:58 [http-nio-8080-exec-8] DEBUG org.hibernate.SQL - update spiders set gender=?,is_cites=?,order_id=?,price=?,quantity=?,size=?,species_name=?,type_name=? where id=?
2025-10-04 19:34:58 [http-nio-8080-exec-8] TRACE org.hibernate.orm.jdbc.bind - binding parameter (1:TINYINT) <- [null]
2025-10-04 19:34:58 [http-nio-8080-exec-8] TRACE org.hibernate.orm.jdbc.bind - binding parameter (2:BOOLEAN) <- [true]
2025-10-04 19:34:58 [http-nio-8080-exec-8] TRACE org.hibernate.orm.jdbc.bind - binding parameter (3:VARCHAR) <- [null]
2025-10-04 19:34:58 [http-nio-8080-exec-8] TRACE org.hibernate.orm.jdbc.bind - binding parameter (4:DOUBLE) <- [150.0]
2025-10-04 19:34:58 [http-nio-8080-exec-8] TRACE org.hibernate.orm.jdbc.bind - binding parameter (5:INTEGER) <- [53]
2025-10-04 19:34:58 [http-nio-8080-exec-8] TRACE org.hibernate.orm.jdbc.bind - binding parameter (6:VARCHAR) <- [2DC]
2025-10-04 19:34:58 [http-nio-8080-exec-8] TRACE org.hibernate.orm.jdbc.bind - binding parameter (7:VARCHAR) <- [Metallica]
2025-10-04 19:34:58 [http-nio-8080-exec-8] TRACE org.hibernate.orm.jdbc.bind - binding parameter (8:VARCHAR) <- [Poecilotheria]
2025-10-04 19:34:58 [http-nio-8080-exec-8] TRACE org.hibernate.orm.jdbc.bind - binding parameter (9:VARCHAR) <- [26b59160-730e-4c8f-9dc4-f70d5548d1cb]
2025-10-04 19:34:58 [http-nio-8080-exec-8] DEBUG o.s.w.s.m.m.a.HttpEntityMethodProcessor - Using 'application/json', given [*/*] and supported [application/json, application/*+json]
2025-10-04 19:34:58 [http-nio-8080-exec-8] DEBUG o.s.w.s.m.m.a.HttpEntityMethodProcessor - Writing [com.WMS_spiders_wholesale_system.dto.OrderDTO@1bbd6915]
2025-10-04 19:34:58 [http-nio-8080-exec-8] DEBUG o.s.web.servlet.DispatcherServlet - Completed 201 CREATED
2025-10-04 19:34:58 [http-nio-8080-exec-9] DEBUG o.s.web.servlet.DispatcherServlet - GET "/api/orders?size=1000", parameters={masked}
2025-10-04 19:34:58 [http-nio-8080-exec-9] DEBUG o.s.w.s.m.m.a.RequestMappingHandlerMapping - Mapped to com.WMS_spiders_wholesale_system.controller.OrderController#getAllOrders(int, int, String, String)
2025-10-04 19:34:58 [http-nio-8080-exec-9] DEBUG org.hibernate.SQL - select o1_0.id,o1_0.courier_company,c1_0.id,c1_0.address,c1_0.email,c1_0.first_name,c1_0.last_name,c1_0.parcel_locker,c1_0.telephone,o1_0.date,os1_0.order_id,os1_0.id,os1_0.quantity,os1_0.spider_id,o1_0.price,o1_0.self_collection,o1_0.shipment_number,o1_0.status from orders o1_0 left join customers c1_0 on c1_0.id=o1_0.customer_id left join ordered_spiders os1_0 on o1_0.id=os1_0.order_id order by o1_0.date desc
2025-10-04 19:34:58 [http-nio-8080-exec-9] DEBUG org.hibernate.SQL - select s1_0.id,s1_0.gender,s1_0.is_cites,o1_0.id,o1_0.courier_company,o1_0.customer_id,o1_0.date,o1_0.price,o1_0.self_collection,o1_0.shipment_number,o1_0.status,s1_0.price,s1_0.quantity,s1_0.size,s1_0.species_name,s1_0.type_name from spiders s1_0 left join orders o1_0 on o1_0.id=s1_0.order_id where s1_0.id=?
2025-10-04 19:34:58 [http-nio-8080-exec-9] TRACE org.hibernate.orm.jdbc.bind - binding parameter (1:VARCHAR) <- [26b59160-730e-4c8f-9dc4-f70d5548d1cb]
2025-10-04 19:34:58 [http-nio-8080-exec-9] DEBUG org.hibernate.SQL - select s1_0.id,s1_0.gender,s1_0.is_cites,o1_0.id,o1_0.courier_company,o1_0.customer_id,o1_0.date,o1_0.price,o1_0.self_collection,o1_0.shipment_number,o1_0.status,s1_0.price,s1_0.quantity,s1_0.size,s1_0.species_name,s1_0.type_name from spiders s1_0 left join orders o1_0 on o1_0.id=s1_0.order_id where s1_0.id=?
2025-10-04 19:34:58 [http-nio-8080-exec-9] TRACE org.hibernate.orm.jdbc.bind - binding parameter (1:VARCHAR) <- [1be47209-644e-4c77-ad21-ebaaac7a0b1a]
2025-10-04 19:34:58 [http-nio-8080-exec-9] DEBUG org.hibernate.SQL - select s1_0.id,s1_0.gender,s1_0.is_cites,o1_0.id,o1_0.courier_company,o1_0.customer_id,o1_0.date,o1_0.price,o1_0.self_collection,o1_0.shipment_number,o1_0.status,s1_0.price,s1_0.quantity,s1_0.size,s1_0.species_name,s1_0.type_name from spiders s1_0 left join orders o1_0 on o1_0.id=s1_0.order_id where s1_0.id=?
2025-10-04 19:34:58 [http-nio-8080-exec-9] TRACE org.hibernate.orm.jdbc.bind - binding parameter (1:VARCHAR) <- [6e0ab419-40be-4ba0-9476-8f93adc93515]
2025-10-04 19:34:58 [http-nio-8080-exec-9] DEBUG org.hibernate.SQL - select s1_0.id,s1_0.gender,s1_0.is_cites,o1_0.id,o1_0.courier_company,o1_0.customer_id,o1_0.date,o1_0.price,o1_0.self_collection,o1_0.shipment_number,o1_0.status,s1_0.price,s1_0.quantity,s1_0.size,s1_0.species_name,s1_0.type_name from spiders s1_0 left join orders o1_0 on o1_0.id=s1_0.order_id where s1_0.id=?
2025-10-04 19:34:58 [http-nio-8080-exec-9] TRACE org.hibernate.orm.jdbc.bind - binding parameter (1:VARCHAR) <- [e824a860-23eb-423d-ac8c-956329b1590d]
2025-10-04 19:34:58 [http-nio-8080-exec-9] DEBUG org.hibernate.SQL - select s1_0.id,s1_0.gender,s1_0.is_cites,o1_0.id,o1_0.courier_company,o1_0.customer_id,o1_0.date,o1_0.price,o1_0.self_collection,o1_0.shipment_number,o1_0.status,s1_0.price,s1_0.quantity,s1_0.size,s1_0.species_name,s1_0.type_name from spiders s1_0 left join orders o1_0 on o1_0.id=s1_0.order_id where s1_0.id=?
2025-10-04 19:34:58 [http-nio-8080-exec-9] TRACE org.hibernate.orm.jdbc.bind - binding parameter (1:VARCHAR) <- [0a29df47-6372-403c-a55f-6be46a64d83c]
2025-10-04 19:34:58 [http-nio-8080-exec-9] DEBUG org.hibernate.SQL - select s1_0.id,s1_0.gender,s1_0.is_cites,o1_0.id,o1_0.courier_company,o1_0.customer_id,o1_0.date,o1_0.price,o1_0.self_collection,o1_0.shipment_number,o1_0.status,s1_0.price,s1_0.quantity,s1_0.size,s1_0.species_name,s1_0.type_name from spiders s1_0 left join orders o1_0 on o1_0.id=s1_0.order_id where s1_0.id=?
2025-10-04 19:34:58 [http-nio-8080-exec-9] TRACE org.hibernate.orm.jdbc.bind - binding parameter (1:VARCHAR) <- [7d2670e4-f537-4b73-81e2-649301cb2c48]
2025-10-04 19:34:58 [http-nio-8080-exec-9] DEBUG org.hibernate.SQL - select s1_0.id,s1_0.gender,s1_0.is_cites,o1_0.id,o1_0.courier_company,o1_0.customer_id,o1_0.date,o1_0.price,o1_0.self_collection,o1_0.shipment_number,o1_0.status,s1_0.price,s1_0.quantity,s1_0.size,s1_0.species_name,s1_0.type_name from spiders s1_0 left join orders o1_0 on o1_0.id=s1_0.order_id where s1_0.id=?
2025-10-04 19:34:58 [http-nio-8080-exec-9] TRACE org.hibernate.orm.jdbc.bind - binding parameter (1:VARCHAR) <- [c77e1e3d-ca26-4927-98bf-847756cddfe2]
2025-10-04 19:34:58 [http-nio-8080-exec-9] DEBUG o.s.w.s.m.m.a.HttpEntityMethodProcessor - Using 'application/json', given [*/*] and supported [application/json, application/*+json]
2025-10-04 19:34:58 [http-nio-8080-exec-9] DEBUG o.s.w.s.m.m.a.HttpEntityMethodProcessor - Writing [Page 1 of 1 containing com.WMS_spiders_wholesale_system.dto.OrderDTO instances]
2025-10-04 19:34:58 [http-nio-8080-exec-9] DEBUG o.s.web.servlet.DispatcherServlet - Completed 200 OK
2025-10-04 19:35:12 [http-nio-8080-exec-1] DEBUG o.s.web.servlet.DispatcherServlet - GET "/api/orders/b63f460c-b43a-4c3e-9719-e0d441918173", parameters={}
2025-10-04 19:35:12 [http-nio-8080-exec-1] DEBUG o.s.w.s.m.m.a.RequestMappingHandlerMapping - Mapped to com.WMS_spiders_wholesale_system.controller.OrderController#getOrderById(UUID)
2025-10-04 19:35:12 [http-nio-8080-exec-1] DEBUG org.hibernate.SQL - select o1_0.id,o1_0.courier_company,c1_0.id,c1_0.address,c1_0.email,c1_0.first_name,c1_0.last_name,c1_0.parcel_locker,c1_0.telephone,o1_0.date,o1_0.price,o1_0.self_collection,o1_0.shipment_number,o1_0.status,os1_0.order_id,os1_0.id,os1_0.quantity,os1_0.spider_id from orders o1_0 left join customers c1_0 on c1_0.id=o1_0.customer_id left join ordered_spiders os1_0 on o1_0.id=os1_0.order_id where o1_0.id=?
2025-10-04 19:35:12 [http-nio-8080-exec-1] TRACE org.hibernate.orm.jdbc.bind - binding parameter (1:VARCHAR) <- [b63f460c-b43a-4c3e-9719-e0d441918173]
2025-10-04 19:35:12 [http-nio-8080-exec-1] DEBUG org.hibernate.SQL - select s1_0.id,s1_0.gender,s1_0.is_cites,o1_0.id,o1_0.courier_company,o1_0.customer_id,o1_0.date,o1_0.price,o1_0.self_collection,o1_0.shipment_number,o1_0.status,s1_0.price,s1_0.quantity,s1_0.size,s1_0.species_name,s1_0.type_name from spiders s1_0 left join orders o1_0 on o1_0.id=s1_0.order_id where s1_0.id=?
2025-10-04 19:35:12 [http-nio-8080-exec-1] TRACE org.hibernate.orm.jdbc.bind - binding parameter (1:VARCHAR) <- [26b59160-730e-4c8f-9dc4-f70d5548d1cb]
2025-10-04 19:35:12 [http-nio-8080-exec-1] DEBUG o.s.w.s.m.m.a.HttpEntityMethodProcessor - Using 'application/json', given [*/*] and supported [application/json, application/*+json]
2025-10-04 19:35:12 [http-nio-8080-exec-1] DEBUG o.s.w.s.m.m.a.HttpEntityMethodProcessor - Writing [com.WMS_spiders_wholesale_system.dto.OrderDTO@77963615]
2025-10-04 19:35:12 [http-nio-8080-exec-1] DEBUG o.s.web.servlet.DispatcherServlet - Completed 200 OK
2025-10-04 19:35:47 [http-nio-8080-exec-5] DEBUG o.s.web.servlet.DispatcherServlet - GET "/api/orders/b63f460c-b43a-4c3e-9719-e0d441918173", parameters={}
2025-10-04 19:35:47 [http-nio-8080-exec-3] DEBUG o.s.web.servlet.DispatcherServlet - GET "/api/customers?size=100", parameters={masked}
2025-10-04 19:35:47 [http-nio-8080-exec-4] DEBUG o.s.web.servlet.DispatcherServlet - GET "/api/spiders?size=100&sortBy=typeName", parameters={masked}
2025-10-04 19:35:47 [http-nio-8080-exec-4] DEBUG o.s.w.s.m.m.a.RequestMappingHandlerMapping - Mapped to com.WMS_spiders_wholesale_system.controller.SpiderController#getAllSpiders(int, int, String)
2025-10-04 19:35:47 [http-nio-8080-exec-3] DEBUG o.s.w.s.m.m.a.RequestMappingHandlerMapping - Mapped to com.WMS_spiders_wholesale_system.controller.CustomerController#getAllCustomers(int, int, String)
2025-10-04 19:35:47 [http-nio-8080-exec-5] DEBUG o.s.w.s.m.m.a.RequestMappingHandlerMapping - Mapped to com.WMS_spiders_wholesale_system.controller.OrderController#getOrderById(UUID)
2025-10-04 19:35:47 [http-nio-8080-exec-3] DEBUG org.hibernate.SQL - select c1_0.id,c1_0.address,c1_0.email,c1_0.first_name,c1_0.last_name,c1_0.parcel_locker,c1_0.telephone from customers c1_0 order by c1_0.id limit ?,?
2025-10-04 19:35:47 [http-nio-8080-exec-4] DEBUG org.hibernate.SQL - select s1_0.id,s1_0.gender,s1_0.is_cites,s1_0.order_id,s1_0.price,s1_0.quantity,s1_0.size,s1_0.species_name,s1_0.type_name from spiders s1_0 order by s1_0.type_name limit ?,?
2025-10-04 19:35:47 [http-nio-8080-exec-3] TRACE org.hibernate.orm.jdbc.bind - binding parameter (1:INTEGER) <- [0]
2025-10-04 19:35:47 [http-nio-8080-exec-5] DEBUG org.hibernate.SQL - select o1_0.id,o1_0.courier_company,c1_0.id,c1_0.address,c1_0.email,c1_0.first_name,c1_0.last_name,c1_0.parcel_locker,c1_0.telephone,o1_0.date,o1_0.price,o1_0.self_collection,o1_0.shipment_number,o1_0.status,os1_0.order_id,os1_0.id,os1_0.quantity,os1_0.spider_id from orders o1_0 left join customers c1_0 on c1_0.id=o1_0.customer_id left join ordered_spiders os1_0 on o1_0.id=os1_0.order_id where o1_0.id=?
2025-10-04 19:35:47 [http-nio-8080-exec-4] TRACE org.hibernate.orm.jdbc.bind - binding parameter (1:INTEGER) <- [0]
2025-10-04 19:35:47 [http-nio-8080-exec-3] TRACE org.hibernate.orm.jdbc.bind - binding parameter (2:INTEGER) <- [100]
2025-10-04 19:35:47 [http-nio-8080-exec-4] TRACE org.hibernate.orm.jdbc.bind - binding parameter (2:INTEGER) <- [100]
2025-10-04 19:35:47 [http-nio-8080-exec-5] TRACE org.hibernate.orm.jdbc.bind - binding parameter (1:VARCHAR) <- [b63f460c-b43a-4c3e-9719-e0d441918173]
2025-10-04 19:35:47 [http-nio-8080-exec-5] DEBUG org.hibernate.SQL - select s1_0.id,s1_0.gender,s1_0.is_cites,o1_0.id,o1_0.courier_company,o1_0.customer_id,o1_0.date,o1_0.price,o1_0.self_collection,o1_0.shipment_number,o1_0.status,s1_0.price,s1_0.quantity,s1_0.size,s1_0.species_name,s1_0.type_name from spiders s1_0 left join orders o1_0 on o1_0.id=s1_0.order_id where s1_0.id=?
2025-10-04 19:35:47 [http-nio-8080-exec-4] DEBUG o.s.w.s.m.m.a.HttpEntityMethodProcessor - Using 'application/json', given [*/*] and supported [application/json, application/*+json]
2025-10-04 19:35:47 [http-nio-8080-exec-3] DEBUG o.s.w.s.m.m.a.HttpEntityMethodProcessor - Using 'application/json', given [*/*] and supported [application/json, application/*+json]
2025-10-04 19:35:47 [http-nio-8080-exec-5] TRACE org.hibernate.orm.jdbc.bind - binding parameter (1:VARCHAR) <- [26b59160-730e-4c8f-9dc4-f70d5548d1cb]
2025-10-04 19:35:47 [http-nio-8080-exec-4] DEBUG o.s.w.s.m.m.a.HttpEntityMethodProcessor - Writing [Page 1 of 1 containing com.WMS_spiders_wholesale_system.dto.SpiderDTO instances]
2025-10-04 19:35:47 [http-nio-8080-exec-3] DEBUG o.s.w.s.m.m.a.HttpEntityMethodProcessor - Writing [Page 1 of 1 containing com.WMS_spiders_wholesale_system.dto.CustomerDTO instances]
2025-10-04 19:35:47 [http-nio-8080-exec-3] DEBUG o.s.web.servlet.DispatcherServlet - Completed 200 OK
2025-10-04 19:35:47 [http-nio-8080-exec-4] DEBUG o.s.web.servlet.DispatcherServlet - Completed 200 OK
2025-10-04 19:35:47 [http-nio-8080-exec-5] DEBUG o.s.w.s.m.m.a.HttpEntityMethodProcessor - Using 'application/json', given [*/*] and supported [application/json, application/*+json]
2025-10-04 19:35:47 [http-nio-8080-exec-5] DEBUG o.s.w.s.m.m.a.HttpEntityMethodProcessor - Writing [com.WMS_spiders_wholesale_system.dto.OrderDTO@6957eb0d]
2025-10-04 19:35:47 [http-nio-8080-exec-5] DEBUG o.s.web.servlet.DispatcherServlet - Completed 200 OK
2025-10-04 19:35:47 [http-nio-8080-exec-6] DEBUG o.s.web.servlet.DispatcherServlet - GET "/api/spiders?size=100&sortBy=typeName", parameters={masked}
2025-10-04 19:35:47 [http-nio-8080-exec-6] DEBUG o.s.w.s.m.m.a.RequestMappingHandlerMapping - Mapped to com.WMS_spiders_wholesale_system.controller.SpiderController#getAllSpiders(int, int, String)
2025-10-04 19:35:47 [http-nio-8080-exec-6] DEBUG org.hibernate.SQL - select s1_0.id,s1_0.gender,s1_0.is_cites,s1_0.order_id,s1_0.price,s1_0.quantity,s1_0.size,s1_0.species_name,s1_0.type_name from spiders s1_0 order by s1_0.type_name limit ?,?
2025-10-04 19:35:47 [http-nio-8080-exec-6] TRACE org.hibernate.orm.jdbc.bind - binding parameter (1:INTEGER) <- [0]
2025-10-04 19:35:47 [http-nio-8080-exec-6] TRACE org.hibernate.orm.jdbc.bind - binding parameter (2:INTEGER) <- [100]
2025-10-04 19:35:47 [http-nio-8080-exec-6] DEBUG o.s.w.s.m.m.a.HttpEntityMethodProcessor - Using 'application/json', given [*/*] and supported [application/json, application/*+json]
2025-10-04 19:35:47 [http-nio-8080-exec-6] DEBUG o.s.w.s.m.m.a.HttpEntityMethodProcessor - Writing [Page 1 of 1 containing com.WMS_spiders_wholesale_system.dto.SpiderDTO instances]
2025-10-04 19:35:47 [http-nio-8080-exec-6] DEBUG o.s.web.servlet.DispatcherServlet - Completed 200 OK
2025-10-04 19:35:55 [http-nio-8080-exec-10] DEBUG o.s.web.servlet.DispatcherServlet - PUT "/api/orders/b63f460c-b43a-4c3e-9719-e0d441918173", parameters={}
2025-10-04 19:35:55 [http-nio-8080-exec-10] DEBUG o.s.w.s.m.m.a.RequestMappingHandlerMapping - Mapped to com.WMS_spiders_wholesale_system.controller.OrderController#updateOrder(UUID, OrderDTO)
2025-10-04 19:35:55 [http-nio-8080-exec-10] DEBUG o.s.w.s.m.m.a.RequestResponseBodyMethodProcessor - Read "application/json;charset=UTF-8" to [com.WMS_spiders_wholesale_system.dto.OrderDTO@2ab826d0]
2025-10-04 19:35:55 [http-nio-8080-exec-10] INFO  c.W.controller.OrderController - Received request to update order with ID: b63f460c-b43a-4c3e-9719-e0d441918173
2025-10-04 19:35:55 [http-nio-8080-exec-10] DEBUG org.hibernate.SQL - select o1_0.id,o1_0.courier_company,c1_0.id,c1_0.address,c1_0.email,c1_0.first_name,c1_0.last_name,c1_0.parcel_locker,c1_0.telephone,o1_0.date,o1_0.price,o1_0.self_collection,o1_0.shipment_number,o1_0.status,os1_0.order_id,os1_0.id,os1_0.quantity,os1_0.spider_id from orders o1_0 left join customers c1_0 on c1_0.id=o1_0.customer_id left join ordered_spiders os1_0 on o1_0.id=os1_0.order_id where o1_0.id=?
2025-10-04 19:35:55 [http-nio-8080-exec-10] TRACE org.hibernate.orm.jdbc.bind - binding parameter (1:VARCHAR) <- [b63f460c-b43a-4c3e-9719-e0d441918173]
2025-10-04 19:35:55 [http-nio-8080-exec-10] DEBUG org.hibernate.SQL - select s1_0.id,s1_0.gender,s1_0.is_cites,o1_0.id,o1_0.courier_company,o1_0.customer_id,o1_0.date,o1_0.price,o1_0.self_collection,o1_0.shipment_number,o1_0.status,s1_0.price,s1_0.quantity,s1_0.size,s1_0.species_name,s1_0.type_name from spiders s1_0 left join orders o1_0 on o1_0.id=s1_0.order_id where s1_0.id=?
2025-10-04 19:35:55 [http-nio-8080-exec-10] TRACE org.hibernate.orm.jdbc.bind - binding parameter (1:VARCHAR) <- [26b59160-730e-4c8f-9dc4-f70d5548d1cb]
2025-10-04 19:35:55 [http-nio-8080-exec-10] DEBUG org.hibernate.SQL - insert into ordered_spiders (order_id,quantity,spider_id,id) values (?,?,?,?)
2025-10-04 19:35:55 [http-nio-8080-exec-10] TRACE org.hibernate.orm.jdbc.bind - binding parameter (1:VARCHAR) <- [b63f460c-b43a-4c3e-9719-e0d441918173]
2025-10-04 19:35:55 [http-nio-8080-exec-10] TRACE org.hibernate.orm.jdbc.bind - binding parameter (2:INTEGER) <- [7]
2025-10-04 19:35:55 [http-nio-8080-exec-10] TRACE org.hibernate.orm.jdbc.bind - binding parameter (3:VARCHAR) <- [26b59160-730e-4c8f-9dc4-f70d5548d1cb]
2025-10-04 19:35:55 [http-nio-8080-exec-10] TRACE org.hibernate.orm.jdbc.bind - binding parameter (4:VARCHAR) <- [6c5dd33a-c420-4aea-8461-6e09522ad9d1]
2025-10-04 19:35:55 [http-nio-8080-exec-10] DEBUG org.hibernate.SQL - update orders set courier_company=?,customer_id=?,date=?,price=?,self_collection=?,shipment_number=?,status=? where id=?
2025-10-04 19:35:55 [http-nio-8080-exec-10] TRACE org.hibernate.orm.jdbc.bind - binding parameter (1:ENUM) <- [DPD]
2025-10-04 19:35:55 [http-nio-8080-exec-10] TRACE org.hibernate.orm.jdbc.bind - binding parameter (2:VARCHAR) <- [c0c379fb-9802-4abb-ae49-97a9ae87160c]
2025-10-04 19:35:55 [http-nio-8080-exec-10] TRACE org.hibernate.orm.jdbc.bind - binding parameter (3:DATE) <- [2025-10-04]
2025-10-04 19:35:55 [http-nio-8080-exec-10] TRACE org.hibernate.orm.jdbc.bind - binding parameter (4:DOUBLE) <- [1050.0]
2025-10-04 19:35:55 [http-nio-8080-exec-10] TRACE org.hibernate.orm.jdbc.bind - binding parameter (5:BOOLEAN) <- [false]
2025-10-04 19:35:55 [http-nio-8080-exec-10] TRACE org.hibernate.orm.jdbc.bind - binding parameter (6:VARCHAR) <- []
2025-10-04 19:35:55 [http-nio-8080-exec-10] TRACE org.hibernate.orm.jdbc.bind - binding parameter (7:ENUM) <- [IN_PROGRESS]
2025-10-04 19:35:55 [http-nio-8080-exec-10] TRACE org.hibernate.orm.jdbc.bind - binding parameter (8:VARCHAR) <- [b63f460c-b43a-4c3e-9719-e0d441918173]
2025-10-04 19:35:55 [http-nio-8080-exec-10] DEBUG org.hibernate.SQL - delete from ordered_spiders where id=?
2025-10-04 19:35:55 [http-nio-8080-exec-10] TRACE org.hibernate.orm.jdbc.bind - binding parameter (1:VARCHAR) <- [1d1189b4-4f36-4607-bb9e-5f62fe858d9e]
2025-10-04 19:35:55 [http-nio-8080-exec-10] DEBUG o.s.w.s.m.m.a.HttpEntityMethodProcessor - Using 'application/json', given [*/*] and supported [application/json, application/*+json]
2025-10-04 19:35:55 [http-nio-8080-exec-10] DEBUG o.s.w.s.m.m.a.HttpEntityMethodProcessor - Writing [com.WMS_spiders_wholesale_system.dto.OrderDTO@19040caa]
2025-10-04 19:35:55 [http-nio-8080-exec-10] DEBUG o.s.web.servlet.DispatcherServlet - Completed 200 OK
2025-10-04 19:35:55 [http-nio-8080-exec-1] DEBUG o.s.web.servlet.DispatcherServlet - GET "/api/orders?size=1000", parameters={masked}
2025-10-04 19:35:55 [http-nio-8080-exec-1] DEBUG o.s.w.s.m.m.a.RequestMappingHandlerMapping - Mapped to com.WMS_spiders_wholesale_system.controller.OrderController#getAllOrders(int, int, String, String)
2025-10-04 19:35:55 [http-nio-8080-exec-1] DEBUG org.hibernate.SQL - select o1_0.id,o1_0.courier_company,c1_0.id,c1_0.address,c1_0.email,c1_0.first_name,c1_0.last_name,c1_0.parcel_locker,c1_0.telephone,o1_0.date,os1_0.order_id,os1_0.id,os1_0.quantity,os1_0.spider_id,o1_0.price,o1_0.self_collection,o1_0.shipment_number,o1_0.status from orders o1_0 left join customers c1_0 on c1_0.id=o1_0.customer_id left join ordered_spiders os1_0 on o1_0.id=os1_0.order_id order by o1_0.date desc
2025-10-04 19:35:55 [http-nio-8080-exec-1] DEBUG org.hibernate.SQL - select s1_0.id,s1_0.gender,s1_0.is_cites,o1_0.id,o1_0.courier_company,o1_0.customer_id,o1_0.date,o1_0.price,o1_0.self_collection,o1_0.shipment_number,o1_0.status,s1_0.price,s1_0.quantity,s1_0.size,s1_0.species_name,s1_0.type_name from spiders s1_0 left join orders o1_0 on o1_0.id=s1_0.order_id where s1_0.id=?
2025-10-04 19:35:55 [http-nio-8080-exec-1] TRACE org.hibernate.orm.jdbc.bind - binding parameter (1:VARCHAR) <- [26b59160-730e-4c8f-9dc4-f70d5548d1cb]
2025-10-04 19:35:55 [http-nio-8080-exec-1] DEBUG org.hibernate.SQL - select s1_0.id,s1_0.gender,s1_0.is_cites,o1_0.id,o1_0.courier_company,o1_0.customer_id,o1_0.date,o1_0.price,o1_0.self_collection,o1_0.shipment_number,o1_0.status,s1_0.price,s1_0.quantity,s1_0.size,s1_0.species_name,s1_0.type_name from spiders s1_0 left join orders o1_0 on o1_0.id=s1_0.order_id where s1_0.id=?
2025-10-04 19:35:55 [http-nio-8080-exec-1] TRACE org.hibernate.orm.jdbc.bind - binding parameter (1:VARCHAR) <- [1be47209-644e-4c77-ad21-ebaaac7a0b1a]
2025-10-04 19:35:55 [http-nio-8080-exec-1] DEBUG org.hibernate.SQL - select s1_0.id,s1_0.gender,s1_0.is_cites,o1_0.id,o1_0.courier_company,o1_0.customer_id,o1_0.date,o1_0.price,o1_0.self_collection,o1_0.shipment_number,o1_0.status,s1_0.price,s1_0.quantity,s1_0.size,s1_0.species_name,s1_0.type_name from spiders s1_0 left join orders o1_0 on o1_0.id=s1_0.order_id where s1_0.id=?
2025-10-04 19:35:55 [http-nio-8080-exec-1] TRACE org.hibernate.orm.jdbc.bind - binding parameter (1:VARCHAR) <- [6e0ab419-40be-4ba0-9476-8f93adc93515]
2025-10-04 19:35:55 [http-nio-8080-exec-1] DEBUG org.hibernate.SQL - select s1_0.id,s1_0.gender,s1_0.is_cites,o1_0.id,o1_0.courier_company,o1_0.customer_id,o1_0.date,o1_0.price,o1_0.self_collection,o1_0.shipment_number,o1_0.status,s1_0.price,s1_0.quantity,s1_0.size,s1_0.species_name,s1_0.type_name from spiders s1_0 left join orders o1_0 on o1_0.id=s1_0.order_id where s1_0.id=?
2025-10-04 19:35:55 [http-nio-8080-exec-1] TRACE org.hibernate.orm.jdbc.bind - binding parameter (1:VARCHAR) <- [e824a860-23eb-423d-ac8c-956329b1590d]
2025-10-04 19:35:55 [http-nio-8080-exec-1] DEBUG org.hibernate.SQL - select s1_0.id,s1_0.gender,s1_0.is_cites,o1_0.id,o1_0.courier_company,o1_0.customer_id,o1_0.date,o1_0.price,o1_0.self_collection,o1_0.shipment_number,o1_0.status,s1_0.price,s1_0.quantity,s1_0.size,s1_0.species_name,s1_0.type_name from spiders s1_0 left join orders o1_0 on o1_0.id=s1_0.order_id where s1_0.id=?
2025-10-04 19:35:55 [http-nio-8080-exec-1] TRACE org.hibernate.orm.jdbc.bind - binding parameter (1:VARCHAR) <- [0a29df47-6372-403c-a55f-6be46a64d83c]
2025-10-04 19:35:55 [http-nio-8080-exec-1] DEBUG org.hibernate.SQL - select s1_0.id,s1_0.gender,s1_0.is_cites,o1_0.id,o1_0.courier_company,o1_0.customer_id,o1_0.date,o1_0.price,o1_0.self_collection,o1_0.shipment_number,o1_0.status,s1_0.price,s1_0.quantity,s1_0.size,s1_0.species_name,s1_0.type_name from spiders s1_0 left join orders o1_0 on o1_0.id=s1_0.order_id where s1_0.id=?
2025-10-04 19:35:55 [http-nio-8080-exec-1] TRACE org.hibernate.orm.jdbc.bind - binding parameter (1:VARCHAR) <- [7d2670e4-f537-4b73-81e2-649301cb2c48]
2025-10-04 19:35:55 [http-nio-8080-exec-1] DEBUG org.hibernate.SQL - select s1_0.id,s1_0.gender,s1_0.is_cites,o1_0.id,o1_0.courier_company,o1_0.customer_id,o1_0.date,o1_0.price,o1_0.self_collection,o1_0.shipment_number,o1_0.status,s1_0.price,s1_0.quantity,s1_0.size,s1_0.species_name,s1_0.type_name from spiders s1_0 left join orders o1_0 on o1_0.id=s1_0.order_id where s1_0.id=?
2025-10-04 19:35:55 [http-nio-8080-exec-1] TRACE org.hibernate.orm.jdbc.bind - binding parameter (1:VARCHAR) <- [c77e1e3d-ca26-4927-98bf-847756cddfe2]
2025-10-04 19:35:55 [http-nio-8080-exec-1] DEBUG o.s.w.s.m.m.a.HttpEntityMethodProcessor - Using 'application/json', given [*/*] and supported [application/json, application/*+json]
2025-10-04 19:35:55 [http-nio-8080-exec-1] DEBUG o.s.w.s.m.m.a.HttpEntityMethodProcessor - Writing [Page 1 of 1 containing com.WMS_spiders_wholesale_system.dto.OrderDTO instances]
2025-10-04 19:35:55 [http-nio-8080-exec-1] DEBUG o.s.web.servlet.DispatcherServlet - Completed 200 OK
2025-10-04 19:36:00 [http-nio-8080-exec-4] DEBUG o.s.web.servlet.DispatcherServlet - GET "/api/spiders?size=100&sortBy=typeName", parameters={masked}
2025-10-04 19:36:00 [http-nio-8080-exec-5] DEBUG o.s.web.servlet.DispatcherServlet - GET "/api/orders/b63f460c-b43a-4c3e-9719-e0d441918173", parameters={}
2025-10-04 19:36:00 [http-nio-8080-exec-3] DEBUG o.s.web.servlet.DispatcherServlet - GET "/api/customers?size=100", parameters={masked}
2025-10-04 19:36:00 [http-nio-8080-exec-4] DEBUG o.s.w.s.m.m.a.RequestMappingHandlerMapping - Mapped to com.WMS_spiders_wholesale_system.controller.SpiderController#getAllSpiders(int, int, String)
2025-10-04 19:36:00 [http-nio-8080-exec-3] DEBUG o.s.w.s.m.m.a.RequestMappingHandlerMapping - Mapped to com.WMS_spiders_wholesale_system.controller.CustomerController#getAllCustomers(int, int, String)
2025-10-04 19:36:00 [http-nio-8080-exec-5] DEBUG o.s.w.s.m.m.a.RequestMappingHandlerMapping - Mapped to com.WMS_spiders_wholesale_system.controller.OrderController#getOrderById(UUID)
2025-10-04 19:36:00 [http-nio-8080-exec-4] DEBUG org.hibernate.SQL - select s1_0.id,s1_0.gender,s1_0.is_cites,s1_0.order_id,s1_0.price,s1_0.quantity,s1_0.size,s1_0.species_name,s1_0.type_name from spiders s1_0 order by s1_0.type_name limit ?,?
2025-10-04 19:36:00 [http-nio-8080-exec-3] DEBUG org.hibernate.SQL - select c1_0.id,c1_0.address,c1_0.email,c1_0.first_name,c1_0.last_name,c1_0.parcel_locker,c1_0.telephone from customers c1_0 order by c1_0.id limit ?,?
2025-10-04 19:36:00 [http-nio-8080-exec-4] TRACE org.hibernate.orm.jdbc.bind - binding parameter (1:INTEGER) <- [0]
2025-10-04 19:36:00 [http-nio-8080-exec-3] TRACE org.hibernate.orm.jdbc.bind - binding parameter (1:INTEGER) <- [0]
2025-10-04 19:36:00 [http-nio-8080-exec-4] TRACE org.hibernate.orm.jdbc.bind - binding parameter (2:INTEGER) <- [100]
2025-10-04 19:36:00 [http-nio-8080-exec-3] TRACE org.hibernate.orm.jdbc.bind - binding parameter (2:INTEGER) <- [100]
2025-10-04 19:36:00 [http-nio-8080-exec-5] DEBUG org.hibernate.SQL - select o1_0.id,o1_0.courier_company,c1_0.id,c1_0.address,c1_0.email,c1_0.first_name,c1_0.last_name,c1_0.parcel_locker,c1_0.telephone,o1_0.date,o1_0.price,o1_0.self_collection,o1_0.shipment_number,o1_0.status,os1_0.order_id,os1_0.id,os1_0.quantity,os1_0.spider_id from orders o1_0 left join customers c1_0 on c1_0.id=o1_0.customer_id left join ordered_spiders os1_0 on o1_0.id=os1_0.order_id where o1_0.id=?
2025-10-04 19:36:00 [http-nio-8080-exec-5] TRACE org.hibernate.orm.jdbc.bind - binding parameter (1:VARCHAR) <- [b63f460c-b43a-4c3e-9719-e0d441918173]
2025-10-04 19:36:00 [http-nio-8080-exec-3] DEBUG o.s.w.s.m.m.a.HttpEntityMethodProcessor - Using 'application/json', given [*/*] and supported [application/json, application/*+json]
2025-10-04 19:36:00 [http-nio-8080-exec-4] DEBUG o.s.w.s.m.m.a.HttpEntityMethodProcessor - Using 'application/json', given [*/*] and supported [application/json, application/*+json]
2025-10-04 19:36:00 [http-nio-8080-exec-3] DEBUG o.s.w.s.m.m.a.HttpEntityMethodProcessor - Writing [Page 1 of 1 containing com.WMS_spiders_wholesale_system.dto.CustomerDTO instances]
2025-10-04 19:36:00 [http-nio-8080-exec-4] DEBUG o.s.w.s.m.m.a.HttpEntityMethodProcessor - Writing [Page 1 of 1 containing com.WMS_spiders_wholesale_system.dto.SpiderDTO instances]
2025-10-04 19:36:00 [http-nio-8080-exec-3] DEBUG o.s.web.servlet.DispatcherServlet - Completed 200 OK
2025-10-04 19:36:00 [http-nio-8080-exec-5] DEBUG org.hibernate.SQL - select s1_0.id,s1_0.gender,s1_0.is_cites,o1_0.id,o1_0.courier_company,o1_0.customer_id,o1_0.date,o1_0.price,o1_0.self_collection,o1_0.shipment_number,o1_0.status,s1_0.price,s1_0.quantity,s1_0.size,s1_0.species_name,s1_0.type_name from spiders s1_0 left join orders o1_0 on o1_0.id=s1_0.order_id where s1_0.id=?
2025-10-04 19:36:00 [http-nio-8080-exec-5] TRACE org.hibernate.orm.jdbc.bind - binding parameter (1:VARCHAR) <- [26b59160-730e-4c8f-9dc4-f70d5548d1cb]
2025-10-04 19:36:00 [http-nio-8080-exec-4] DEBUG o.s.web.servlet.DispatcherServlet - Completed 200 OK
2025-10-04 19:36:00 [http-nio-8080-exec-5] DEBUG o.s.w.s.m.m.a.HttpEntityMethodProcessor - Using 'application/json', given [*/*] and supported [application/json, application/*+json]
2025-10-04 19:36:00 [http-nio-8080-exec-5] DEBUG o.s.w.s.m.m.a.HttpEntityMethodProcessor - Writing [com.WMS_spiders_wholesale_system.dto.OrderDTO@75cdb014]
2025-10-04 19:36:00 [http-nio-8080-exec-5] DEBUG o.s.web.servlet.DispatcherServlet - Completed 200 OK
2025-10-04 19:36:00 [http-nio-8080-exec-6] DEBUG o.s.web.servlet.DispatcherServlet - GET "/api/spiders?size=100&sortBy=typeName", parameters={masked}
2025-10-04 19:36:00 [http-nio-8080-exec-6] DEBUG o.s.w.s.m.m.a.RequestMappingHandlerMapping - Mapped to com.WMS_spiders_wholesale_system.controller.SpiderController#getAllSpiders(int, int, String)
2025-10-04 19:36:00 [http-nio-8080-exec-6] DEBUG org.hibernate.SQL - select s1_0.id,s1_0.gender,s1_0.is_cites,s1_0.order_id,s1_0.price,s1_0.quantity,s1_0.size,s1_0.species_name,s1_0.type_name from spiders s1_0 order by s1_0.type_name limit ?,?
2025-10-04 19:36:00 [http-nio-8080-exec-6] TRACE org.hibernate.orm.jdbc.bind - binding parameter (1:INTEGER) <- [0]
2025-10-04 19:36:00 [http-nio-8080-exec-6] TRACE org.hibernate.orm.jdbc.bind - binding parameter (2:INTEGER) <- [100]
2025-10-04 19:36:00 [http-nio-8080-exec-6] DEBUG o.s.w.s.m.m.a.HttpEntityMethodProcessor - Using 'application/json', given [*/*] and supported [application/json, application/*+json]
2025-10-04 19:36:00 [http-nio-8080-exec-6] DEBUG o.s.w.s.m.m.a.HttpEntityMethodProcessor - Writing [Page 1 of 1 containing com.WMS_spiders_wholesale_system.dto.SpiderDTO instances]
2025-10-04 19:36:00 [http-nio-8080-exec-6] DEBUG o.s.web.servlet.DispatcherServlet - Completed 200 OK
2025-10-04 19:36:11 [http-nio-8080-exec-10] DEBUG o.s.web.servlet.DispatcherServlet - PUT "/api/orders/b63f460c-b43a-4c3e-9719-e0d441918173", parameters={}
2025-10-04 19:36:11 [http-nio-8080-exec-10] DEBUG o.s.w.s.m.m.a.RequestMappingHandlerMapping - Mapped to com.WMS_spiders_wholesale_system.controller.OrderController#updateOrder(UUID, OrderDTO)
2025-10-04 19:36:11 [http-nio-8080-exec-10] DEBUG o.s.w.s.m.m.a.RequestResponseBodyMethodProcessor - Read "application/json;charset=UTF-8" to [com.WMS_spiders_wholesale_system.dto.OrderDTO@29ca5613]
2025-10-04 19:36:11 [http-nio-8080-exec-10] INFO  c.W.controller.OrderController - Received request to update order with ID: b63f460c-b43a-4c3e-9719-e0d441918173
2025-10-04 19:36:11 [http-nio-8080-exec-10] DEBUG org.hibernate.SQL - select o1_0.id,o1_0.courier_company,c1_0.id,c1_0.address,c1_0.email,c1_0.first_name,c1_0.last_name,c1_0.parcel_locker,c1_0.telephone,o1_0.date,o1_0.price,o1_0.self_collection,o1_0.shipment_number,o1_0.status,os1_0.order_id,os1_0.id,os1_0.quantity,os1_0.spider_id from orders o1_0 left join customers c1_0 on c1_0.id=o1_0.customer_id left join ordered_spiders os1_0 on o1_0.id=os1_0.order_id where o1_0.id=?
2025-10-04 19:36:11 [http-nio-8080-exec-10] TRACE org.hibernate.orm.jdbc.bind - binding parameter (1:VARCHAR) <- [b63f460c-b43a-4c3e-9719-e0d441918173]
2025-10-04 19:36:11 [http-nio-8080-exec-10] DEBUG org.hibernate.SQL - select s1_0.id,s1_0.gender,s1_0.is_cites,o1_0.id,o1_0.courier_company,o1_0.customer_id,o1_0.date,o1_0.price,o1_0.self_collection,o1_0.shipment_number,o1_0.status,s1_0.price,s1_0.quantity,s1_0.size,s1_0.species_name,s1_0.type_name from spiders s1_0 left join orders o1_0 on o1_0.id=s1_0.order_id where s1_0.id=?
2025-10-04 19:36:11 [http-nio-8080-exec-10] TRACE org.hibernate.orm.jdbc.bind - binding parameter (1:VARCHAR) <- [26b59160-730e-4c8f-9dc4-f70d5548d1cb]
2025-10-04 19:36:11 [http-nio-8080-exec-10] DEBUG org.hibernate.SQL - insert into ordered_spiders (order_id,quantity,spider_id,id) values (?,?,?,?)
2025-10-04 19:36:11 [http-nio-8080-exec-10] TRACE org.hibernate.orm.jdbc.bind - binding parameter (1:VARCHAR) <- [b63f460c-b43a-4c3e-9719-e0d441918173]
2025-10-04 19:36:11 [http-nio-8080-exec-10] TRACE org.hibernate.orm.jdbc.bind - binding parameter (2:INTEGER) <- [7]
2025-10-04 19:36:11 [http-nio-8080-exec-10] TRACE org.hibernate.orm.jdbc.bind - binding parameter (3:VARCHAR) <- [26b59160-730e-4c8f-9dc4-f70d5548d1cb]
2025-10-04 19:36:11 [http-nio-8080-exec-10] TRACE org.hibernate.orm.jdbc.bind - binding parameter (4:VARCHAR) <- [75c1a7b1-0944-4432-b8ef-48470d1de713]
2025-10-04 19:36:11 [http-nio-8080-exec-10] DEBUG org.hibernate.SQL - update orders set courier_company=?,customer_id=?,date=?,price=?,self_collection=?,shipment_number=?,status=? where id=?
2025-10-04 19:36:11 [http-nio-8080-exec-10] TRACE org.hibernate.orm.jdbc.bind - binding parameter (1:ENUM) <- [DPD]
2025-10-04 19:36:11 [http-nio-8080-exec-10] TRACE org.hibernate.orm.jdbc.bind - binding parameter (2:VARCHAR) <- [c0c379fb-9802-4abb-ae49-97a9ae87160c]
2025-10-04 19:36:11 [http-nio-8080-exec-10] TRACE org.hibernate.orm.jdbc.bind - binding parameter (3:DATE) <- [2025-10-04]
2025-10-04 19:36:11 [http-nio-8080-exec-10] TRACE org.hibernate.orm.jdbc.bind - binding parameter (4:DOUBLE) <- [1050.0]
2025-10-04 19:36:11 [http-nio-8080-exec-10] TRACE org.hibernate.orm.jdbc.bind - binding parameter (5:BOOLEAN) <- [false]
2025-10-04 19:36:11 [http-nio-8080-exec-10] TRACE org.hibernate.orm.jdbc.bind - binding parameter (6:VARCHAR) <- []
2025-10-04 19:36:11 [http-nio-8080-exec-10] TRACE org.hibernate.orm.jdbc.bind - binding parameter (7:ENUM) <- [SHIPPED]
2025-10-04 19:36:11 [http-nio-8080-exec-10] TRACE org.hibernate.orm.jdbc.bind - binding parameter (8:VARCHAR) <- [b63f460c-b43a-4c3e-9719-e0d441918173]
2025-10-04 19:36:11 [http-nio-8080-exec-10] DEBUG org.hibernate.SQL - delete from ordered_spiders where id=?
2025-10-04 19:36:11 [http-nio-8080-exec-10] TRACE org.hibernate.orm.jdbc.bind - binding parameter (1:VARCHAR) <- [6c5dd33a-c420-4aea-8461-6e09522ad9d1]
2025-10-04 19:36:11 [http-nio-8080-exec-10] DEBUG o.s.w.s.m.m.a.HttpEntityMethodProcessor - Using 'application/json', given [*/*] and supported [application/json, application/*+json]
2025-10-04 19:36:11 [http-nio-8080-exec-10] DEBUG o.s.w.s.m.m.a.HttpEntityMethodProcessor - Writing [com.WMS_spiders_wholesale_system.dto.OrderDTO@559eda47]
2025-10-04 19:36:11 [http-nio-8080-exec-10] DEBUG o.s.web.servlet.DispatcherServlet - Completed 200 OK
2025-10-04 19:36:11 [http-nio-8080-exec-1] DEBUG o.s.web.servlet.DispatcherServlet - GET "/api/orders?size=1000", parameters={masked}
2025-10-04 19:36:11 [http-nio-8080-exec-1] DEBUG o.s.w.s.m.m.a.RequestMappingHandlerMapping - Mapped to com.WMS_spiders_wholesale_system.controller.OrderController#getAllOrders(int, int, String, String)
2025-10-04 19:36:11 [http-nio-8080-exec-1] DEBUG org.hibernate.SQL - select o1_0.id,o1_0.courier_company,c1_0.id,c1_0.address,c1_0.email,c1_0.first_name,c1_0.last_name,c1_0.parcel_locker,c1_0.telephone,o1_0.date,os1_0.order_id,os1_0.id,os1_0.quantity,os1_0.spider_id,o1_0.price,o1_0.self_collection,o1_0.shipment_number,o1_0.status from orders o1_0 left join customers c1_0 on c1_0.id=o1_0.customer_id left join ordered_spiders os1_0 on o1_0.id=os1_0.order_id order by o1_0.date desc
2025-10-04 19:36:11 [http-nio-8080-exec-1] DEBUG org.hibernate.SQL - select s1_0.id,s1_0.gender,s1_0.is_cites,o1_0.id,o1_0.courier_company,o1_0.customer_id,o1_0.date,o1_0.price,o1_0.self_collection,o1_0.shipment_number,o1_0.status,s1_0.price,s1_0.quantity,s1_0.size,s1_0.species_name,s1_0.type_name from spiders s1_0 left join orders o1_0 on o1_0.id=s1_0.order_id where s1_0.id=?
2025-10-04 19:36:11 [http-nio-8080-exec-1] TRACE org.hibernate.orm.jdbc.bind - binding parameter (1:VARCHAR) <- [26b59160-730e-4c8f-9dc4-f70d5548d1cb]
2025-10-04 19:36:11 [http-nio-8080-exec-1] DEBUG org.hibernate.SQL - select s1_0.id,s1_0.gender,s1_0.is_cites,o1_0.id,o1_0.courier_company,o1_0.customer_id,o1_0.date,o1_0.price,o1_0.self_collection,o1_0.shipment_number,o1_0.status,s1_0.price,s1_0.quantity,s1_0.size,s1_0.species_name,s1_0.type_name from spiders s1_0 left join orders o1_0 on o1_0.id=s1_0.order_id where s1_0.id=?
2025-10-04 19:36:11 [http-nio-8080-exec-1] TRACE org.hibernate.orm.jdbc.bind - binding parameter (1:VARCHAR) <- [1be47209-644e-4c77-ad21-ebaaac7a0b1a]
2025-10-04 19:36:11 [http-nio-8080-exec-1] DEBUG org.hibernate.SQL - select s1_0.id,s1_0.gender,s1_0.is_cites,o1_0.id,o1_0.courier_company,o1_0.customer_id,o1_0.date,o1_0.price,o1_0.self_collection,o1_0.shipment_number,o1_0.status,s1_0.price,s1_0.quantity,s1_0.size,s1_0.species_name,s1_0.type_name from spiders s1_0 left join orders o1_0 on o1_0.id=s1_0.order_id where s1_0.id=?
2025-10-04 19:36:11 [http-nio-8080-exec-1] TRACE org.hibernate.orm.jdbc.bind - binding parameter (1:VARCHAR) <- [6e0ab419-40be-4ba0-9476-8f93adc93515]
2025-10-04 19:36:11 [http-nio-8080-exec-1] DEBUG org.hibernate.SQL - select s1_0.id,s1_0.gender,s1_0.is_cites,o1_0.id,o1_0.courier_company,o1_0.customer_id,o1_0.date,o1_0.price,o1_0.self_collection,o1_0.shipment_number,o1_0.status,s1_0.price,s1_0.quantity,s1_0.size,s1_0.species_name,s1_0.type_name from spiders s1_0 left join orders o1_0 on o1_0.id=s1_0.order_id where s1_0.id=?
2025-10-04 19:36:11 [http-nio-8080-exec-1] TRACE org.hibernate.orm.jdbc.bind - binding parameter (1:VARCHAR) <- [e824a860-23eb-423d-ac8c-956329b1590d]
2025-10-04 19:36:11 [http-nio-8080-exec-1] DEBUG org.hibernate.SQL - select s1_0.id,s1_0.gender,s1_0.is_cites,o1_0.id,o1_0.courier_company,o1_0.customer_id,o1_0.date,o1_0.price,o1_0.self_collection,o1_0.shipment_number,o1_0.status,s1_0.price,s1_0.quantity,s1_0.size,s1_0.species_name,s1_0.type_name from spiders s1_0 left join orders o1_0 on o1_0.id=s1_0.order_id where s1_0.id=?
2025-10-04 19:36:11 [http-nio-8080-exec-1] TRACE org.hibernate.orm.jdbc.bind - binding parameter (1:VARCHAR) <- [0a29df47-6372-403c-a55f-6be46a64d83c]
2025-10-04 19:36:11 [http-nio-8080-exec-1] DEBUG org.hibernate.SQL - select s1_0.id,s1_0.gender,s1_0.is_cites,o1_0.id,o1_0.courier_company,o1_0.customer_id,o1_0.date,o1_0.price,o1_0.self_collection,o1_0.shipment_number,o1_0.status,s1_0.price,s1_0.quantity,s1_0.size,s1_0.species_name,s1_0.type_name from spiders s1_0 left join orders o1_0 on o1_0.id=s1_0.order_id where s1_0.id=?
2025-10-04 19:36:11 [http-nio-8080-exec-1] TRACE org.hibernate.orm.jdbc.bind - binding parameter (1:VARCHAR) <- [7d2670e4-f537-4b73-81e2-649301cb2c48]
2025-10-04 19:36:11 [http-nio-8080-exec-1] DEBUG org.hibernate.SQL - select s1_0.id,s1_0.gender,s1_0.is_cites,o1_0.id,o1_0.courier_company,o1_0.customer_id,o1_0.date,o1_0.price,o1_0.self_collection,o1_0.shipment_number,o1_0.status,s1_0.price,s1_0.quantity,s1_0.size,s1_0.species_name,s1_0.type_name from spiders s1_0 left join orders o1_0 on o1_0.id=s1_0.order_id where s1_0.id=?
2025-10-04 19:36:11 [http-nio-8080-exec-1] TRACE org.hibernate.orm.jdbc.bind - binding parameter (1:VARCHAR) <- [c77e1e3d-ca26-4927-98bf-847756cddfe2]
2025-10-04 19:36:11 [http-nio-8080-exec-1] DEBUG o.s.w.s.m.m.a.HttpEntityMethodProcessor - Using 'application/json', given [*/*] and supported [application/json, application/*+json]
2025-10-04 19:36:11 [http-nio-8080-exec-1] DEBUG o.s.w.s.m.m.a.HttpEntityMethodProcessor - Writing [Page 1 of 1 containing com.WMS_spiders_wholesale_system.dto.OrderDTO instances]
2025-10-04 19:36:11 [http-nio-8080-exec-1] DEBUG o.s.web.servlet.DispatcherServlet - Completed 200 OK
2025-10-04 19:36:15 [http-nio-8080-exec-3] DEBUG o.s.web.servlet.DispatcherServlet - GET "/api/orders/b63f460c-b43a-4c3e-9719-e0d441918173", parameters={}
2025-10-04 19:36:15 [http-nio-8080-exec-3] DEBUG o.s.w.s.m.m.a.RequestMappingHandlerMapping - Mapped to com.WMS_spiders_wholesale_system.controller.OrderController#getOrderById(UUID)
2025-10-04 19:36:15 [http-nio-8080-exec-3] DEBUG org.hibernate.SQL - select o1_0.id,o1_0.courier_company,c1_0.id,c1_0.address,c1_0.email,c1_0.first_name,c1_0.last_name,c1_0.parcel_locker,c1_0.telephone,o1_0.date,o1_0.price,o1_0.self_collection,o1_0.shipment_number,o1_0.status,os1_0.order_id,os1_0.id,os1_0.quantity,os1_0.spider_id from orders o1_0 left join customers c1_0 on c1_0.id=o1_0.customer_id left join ordered_spiders os1_0 on o1_0.id=os1_0.order_id where o1_0.id=?
2025-10-04 19:36:15 [http-nio-8080-exec-3] TRACE org.hibernate.orm.jdbc.bind - binding parameter (1:VARCHAR) <- [b63f460c-b43a-4c3e-9719-e0d441918173]
2025-10-04 19:36:15 [http-nio-8080-exec-3] DEBUG org.hibernate.SQL - select s1_0.id,s1_0.gender,s1_0.is_cites,o1_0.id,o1_0.courier_company,o1_0.customer_id,o1_0.date,o1_0.price,o1_0.self_collection,o1_0.shipment_number,o1_0.status,s1_0.price,s1_0.quantity,s1_0.size,s1_0.species_name,s1_0.type_name from spiders s1_0 left join orders o1_0 on o1_0.id=s1_0.order_id where s1_0.id=?
2025-10-04 19:36:15 [http-nio-8080-exec-3] TRACE org.hibernate.orm.jdbc.bind - binding parameter (1:VARCHAR) <- [26b59160-730e-4c8f-9dc4-f70d5548d1cb]
2025-10-04 19:36:15 [http-nio-8080-exec-3] DEBUG o.s.w.s.m.m.a.HttpEntityMethodProcessor - Using 'application/json', given [*/*] and supported [application/json, application/*+json]
2025-10-04 19:36:15 [http-nio-8080-exec-3] DEBUG o.s.w.s.m.m.a.HttpEntityMethodProcessor - Writing [com.WMS_spiders_wholesale_system.dto.OrderDTO@2ccf3ed3]
2025-10-04 19:36:15 [http-nio-8080-exec-3] DEBUG o.s.web.servlet.DispatcherServlet - Completed 200 OK
2025-10-04 19:36:21 [http-nio-8080-exec-5] DEBUG o.s.web.servlet.DispatcherServlet - GET "/api/customers?size=100", parameters={masked}
2025-10-04 19:36:21 [http-nio-8080-exec-6] DEBUG o.s.web.servlet.DispatcherServlet - GET "/api/spiders?size=100&sortBy=typeName", parameters={masked}
2025-10-04 19:36:21 [http-nio-8080-exec-8] DEBUG o.s.web.servlet.DispatcherServlet - GET "/api/orders/b63f460c-b43a-4c3e-9719-e0d441918173", parameters={}
2025-10-04 19:36:21 [http-nio-8080-exec-5] DEBUG o.s.w.s.m.m.a.RequestMappingHandlerMapping - Mapped to com.WMS_spiders_wholesale_system.controller.CustomerController#getAllCustomers(int, int, String)
2025-10-04 19:36:21 [http-nio-8080-exec-6] DEBUG o.s.w.s.m.m.a.RequestMappingHandlerMapping - Mapped to com.WMS_spiders_wholesale_system.controller.SpiderController#getAllSpiders(int, int, String)
2025-10-04 19:36:21 [http-nio-8080-exec-8] DEBUG o.s.w.s.m.m.a.RequestMappingHandlerMapping - Mapped to com.WMS_spiders_wholesale_system.controller.OrderController#getOrderById(UUID)
2025-10-04 19:36:21 [http-nio-8080-exec-6] DEBUG org.hibernate.SQL - select s1_0.id,s1_0.gender,s1_0.is_cites,s1_0.order_id,s1_0.price,s1_0.quantity,s1_0.size,s1_0.species_name,s1_0.type_name from spiders s1_0 order by s1_0.type_name limit ?,?
2025-10-04 19:36:21 [http-nio-8080-exec-5] DEBUG org.hibernate.SQL - select c1_0.id,c1_0.address,c1_0.email,c1_0.first_name,c1_0.last_name,c1_0.parcel_locker,c1_0.telephone from customers c1_0 order by c1_0.id limit ?,?
2025-10-04 19:36:21 [http-nio-8080-exec-8] DEBUG org.hibernate.SQL - select o1_0.id,o1_0.courier_company,c1_0.id,c1_0.address,c1_0.email,c1_0.first_name,c1_0.last_name,c1_0.parcel_locker,c1_0.telephone,o1_0.date,o1_0.price,o1_0.self_collection,o1_0.shipment_number,o1_0.status,os1_0.order_id,os1_0.id,os1_0.quantity,os1_0.spider_id from orders o1_0 left join customers c1_0 on c1_0.id=o1_0.customer_id left join ordered_spiders os1_0 on o1_0.id=os1_0.order_id where o1_0.id=?
2025-10-04 19:36:21 [http-nio-8080-exec-5] TRACE org.hibernate.orm.jdbc.bind - binding parameter (1:INTEGER) <- [0]
2025-10-04 19:36:21 [http-nio-8080-exec-6] TRACE org.hibernate.orm.jdbc.bind - binding parameter (1:INTEGER) <- [0]
2025-10-04 19:36:21 [http-nio-8080-exec-5] TRACE org.hibernate.orm.jdbc.bind - binding parameter (2:INTEGER) <- [100]
2025-10-04 19:36:21 [http-nio-8080-exec-6] TRACE org.hibernate.orm.jdbc.bind - binding parameter (2:INTEGER) <- [100]
2025-10-04 19:36:21 [http-nio-8080-exec-8] TRACE org.hibernate.orm.jdbc.bind - binding parameter (1:VARCHAR) <- [b63f460c-b43a-4c3e-9719-e0d441918173]
2025-10-04 19:36:21 [http-nio-8080-exec-8] DEBUG org.hibernate.SQL - select s1_0.id,s1_0.gender,s1_0.is_cites,o1_0.id,o1_0.courier_company,o1_0.customer_id,o1_0.date,o1_0.price,o1_0.self_collection,o1_0.shipment_number,o1_0.status,s1_0.price,s1_0.quantity,s1_0.size,s1_0.species_name,s1_0.type_name from spiders s1_0 left join orders o1_0 on o1_0.id=s1_0.order_id where s1_0.id=?
2025-10-04 19:36:21 [http-nio-8080-exec-5] DEBUG o.s.w.s.m.m.a.HttpEntityMethodProcessor - Using 'application/json', given [*/*] and supported [application/json, application/*+json]
2025-10-04 19:36:21 [http-nio-8080-exec-5] DEBUG o.s.w.s.m.m.a.HttpEntityMethodProcessor - Writing [Page 1 of 1 containing com.WMS_spiders_wholesale_system.dto.CustomerDTO instances]
2025-10-04 19:36:21 [http-nio-8080-exec-8] TRACE org.hibernate.orm.jdbc.bind - binding parameter (1:VARCHAR) <- [26b59160-730e-4c8f-9dc4-f70d5548d1cb]
2025-10-04 19:36:21 [http-nio-8080-exec-5] DEBUG o.s.web.servlet.DispatcherServlet - Completed 200 OK
2025-10-04 19:36:21 [http-nio-8080-exec-8] DEBUG o.s.w.s.m.m.a.HttpEntityMethodProcessor - Using 'application/json', given [*/*] and supported [application/json, application/*+json]
2025-10-04 19:36:21 [http-nio-8080-exec-8] DEBUG o.s.w.s.m.m.a.HttpEntityMethodProcessor - Writing [com.WMS_spiders_wholesale_system.dto.OrderDTO@694614d7]
2025-10-04 19:36:21 [http-nio-8080-exec-6] DEBUG o.s.w.s.m.m.a.HttpEntityMethodProcessor - Using 'application/json', given [*/*] and supported [application/json, application/*+json]
2025-10-04 19:36:21 [http-nio-8080-exec-8] DEBUG o.s.web.servlet.DispatcherServlet - Completed 200 OK
2025-10-04 19:36:21 [http-nio-8080-exec-6] DEBUG o.s.w.s.m.m.a.HttpEntityMethodProcessor - Writing [Page 1 of 1 containing com.WMS_spiders_wholesale_system.dto.SpiderDTO instances]
2025-10-04 19:36:21 [http-nio-8080-exec-6] DEBUG o.s.web.servlet.DispatcherServlet - Completed 200 OK
2025-10-04 19:36:21 [http-nio-8080-exec-9] DEBUG o.s.web.servlet.DispatcherServlet - GET "/api/spiders?size=100&sortBy=typeName", parameters={masked}
2025-10-04 19:36:21 [http-nio-8080-exec-9] DEBUG o.s.w.s.m.m.a.RequestMappingHandlerMapping - Mapped to com.WMS_spiders_wholesale_system.controller.SpiderController#getAllSpiders(int, int, String)
2025-10-04 19:36:21 [http-nio-8080-exec-9] DEBUG org.hibernate.SQL - select s1_0.id,s1_0.gender,s1_0.is_cites,s1_0.order_id,s1_0.price,s1_0.quantity,s1_0.size,s1_0.species_name,s1_0.type_name from spiders s1_0 order by s1_0.type_name limit ?,?
2025-10-04 19:36:21 [http-nio-8080-exec-9] TRACE org.hibernate.orm.jdbc.bind - binding parameter (1:INTEGER) <- [0]
2025-10-04 19:36:21 [http-nio-8080-exec-9] TRACE org.hibernate.orm.jdbc.bind - binding parameter (2:INTEGER) <- [100]
2025-10-04 19:36:21 [http-nio-8080-exec-9] DEBUG o.s.w.s.m.m.a.HttpEntityMethodProcessor - Using 'application/json', given [*/*] and supported [application/json, application/*+json]
2025-10-04 19:36:21 [http-nio-8080-exec-9] DEBUG o.s.w.s.m.m.a.HttpEntityMethodProcessor - Writing [Page 1 of 1 containing com.WMS_spiders_wholesale_system.dto.SpiderDTO instances]
2025-10-04 19:36:21 [http-nio-8080-exec-9] DEBUG o.s.web.servlet.DispatcherServlet - Completed 200 OK
2025-10-04 19:36:26 [http-nio-8080-exec-2] DEBUG o.s.web.servlet.DispatcherServlet - PUT "/api/orders/b63f460c-b43a-4c3e-9719-e0d441918173", parameters={}
2025-10-04 19:36:26 [http-nio-8080-exec-2] DEBUG o.s.w.s.m.m.a.RequestMappingHandlerMapping - Mapped to com.WMS_spiders_wholesale_system.controller.OrderController#updateOrder(UUID, OrderDTO)
2025-10-04 19:36:26 [http-nio-8080-exec-2] DEBUG o.s.w.s.m.m.a.RequestResponseBodyMethodProcessor - Read "application/json;charset=UTF-8" to [com.WMS_spiders_wholesale_system.dto.OrderDTO@18af94b7]
2025-10-04 19:36:26 [http-nio-8080-exec-2] INFO  c.W.controller.OrderController - Received request to update order with ID: b63f460c-b43a-4c3e-9719-e0d441918173
2025-10-04 19:36:26 [http-nio-8080-exec-2] DEBUG org.hibernate.SQL - select o1_0.id,o1_0.courier_company,c1_0.id,c1_0.address,c1_0.email,c1_0.first_name,c1_0.last_name,c1_0.parcel_locker,c1_0.telephone,o1_0.date,o1_0.price,o1_0.self_collection,o1_0.shipment_number,o1_0.status,os1_0.order_id,os1_0.id,os1_0.quantity,os1_0.spider_id from orders o1_0 left join customers c1_0 on c1_0.id=o1_0.customer_id left join ordered_spiders os1_0 on o1_0.id=os1_0.order_id where o1_0.id=?
2025-10-04 19:36:26 [http-nio-8080-exec-2] TRACE org.hibernate.orm.jdbc.bind - binding parameter (1:VARCHAR) <- [b63f460c-b43a-4c3e-9719-e0d441918173]
2025-10-04 19:36:26 [http-nio-8080-exec-2] DEBUG org.hibernate.SQL - select s1_0.id,s1_0.gender,s1_0.is_cites,o1_0.id,o1_0.courier_company,o1_0.customer_id,o1_0.date,o1_0.price,o1_0.self_collection,o1_0.shipment_number,o1_0.status,s1_0.price,s1_0.quantity,s1_0.size,s1_0.species_name,s1_0.type_name from spiders s1_0 left join orders o1_0 on o1_0.id=s1_0.order_id where s1_0.id=?
2025-10-04 19:36:26 [http-nio-8080-exec-2] TRACE org.hibernate.orm.jdbc.bind - binding parameter (1:VARCHAR) <- [26b59160-730e-4c8f-9dc4-f70d5548d1cb]
2025-10-04 19:36:26 [http-nio-8080-exec-2] DEBUG org.hibernate.SQL - insert into ordered_spiders (order_id,quantity,spider_id,id) values (?,?,?,?)
2025-10-04 19:36:26 [http-nio-8080-exec-2] TRACE org.hibernate.orm.jdbc.bind - binding parameter (1:VARCHAR) <- [b63f460c-b43a-4c3e-9719-e0d441918173]
2025-10-04 19:36:26 [http-nio-8080-exec-2] TRACE org.hibernate.orm.jdbc.bind - binding parameter (2:INTEGER) <- [7]
2025-10-04 19:36:26 [http-nio-8080-exec-2] TRACE org.hibernate.orm.jdbc.bind - binding parameter (3:VARCHAR) <- [26b59160-730e-4c8f-9dc4-f70d5548d1cb]
2025-10-04 19:36:26 [http-nio-8080-exec-2] TRACE org.hibernate.orm.jdbc.bind - binding parameter (4:VARCHAR) <- [9bde7520-5a3b-412e-a92c-abf23cbb0eb1]
2025-10-04 19:36:26 [http-nio-8080-exec-2] DEBUG org.hibernate.SQL - update orders set courier_company=?,customer_id=?,date=?,price=?,self_collection=?,shipment_number=?,status=? where id=?
2025-10-04 19:36:26 [http-nio-8080-exec-2] TRACE org.hibernate.orm.jdbc.bind - binding parameter (1:ENUM) <- [DPD]
2025-10-04 19:36:26 [http-nio-8080-exec-2] TRACE org.hibernate.orm.jdbc.bind - binding parameter (2:VARCHAR) <- [c0c379fb-9802-4abb-ae49-97a9ae87160c]
2025-10-04 19:36:26 [http-nio-8080-exec-2] TRACE org.hibernate.orm.jdbc.bind - binding parameter (3:DATE) <- [2025-10-04]
2025-10-04 19:36:26 [http-nio-8080-exec-2] TRACE org.hibernate.orm.jdbc.bind - binding parameter (4:DOUBLE) <- [1050.0]
2025-10-04 19:36:26 [http-nio-8080-exec-2] TRACE org.hibernate.orm.jdbc.bind - binding parameter (5:BOOLEAN) <- [false]
2025-10-04 19:36:26 [http-nio-8080-exec-2] TRACE org.hibernate.orm.jdbc.bind - binding parameter (6:VARCHAR) <- []
2025-10-04 19:36:26 [http-nio-8080-exec-2] TRACE org.hibernate.orm.jdbc.bind - binding parameter (7:ENUM) <- [COMPLETED]
2025-10-04 19:36:26 [http-nio-8080-exec-2] TRACE org.hibernate.orm.jdbc.bind - binding parameter (8:VARCHAR) <- [b63f460c-b43a-4c3e-9719-e0d441918173]
2025-10-04 19:36:26 [http-nio-8080-exec-2] DEBUG org.hibernate.SQL - delete from ordered_spiders where id=?
2025-10-04 19:36:26 [http-nio-8080-exec-2] TRACE org.hibernate.orm.jdbc.bind - binding parameter (1:VARCHAR) <- [75c1a7b1-0944-4432-b8ef-48470d1de713]
2025-10-04 19:36:26 [http-nio-8080-exec-2] DEBUG o.s.w.s.m.m.a.HttpEntityMethodProcessor - Using 'application/json', given [*/*] and supported [application/json, application/*+json]
2025-10-04 19:36:26 [http-nio-8080-exec-2] DEBUG o.s.w.s.m.m.a.HttpEntityMethodProcessor - Writing [com.WMS_spiders_wholesale_system.dto.OrderDTO@1426996c]
2025-10-04 19:36:26 [http-nio-8080-exec-2] DEBUG o.s.web.servlet.DispatcherServlet - Completed 200 OK
2025-10-04 19:36:26 [http-nio-8080-exec-3] DEBUG o.s.web.servlet.DispatcherServlet - GET "/api/orders?size=1000", parameters={masked}
2025-10-04 19:36:26 [http-nio-8080-exec-3] DEBUG o.s.w.s.m.m.a.RequestMappingHandlerMapping - Mapped to com.WMS_spiders_wholesale_system.controller.OrderController#getAllOrders(int, int, String, String)
2025-10-04 19:36:26 [http-nio-8080-exec-3] DEBUG org.hibernate.SQL - select o1_0.id,o1_0.courier_company,c1_0.id,c1_0.address,c1_0.email,c1_0.first_name,c1_0.last_name,c1_0.parcel_locker,c1_0.telephone,o1_0.date,os1_0.order_id,os1_0.id,os1_0.quantity,os1_0.spider_id,o1_0.price,o1_0.self_collection,o1_0.shipment_number,o1_0.status from orders o1_0 left join customers c1_0 on c1_0.id=o1_0.customer_id left join ordered_spiders os1_0 on o1_0.id=os1_0.order_id order by o1_0.date desc
2025-10-04 19:36:26 [http-nio-8080-exec-3] DEBUG org.hibernate.SQL - select s1_0.id,s1_0.gender,s1_0.is_cites,o1_0.id,o1_0.courier_company,o1_0.customer_id,o1_0.date,o1_0.price,o1_0.self_collection,o1_0.shipment_number,o1_0.status,s1_0.price,s1_0.quantity,s1_0.size,s1_0.species_name,s1_0.type_name from spiders s1_0 left join orders o1_0 on o1_0.id=s1_0.order_id where s1_0.id=?
2025-10-04 19:36:26 [http-nio-8080-exec-3] TRACE org.hibernate.orm.jdbc.bind - binding parameter (1:VARCHAR) <- [26b59160-730e-4c8f-9dc4-f70d5548d1cb]
2025-10-04 19:36:26 [http-nio-8080-exec-3] DEBUG org.hibernate.SQL - select s1_0.id,s1_0.gender,s1_0.is_cites,o1_0.id,o1_0.courier_company,o1_0.customer_id,o1_0.date,o1_0.price,o1_0.self_collection,o1_0.shipment_number,o1_0.status,s1_0.price,s1_0.quantity,s1_0.size,s1_0.species_name,s1_0.type_name from spiders s1_0 left join orders o1_0 on o1_0.id=s1_0.order_id where s1_0.id=?
2025-10-04 19:36:26 [http-nio-8080-exec-3] TRACE org.hibernate.orm.jdbc.bind - binding parameter (1:VARCHAR) <- [1be47209-644e-4c77-ad21-ebaaac7a0b1a]
2025-10-04 19:36:26 [http-nio-8080-exec-3] DEBUG org.hibernate.SQL - select s1_0.id,s1_0.gender,s1_0.is_cites,o1_0.id,o1_0.courier_company,o1_0.customer_id,o1_0.date,o1_0.price,o1_0.self_collection,o1_0.shipment_number,o1_0.status,s1_0.price,s1_0.quantity,s1_0.size,s1_0.species_name,s1_0.type_name from spiders s1_0 left join orders o1_0 on o1_0.id=s1_0.order_id where s1_0.id=?
2025-10-04 19:36:26 [http-nio-8080-exec-3] TRACE org.hibernate.orm.jdbc.bind - binding parameter (1:VARCHAR) <- [6e0ab419-40be-4ba0-9476-8f93adc93515]
2025-10-04 19:36:26 [http-nio-8080-exec-3] DEBUG org.hibernate.SQL - select s1_0.id,s1_0.gender,s1_0.is_cites,o1_0.id,o1_0.courier_company,o1_0.customer_id,o1_0.date,o1_0.price,o1_0.self_collection,o1_0.shipment_number,o1_0.status,s1_0.price,s1_0.quantity,s1_0.size,s1_0.species_name,s1_0.type_name from spiders s1_0 left join orders o1_0 on o1_0.id=s1_0.order_id where s1_0.id=?
2025-10-04 19:36:26 [http-nio-8080-exec-3] TRACE org.hibernate.orm.jdbc.bind - binding parameter (1:VARCHAR) <- [e824a860-23eb-423d-ac8c-956329b1590d]
2025-10-04 19:36:26 [http-nio-8080-exec-3] DEBUG org.hibernate.SQL - select s1_0.id,s1_0.gender,s1_0.is_cites,o1_0.id,o1_0.courier_company,o1_0.customer_id,o1_0.date,o1_0.price,o1_0.self_collection,o1_0.shipment_number,o1_0.status,s1_0.price,s1_0.quantity,s1_0.size,s1_0.species_name,s1_0.type_name from spiders s1_0 left join orders o1_0 on o1_0.id=s1_0.order_id where s1_0.id=?
2025-10-04 19:36:26 [http-nio-8080-exec-3] TRACE org.hibernate.orm.jdbc.bind - binding parameter (1:VARCHAR) <- [0a29df47-6372-403c-a55f-6be46a64d83c]
2025-10-04 19:36:26 [http-nio-8080-exec-3] DEBUG org.hibernate.SQL - select s1_0.id,s1_0.gender,s1_0.is_cites,o1_0.id,o1_0.courier_company,o1_0.customer_id,o1_0.date,o1_0.price,o1_0.self_collection,o1_0.shipment_number,o1_0.status,s1_0.price,s1_0.quantity,s1_0.size,s1_0.species_name,s1_0.type_name from spiders s1_0 left join orders o1_0 on o1_0.id=s1_0.order_id where s1_0.id=?
2025-10-04 19:36:26 [http-nio-8080-exec-3] TRACE org.hibernate.orm.jdbc.bind - binding parameter (1:VARCHAR) <- [7d2670e4-f537-4b73-81e2-649301cb2c48]
2025-10-04 19:36:26 [http-nio-8080-exec-3] DEBUG org.hibernate.SQL - select s1_0.id,s1_0.gender,s1_0.is_cites,o1_0.id,o1_0.courier_company,o1_0.customer_id,o1_0.date,o1_0.price,o1_0.self_collection,o1_0.shipment_number,o1_0.status,s1_0.price,s1_0.quantity,s1_0.size,s1_0.species_name,s1_0.type_name from spiders s1_0 left join orders o1_0 on o1_0.id=s1_0.order_id where s1_0.id=?
2025-10-04 19:36:26 [http-nio-8080-exec-3] TRACE org.hibernate.orm.jdbc.bind - binding parameter (1:VARCHAR) <- [c77e1e3d-ca26-4927-98bf-847756cddfe2]
2025-10-04 19:36:26 [http-nio-8080-exec-3] DEBUG o.s.w.s.m.m.a.HttpEntityMethodProcessor - Using 'application/json', given [*/*] and supported [application/json, application/*+json]
2025-10-04 19:36:26 [http-nio-8080-exec-3] DEBUG o.s.w.s.m.m.a.HttpEntityMethodProcessor - Writing [Page 1 of 1 containing com.WMS_spiders_wholesale_system.dto.OrderDTO instances]
2025-10-04 19:36:26 [http-nio-8080-exec-3] DEBUG o.s.web.servlet.DispatcherServlet - Completed 200 OK
2025-10-04 19:54:43 [HikariPool-1:housekeeper] WARN  com.zaxxer.hikari.pool.HikariPool - HikariPool-1 - Thread starvation or clock leap detected (housekeeper delta=18m12s20ms).
2025-10-04 20:15:40 [HikariPool-1:housekeeper] WARN  com.zaxxer.hikari.pool.HikariPool - HikariPool-1 - Thread starvation or clock leap detected (housekeeper delta=16m56s807ms).
2025-10-04 20:46:12 [HikariPool-1:housekeeper] WARN  com.zaxxer.hikari.pool.HikariPool - HikariPool-1 - Thread starvation or clock leap detected (housekeeper delta=30m32s330ms).
2025-10-04 21:19:30 [HikariPool-1:housekeeper] WARN  com.zaxxer.hikari.pool.HikariPool - HikariPool-1 - Thread starvation or clock leap detected (housekeeper delta=33m18s229ms).
2025-10-04 22:15:00 [HikariPool-1:housekeeper] WARN  com.zaxxer.hikari.pool.HikariPool - HikariPool-1 - Thread starvation or clock leap detected (housekeeper delta=55m29s807ms).
2025-10-04 22:33:03 [HikariPool-1:housekeeper] WARN  com.zaxxer.hikari.pool.HikariPool - HikariPool-1 - Thread starvation or clock leap detected (housekeeper delta=18m2s925ms).
2025-10-04 22:34:48 [HikariPool-1:housekeeper] WARN  com.zaxxer.hikari.pool.HikariPool - HikariPool-1 - Thread starvation or clock leap detected (housekeeper delta=1m44s319ms).
2025-10-04 22:36:17 [HikariPool-1:housekeeper] WARN  com.zaxxer.hikari.pool.HikariPool - HikariPool-1 - Thread starvation or clock leap detected (housekeeper delta=1m29s106ms).
2025-10-04 22:37:49 [HikariPool-1:housekeeper] WARN  com.zaxxer.hikari.pool.HikariPool - HikariPool-1 - Thread starvation or clock leap detected (housekeeper delta=1m32s410ms).
2025-10-04 22:45:28 [HikariPool-1:housekeeper] WARN  com.zaxxer.hikari.pool.HikariPool - HikariPool-1 - Thread starvation or clock leap detected (housekeeper delta=7m39s436ms).
